ERROR [AWT-EventQueue-0] 2017-10-16 20:14:56,361 repast.simphony.ui.RSApplication - Error while initializing simulation
java.lang.ArrayIndexOutOfBoundsException: 6
	at immunity.CellBuilder.loadFromCsv(CellBuilder.java:288)
	at immunity.CellBuilder.build(CellBuilder.java:78)
	at repast.simphony.dataLoader.engine.ClassNameContextBuilder.build(ClassNameContextBuilder.java:41)
	at repast.simphony.dataLoader.engine.DataLoaderControllerAction.runInitialize(DataLoaderControllerAction.java:48)
	at repast.simphony.engine.controller.DefaultController$2.visit(DefaultController.java:214)
	at repast.simphony.engine.controller.DefaultController$2.visit(DefaultController.java:1)
	at repast.simphony.util.collections.NaryTree.preOrderTraverals(NaryTree.java:292)
	at repast.simphony.util.collections.NaryTree.preOrderTraverals(NaryTree.java:295)
	at repast.simphony.util.collections.NaryTree.preOrderTraverals(NaryTree.java:295)
	at repast.simphony.util.collections.NaryTree.preOrderTraversal(NaryTree.java:288)
	at repast.simphony.engine.controller.DefaultController.runInitialize(DefaultController.java:212)
	at repast.simphony.engine.controller.DefaultController.runInitialize(DefaultController.java:383)
	at repast.simphony.ui.RSApplication.initSim(RSApplication.java:157)
	at repast.simphony.ui.action.InitRun.actionPerformed(InitRun.java:17)
	at javax.swing.AbstractButton.fireActionPerformed(Unknown Source)
	at javax.swing.AbstractButton$Handler.actionPerformed(Unknown Source)
	at javax.swing.DefaultButtonModel.fireActionPerformed(Unknown Source)
	at javax.swing.DefaultButtonModel.setPressed(Unknown Source)
	at javax.swing.plaf.basic.BasicButtonListener.mouseReleased(Unknown Source)
	at java.awt.AWTEventMulticaster.mouseReleased(Unknown Source)
	at java.awt.Component.processMouseEvent(Unknown Source)
	at javax.swing.JComponent.processMouseEvent(Unknown Source)
	at java.awt.Component.processEvent(Unknown Source)
	at java.awt.Container.processEvent(Unknown Source)
	at java.awt.Component.dispatchEventImpl(Unknown Source)
	at java.awt.Container.dispatchEventImpl(Unknown Source)
	at java.awt.Component.dispatchEvent(Unknown Source)
	at java.awt.LightweightDispatcher.retargetMouseEvent(Unknown Source)
	at java.awt.LightweightDispatcher.processMouseEvent(Unknown Source)
	at java.awt.LightweightDispatcher.dispatchEvent(Unknown Source)
	at java.awt.Container.dispatchEventImpl(Unknown Source)
	at java.awt.Window.dispatchEventImpl(Unknown Source)
	at java.awt.Component.dispatchEvent(Unknown Source)
	at java.awt.EventQueue.dispatchEventImpl(Unknown Source)
	at java.awt.EventQueue.access$500(Unknown Source)
	at java.awt.EventQueue$3.run(Unknown Source)
	at java.awt.EventQueue$3.run(Unknown Source)
	at java.security.AccessController.doPrivileged(Native Method)
	at java.security.ProtectionDomain$JavaSecurityAccessImpl.doIntersectionPrivilege(Unknown Source)
	at java.security.ProtectionDomain$JavaSecurityAccessImpl.doIntersectionPrivilege(Unknown Source)
	at java.awt.EventQueue$4.run(Unknown Source)
	at java.awt.EventQueue$4.run(Unknown Source)
	at java.security.AccessController.doPrivileged(Native Method)
	at java.security.ProtectionDomain$JavaSecurityAccessImpl.doIntersectionPrivilege(Unknown Source)
	at java.awt.EventQueue.dispatchEvent(Unknown Source)
	at java.awt.EventDispatchThread.pumpOneEventForFilters(Unknown Source)
	at java.awt.EventDispatchThread.pumpEventsForFilter(Unknown Source)
	at java.awt.EventDispatchThread.pumpEventsForHierarchy(Unknown Source)
	at java.awt.EventDispatchThread.pumpEvents(Unknown Source)
	at java.awt.EventDispatchThread.pumpEvents(Unknown Source)
	at java.awt.EventDispatchThread.run(Unknown Source)
FATAL [Thread-7] 2017-10-18 14:59:24,697 repast.simphony.ui.GUIScheduleRunner - RunTimeException when running the schedule
Current tick (2.0)
java.lang.RuntimeException: java.lang.reflect.InvocationTargetException
	at repast.simphony.engine.schedule.DynamicTargetAction.execute(DynamicTargetAction.java:72)
	at repast.simphony.engine.controller.ScheduledMethodControllerAction$ScheduleMethodAllAction.execute(ScheduledMethodControllerAction.java:333)
	at repast.simphony.engine.schedule.DefaultAction.execute(DefaultAction.java:38)
	at repast.simphony.engine.schedule.ScheduleGroup.executeList(ScheduleGroup.java:205)
	at repast.simphony.engine.schedule.ScheduleGroup.execute(ScheduleGroup.java:231)
	at repast.simphony.engine.schedule.Schedule.execute(Schedule.java:352)
	at repast.simphony.ui.GUIScheduleRunner$ScheduleLoopRunnable.run(GUIScheduleRunner.java:52)
	at java.lang.Thread.run(Unknown Source)
Caused by: java.lang.reflect.InvocationTargetException
	at immunity.Endosome$$FastClassByCGLIB$$3ff3446a.invoke(<generated>)
	at net.sf.cglib.reflect.FastMethod.invoke(FastMethod.java:53)
	at repast.simphony.engine.schedule.DynamicTargetAction.execute(DynamicTargetAction.java:69)
	... 7 more
Caused by: java.lang.NullPointerException
	at immunity.EndosomeInternalVesicleStep.internalVesicle(EndosomeInternalVesicleStep.java:86)
	at immunity.Endosome.step(Endosome.java:148)
	... 10 more
FATAL [Thread-7] 2017-10-18 18:42:19,223 repast.simphony.ui.GUIScheduleRunner - RunTimeException when running the schedule
Current tick (5609.0)
java.lang.IllegalArgumentException: Color parameter outside of expected range: Red Blue
	at java.awt.Color.testColorValueRange(Unknown Source)
	at java.awt.Color.<init>(Unknown Source)
	at java.awt.Color.<init>(Unknown Source)
	at immunity.EndosomeStyle.getBorderColor(EndosomeStyle.java:144)
	at immunity.EndosomeStyle.getBorderColor(EndosomeStyle.java:1)
	at repast.simphony.visualizationOGL2D.StyledDisplayLayerOGL2D.applyStyle(StyledDisplayLayerOGL2D.java:67)
	at repast.simphony.visualizationOGL2D.StyledDisplayLayerOGL2D.updateSpatial(StyledDisplayLayerOGL2D.java:213)
	at repast.simphony.visualizationOGL2D.StyledDisplayLayerOGL2D.updateExistingSpatials(StyledDisplayLayerOGL2D.java:176)
	at repast.simphony.visualizationOGL2D.StyledDisplayLayerOGL2D.update(StyledDisplayLayerOGL2D.java:249)
	at repast.simphony.visualizationOGL2D.DisplayOGL2D.update(DisplayOGL2D.java:404)
	at repast.simphony.visualization.engine.DisplayComponentControllerAction$DisplayUpdater.execute(DisplayComponentControllerAction.java:44)
	at repast.simphony.engine.schedule.DefaultAction.execute(DefaultAction.java:38)
	at repast.simphony.engine.schedule.ScheduleGroup.executeList(ScheduleGroup.java:205)
	at repast.simphony.engine.schedule.ScheduleGroup.execute(ScheduleGroup.java:238)
	at repast.simphony.engine.schedule.Schedule.execute(Schedule.java:352)
	at repast.simphony.ui.GUIScheduleRunner$ScheduleLoopRunnable.run(GUIScheduleRunner.java:52)
	at java.lang.Thread.run(Unknown Source)
FATAL [Thread-7] 2017-10-25 14:02:30,657 repast.simphony.ui.GUIScheduleRunner - RunTimeException when running the schedule
Current tick (1.0)
java.lang.RuntimeException: java.lang.reflect.InvocationTargetException
	at repast.simphony.engine.schedule.DynamicTargetAction.execute(DynamicTargetAction.java:72)
	at repast.simphony.engine.controller.ScheduledMethodControllerAction$ScheduleMethodAllAction.execute(ScheduledMethodControllerAction.java:333)
	at repast.simphony.engine.schedule.DefaultAction.execute(DefaultAction.java:38)
	at repast.simphony.engine.schedule.ScheduleGroup.executeList(ScheduleGroup.java:205)
	at repast.simphony.engine.schedule.ScheduleGroup.execute(ScheduleGroup.java:231)
	at repast.simphony.engine.schedule.Schedule.execute(Schedule.java:352)
	at repast.simphony.ui.GUIScheduleRunner$ScheduleLoopRunnable.run(GUIScheduleRunner.java:52)
	at java.lang.Thread.run(Unknown Source)
Caused by: java.lang.reflect.InvocationTargetException
	at immunity.Endosome$$FastClassByCGLIB$$3ff3446a.invoke(<generated>)
	at net.sf.cglib.reflect.FastMethod.invoke(FastMethod.java:53)
	at repast.simphony.engine.schedule.DynamicTargetAction.execute(DynamicTargetAction.java:69)
	... 7 more
Caused by: gov.nasa.worldwind.exception.WWRuntimeException: Exception while reading {0}
	at gov.nasa.worldwind.formats.json.JSONDoc.<init>(Unknown Source)
	at immunity.Endosome.step(Endosome.java:143)
	... 10 more
Caused by: java.lang.IllegalArgumentException: Unrecognized source type {}
	at gov.nasa.worldwind.util.WWIO.openStream(Unknown Source)
	at gov.nasa.worldwind.formats.json.JSONDoc.initialize(Unknown Source)
	... 12 more
FATAL [Thread-7] 2017-10-25 14:03:00,852 repast.simphony.ui.GUIScheduleRunner - RunTimeException when running the schedule
Current tick (1.0)
java.lang.RuntimeException: java.lang.reflect.InvocationTargetException
	at repast.simphony.engine.schedule.DynamicTargetAction.execute(DynamicTargetAction.java:72)
	at repast.simphony.engine.controller.ScheduledMethodControllerAction$ScheduleMethodAllAction.execute(ScheduledMethodControllerAction.java:333)
	at repast.simphony.engine.schedule.DefaultAction.execute(DefaultAction.java:38)
	at repast.simphony.engine.schedule.ScheduleGroup.executeList(ScheduleGroup.java:205)
	at repast.simphony.engine.schedule.ScheduleGroup.execute(ScheduleGroup.java:231)
	at repast.simphony.engine.schedule.Schedule.execute(Schedule.java:352)
	at repast.simphony.ui.GUIScheduleRunner$ScheduleLoopRunnable.run(GUIScheduleRunner.java:52)
	at java.lang.Thread.run(Unknown Source)
Caused by: java.lang.reflect.InvocationTargetException
	at immunity.Endosome$$FastClassByCGLIB$$3ff3446a.invoke(<generated>)
	at net.sf.cglib.reflect.FastMethod.invoke(FastMethod.java:53)
	at repast.simphony.engine.schedule.DynamicTargetAction.execute(DynamicTargetAction.java:69)
	... 7 more
Caused by: gov.nasa.worldwind.exception.WWRuntimeException: Exception while reading {0}
	at gov.nasa.worldwind.formats.json.JSONDoc.<init>(Unknown Source)
	at immunity.Endosome.step(Endosome.java:143)
	... 10 more
Caused by: java.lang.IllegalArgumentException: Unrecognized source type {}
	at gov.nasa.worldwind.util.WWIO.openStream(Unknown Source)
	at gov.nasa.worldwind.formats.json.JSONDoc.initialize(Unknown Source)
	... 12 more
FATAL [Thread-7] 2017-11-01 10:44:53,215 repast.simphony.ui.GUIScheduleRunner - RunTimeException when running the schedule
Current tick (7001.0)
java.lang.RuntimeException: java.lang.reflect.InvocationTargetException
	at repast.simphony.engine.schedule.DynamicTargetAction.execute(DynamicTargetAction.java:72)
	at repast.simphony.engine.controller.ScheduledMethodControllerAction$ScheduleMethodAllAction.execute(ScheduledMethodControllerAction.java:333)
	at repast.simphony.engine.schedule.DefaultAction.execute(DefaultAction.java:38)
	at repast.simphony.engine.schedule.ScheduleGroup.executeList(ScheduleGroup.java:205)
	at repast.simphony.engine.schedule.ScheduleGroup.execute(ScheduleGroup.java:231)
	at repast.simphony.engine.schedule.Schedule.execute(Schedule.java:352)
	at repast.simphony.ui.GUIScheduleRunner$ScheduleLoopRunnable.run(GUIScheduleRunner.java:52)
	at java.lang.Thread.run(Unknown Source)
Caused by: java.lang.reflect.InvocationTargetException
	at immunity.Results$$FastClassByCGLIB$$696d0d34.invoke(<generated>)
	at net.sf.cglib.reflect.FastMethod.invoke(FastMethod.java:53)
	at repast.simphony.engine.schedule.DynamicTargetAction.execute(DynamicTargetAction.java:69)
	... 7 more
Caused by: java.lang.NullPointerException
	at immunity.Results.contentDistribution(Results.java:182)
	at immunity.Results.step(Results.java:86)
	... 10 more
FATAL [Thread-7] 2017-11-06 11:11:09,070 repast.simphony.ui.GUIScheduleRunner - RunTimeException when running the schedule
Current tick (250702.0)
java.nio.BufferUnderflowException
	at java.nio.DirectFloatBufferU.get(Unknown Source)
	at java.nio.FloatBuffer.get(Unknown Source)
	at saf.v3d.util.Utils3D.createBoundingSphere(Utils3D.java:178)
	at saf.v3d.render.LineShape.<init>(LineShape.java:25)
	at saf.v3d.render.LineListRenderer.createShape(LineListRenderer.java:137)
	at saf.v3d.ShapeFactory2D.createShape(ShapeFactory2D.java:371)
	at saf.v3d.ShapeFactory2D.createShape(ShapeFactory2D.java:356)
	at immunity.EndosomeStyle.getVSpatial(EndosomeStyle.java:76)
	at immunity.EndosomeStyle.getVSpatial(EndosomeStyle.java:1)
	at repast.simphony.visualizationOGL2D.StyledDisplayLayerOGL2D.createSpatial(StyledDisplayLayerOGL2D.java:146)
	at repast.simphony.visualizationOGL2D.StyledDisplayLayerOGL2D.processAdded(StyledDisplayLayerOGL2D.java:228)
	at repast.simphony.visualizationOGL2D.StyledDisplayLayerOGL2D.update(StyledDisplayLayerOGL2D.java:250)
	at repast.simphony.visualizationOGL2D.DisplayOGL2D.update(DisplayOGL2D.java:404)
	at repast.simphony.visualization.engine.DisplayComponentControllerAction$DisplayUpdater.execute(DisplayComponentControllerAction.java:44)
	at repast.simphony.engine.schedule.DefaultAction.execute(DefaultAction.java:38)
	at repast.simphony.engine.schedule.ScheduleGroup.executeList(ScheduleGroup.java:205)
	at repast.simphony.engine.schedule.ScheduleGroup.execute(ScheduleGroup.java:238)
	at repast.simphony.engine.schedule.Schedule.execute(Schedule.java:352)
	at repast.simphony.ui.GUIScheduleRunner$ScheduleLoopRunnable.run(GUIScheduleRunner.java:52)
	at java.lang.Thread.run(Unknown Source)
FATAL [Thread-7] 2017-11-06 13:02:12,252 repast.simphony.ui.GUIScheduleRunner - RunTimeException when running the schedule
Current tick (11741.0)
java.nio.BufferUnderflowException
	at java.nio.DirectFloatBufferU.get(Unknown Source)
	at java.nio.FloatBuffer.get(Unknown Source)
	at saf.v3d.util.Utils3D.createBoundingSphere(Utils3D.java:178)
	at saf.v3d.render.LineShape.<init>(LineShape.java:25)
	at saf.v3d.render.LineListRenderer.createShape(LineListRenderer.java:137)
	at saf.v3d.ShapeFactory2D.createShape(ShapeFactory2D.java:371)
	at saf.v3d.ShapeFactory2D.createShape(ShapeFactory2D.java:356)
	at immunity.EndosomeStyle.getVSpatial(EndosomeStyle.java:76)
	at immunity.EndosomeStyle.getVSpatial(EndosomeStyle.java:1)
	at repast.simphony.visualizationOGL2D.StyledDisplayLayerOGL2D.createSpatial(StyledDisplayLayerOGL2D.java:146)
	at repast.simphony.visualizationOGL2D.StyledDisplayLayerOGL2D.processAdded(StyledDisplayLayerOGL2D.java:228)
	at repast.simphony.visualizationOGL2D.StyledDisplayLayerOGL2D.update(StyledDisplayLayerOGL2D.java:250)
	at repast.simphony.visualizationOGL2D.DisplayOGL2D.update(DisplayOGL2D.java:404)
	at repast.simphony.visualization.engine.DisplayComponentControllerAction$DisplayUpdater.execute(DisplayComponentControllerAction.java:44)
	at repast.simphony.engine.schedule.DefaultAction.execute(DefaultAction.java:38)
	at repast.simphony.engine.schedule.ScheduleGroup.executeList(ScheduleGroup.java:205)
	at repast.simphony.engine.schedule.ScheduleGroup.execute(ScheduleGroup.java:238)
	at repast.simphony.engine.schedule.Schedule.execute(Schedule.java:352)
	at repast.simphony.ui.GUIScheduleRunner$ScheduleLoopRunnable.run(GUIScheduleRunner.java:52)
	at java.lang.Thread.run(Unknown Source)
FATAL [Thread-7] 2017-11-06 13:24:18,643 repast.simphony.ui.GUIScheduleRunner - RunTimeException when running the schedule
Current tick (61212.0)
java.nio.BufferUnderflowException
	at java.nio.DirectFloatBufferU.get(Unknown Source)
	at java.nio.FloatBuffer.get(Unknown Source)
	at saf.v3d.util.Utils3D.createBoundingSphere(Utils3D.java:178)
	at saf.v3d.render.LineShape.<init>(LineShape.java:25)
	at saf.v3d.render.LineListRenderer.createShape(LineListRenderer.java:137)
	at saf.v3d.ShapeFactory2D.createShape(ShapeFactory2D.java:371)
	at saf.v3d.ShapeFactory2D.createShape(ShapeFactory2D.java:356)
	at immunity.EndosomeStyle.getVSpatial(EndosomeStyle.java:76)
	at immunity.EndosomeStyle.getVSpatial(EndosomeStyle.java:1)
	at repast.simphony.visualizationOGL2D.StyledDisplayLayerOGL2D.createSpatial(StyledDisplayLayerOGL2D.java:146)
	at repast.simphony.visualizationOGL2D.StyledDisplayLayerOGL2D.processAdded(StyledDisplayLayerOGL2D.java:228)
	at repast.simphony.visualizationOGL2D.StyledDisplayLayerOGL2D.update(StyledDisplayLayerOGL2D.java:250)
	at repast.simphony.visualizationOGL2D.DisplayOGL2D.update(DisplayOGL2D.java:404)
	at repast.simphony.visualization.engine.DisplayComponentControllerAction$DisplayUpdater.execute(DisplayComponentControllerAction.java:44)
	at repast.simphony.engine.schedule.DefaultAction.execute(DefaultAction.java:38)
	at repast.simphony.engine.schedule.ScheduleGroup.executeList(ScheduleGroup.java:205)
	at repast.simphony.engine.schedule.ScheduleGroup.execute(ScheduleGroup.java:238)
	at repast.simphony.engine.schedule.Schedule.execute(Schedule.java:352)
	at repast.simphony.ui.GUIScheduleRunner$ScheduleLoopRunnable.run(GUIScheduleRunner.java:52)
	at java.lang.Thread.run(Unknown Source)
FATAL [Thread-7] 2017-11-07 17:23:03,735 repast.simphony.ui.GUIScheduleRunner - RunTimeException when running the schedule
Current tick (31110.0)
java.nio.BufferUnderflowException
	at java.nio.DirectFloatBufferU.get(Unknown Source)
	at java.nio.FloatBuffer.get(Unknown Source)
	at saf.v3d.util.Utils3D.createBoundingSphere(Utils3D.java:178)
	at saf.v3d.render.LineShape.<init>(LineShape.java:25)
	at saf.v3d.render.LineListRenderer.createShape(LineListRenderer.java:137)
	at saf.v3d.ShapeFactory2D.createShape(ShapeFactory2D.java:371)
	at saf.v3d.ShapeFactory2D.createShape(ShapeFactory2D.java:356)
	at immunity.EndosomeStyle.getVSpatial(EndosomeStyle.java:76)
	at immunity.EndosomeStyle.getVSpatial(EndosomeStyle.java:1)
	at repast.simphony.visualizationOGL2D.StyledDisplayLayerOGL2D.createSpatial(StyledDisplayLayerOGL2D.java:146)
	at repast.simphony.visualizationOGL2D.StyledDisplayLayerOGL2D.processAdded(StyledDisplayLayerOGL2D.java:228)
	at repast.simphony.visualizationOGL2D.StyledDisplayLayerOGL2D.update(StyledDisplayLayerOGL2D.java:250)
	at repast.simphony.visualizationOGL2D.DisplayOGL2D.update(DisplayOGL2D.java:404)
	at repast.simphony.visualization.engine.DisplayComponentControllerAction$DisplayUpdater.execute(DisplayComponentControllerAction.java:44)
	at repast.simphony.engine.schedule.DefaultAction.execute(DefaultAction.java:38)
	at repast.simphony.engine.schedule.ScheduleGroup.executeList(ScheduleGroup.java:205)
	at repast.simphony.engine.schedule.ScheduleGroup.execute(ScheduleGroup.java:238)
	at repast.simphony.engine.schedule.Schedule.execute(Schedule.java:352)
	at repast.simphony.ui.GUIScheduleRunner$ScheduleLoopRunnable.run(GUIScheduleRunner.java:52)
	at java.lang.Thread.run(Unknown Source)
FATAL [Thread-7] 2017-11-07 17:30:00,910 repast.simphony.ui.GUIScheduleRunner - RunTimeException when running the schedule
Current tick (13172.0)
java.nio.BufferUnderflowException
	at java.nio.DirectFloatBufferU.get(Unknown Source)
	at java.nio.FloatBuffer.get(Unknown Source)
	at saf.v3d.util.Utils3D.createBoundingSphere(Utils3D.java:178)
	at saf.v3d.render.LineShape.<init>(LineShape.java:25)
	at saf.v3d.render.LineListRenderer.createShape(LineListRenderer.java:137)
	at saf.v3d.ShapeFactory2D.createShape(ShapeFactory2D.java:371)
	at saf.v3d.ShapeFactory2D.createShape(ShapeFactory2D.java:356)
	at immunity.EndosomeStyle.getVSpatial(EndosomeStyle.java:76)
	at immunity.EndosomeStyle.getVSpatial(EndosomeStyle.java:1)
	at repast.simphony.visualizationOGL2D.StyledDisplayLayerOGL2D.createSpatial(StyledDisplayLayerOGL2D.java:146)
	at repast.simphony.visualizationOGL2D.StyledDisplayLayerOGL2D.processAdded(StyledDisplayLayerOGL2D.java:228)
	at repast.simphony.visualizationOGL2D.StyledDisplayLayerOGL2D.update(StyledDisplayLayerOGL2D.java:250)
	at repast.simphony.visualizationOGL2D.DisplayOGL2D.update(DisplayOGL2D.java:404)
	at repast.simphony.visualization.engine.DisplayComponentControllerAction$DisplayUpdater.execute(DisplayComponentControllerAction.java:44)
	at repast.simphony.engine.schedule.DefaultAction.execute(DefaultAction.java:38)
	at repast.simphony.engine.schedule.ScheduleGroup.executeList(ScheduleGroup.java:205)
	at repast.simphony.engine.schedule.ScheduleGroup.execute(ScheduleGroup.java:238)
	at repast.simphony.engine.schedule.Schedule.execute(Schedule.java:352)
	at repast.simphony.ui.GUIScheduleRunner$ScheduleLoopRunnable.run(GUIScheduleRunner.java:52)
	at java.lang.Thread.run(Unknown Source)
FATAL [Thread-7] 2017-11-09 18:06:37,335 repast.simphony.ui.GUIScheduleRunner - RunTimeException when running the schedule
Current tick (42237.0)
java.nio.BufferUnderflowException
	at java.nio.DirectFloatBufferU.get(Unknown Source)
	at java.nio.FloatBuffer.get(Unknown Source)
	at saf.v3d.util.Utils3D.createBoundingSphere(Utils3D.java:178)
	at saf.v3d.render.LineShape.<init>(LineShape.java:25)
	at saf.v3d.render.LineListRenderer.createShape(LineListRenderer.java:137)
	at saf.v3d.ShapeFactory2D.createShape(ShapeFactory2D.java:371)
	at saf.v3d.ShapeFactory2D.createShape(ShapeFactory2D.java:356)
	at immunity.EndosomeStyle.getVSpatial(EndosomeStyle.java:76)
	at immunity.EndosomeStyle.getVSpatial(EndosomeStyle.java:1)
	at repast.simphony.visualizationOGL2D.StyledDisplayLayerOGL2D.createSpatial(StyledDisplayLayerOGL2D.java:146)
	at repast.simphony.visualizationOGL2D.StyledDisplayLayerOGL2D.processAdded(StyledDisplayLayerOGL2D.java:228)
	at repast.simphony.visualizationOGL2D.StyledDisplayLayerOGL2D.update(StyledDisplayLayerOGL2D.java:250)
	at repast.simphony.visualizationOGL2D.DisplayOGL2D.update(DisplayOGL2D.java:404)
	at repast.simphony.visualization.engine.DisplayComponentControllerAction$DisplayUpdater.execute(DisplayComponentControllerAction.java:44)
	at repast.simphony.engine.schedule.DefaultAction.execute(DefaultAction.java:38)
	at repast.simphony.engine.schedule.ScheduleGroup.executeList(ScheduleGroup.java:205)
	at repast.simphony.engine.schedule.ScheduleGroup.execute(ScheduleGroup.java:238)
	at repast.simphony.engine.schedule.Schedule.execute(Schedule.java:352)
	at repast.simphony.ui.GUIScheduleRunner$ScheduleLoopRunnable.run(GUIScheduleRunner.java:52)
	at java.lang.Thread.run(Unknown Source)
FATAL [Thread-7] 2017-11-10 18:45:44,901 repast.simphony.ui.GUIScheduleRunner - RunTimeException when running the schedule
Current tick (42587.0)
java.nio.BufferUnderflowException
	at java.nio.DirectFloatBufferU.get(Unknown Source)
	at java.nio.FloatBuffer.get(Unknown Source)
	at saf.v3d.util.Utils3D.createBoundingSphere(Utils3D.java:178)
	at saf.v3d.render.LineShape.<init>(LineShape.java:25)
	at saf.v3d.render.LineListRenderer.createShape(LineListRenderer.java:137)
	at saf.v3d.ShapeFactory2D.createShape(ShapeFactory2D.java:371)
	at saf.v3d.ShapeFactory2D.createShape(ShapeFactory2D.java:356)
	at immunity.EndosomeStyle.getVSpatial(EndosomeStyle.java:76)
	at immunity.EndosomeStyle.getVSpatial(EndosomeStyle.java:1)
	at repast.simphony.visualizationOGL2D.StyledDisplayLayerOGL2D.createSpatial(StyledDisplayLayerOGL2D.java:146)
	at repast.simphony.visualizationOGL2D.StyledDisplayLayerOGL2D.processAdded(StyledDisplayLayerOGL2D.java:228)
	at repast.simphony.visualizationOGL2D.StyledDisplayLayerOGL2D.update(StyledDisplayLayerOGL2D.java:250)
	at repast.simphony.visualizationOGL2D.DisplayOGL2D.update(DisplayOGL2D.java:404)
	at repast.simphony.visualization.engine.DisplayComponentControllerAction$DisplayUpdater.execute(DisplayComponentControllerAction.java:44)
	at repast.simphony.engine.schedule.DefaultAction.execute(DefaultAction.java:38)
	at repast.simphony.engine.schedule.ScheduleGroup.executeList(ScheduleGroup.java:205)
	at repast.simphony.engine.schedule.ScheduleGroup.execute(ScheduleGroup.java:238)
	at repast.simphony.engine.schedule.Schedule.execute(Schedule.java:352)
	at repast.simphony.ui.GUIScheduleRunner$ScheduleLoopRunnable.run(GUIScheduleRunner.java:52)
	at java.lang.Thread.run(Unknown Source)
FATAL [Thread-7] 2017-11-20 17:03:38,748 repast.simphony.ui.GUIScheduleRunner - RunTimeException when running the schedule
Current tick (1103.0)
java.lang.RuntimeException: java.lang.reflect.InvocationTargetException
	at repast.simphony.engine.schedule.DynamicTargetAction.execute(DynamicTargetAction.java:72)
	at repast.simphony.engine.controller.ScheduledMethodControllerAction$ScheduleMethodAllAction.execute(ScheduledMethodControllerAction.java:333)
	at repast.simphony.engine.schedule.DefaultAction.execute(DefaultAction.java:38)
	at repast.simphony.engine.schedule.ScheduleGroup.executeList(ScheduleGroup.java:205)
	at repast.simphony.engine.schedule.ScheduleGroup.execute(ScheduleGroup.java:231)
	at repast.simphony.engine.schedule.Schedule.execute(Schedule.java:352)
	at repast.simphony.ui.GUIScheduleRunner$ScheduleLoopRunnable.run(GUIScheduleRunner.java:52)
	at java.lang.Thread.run(Unknown Source)
Caused by: java.lang.reflect.InvocationTargetException
	at immunity.Endosome$$FastClassByCGLIB$$3ff3446a.invoke(<generated>)
	at net.sf.cglib.reflect.FastMethod.invoke(FastMethod.java:53)
	at repast.simphony.engine.schedule.DynamicTargetAction.execute(DynamicTargetAction.java:69)
	... 7 more
Caused by: java.lang.NullPointerException
	at java.util.HashMap.putMapEntries(Unknown Source)
	at java.util.HashMap.<init>(Unknown Source)
	at immunity.EndosomeRabConversionStep.timeSeriesLoadintoEndosome(EndosomeRabConversionStep.java:53)
	at immunity.EndosomeRabConversionStep.rabTimeSeriesLoad(EndosomeRabConversionStep.java:29)
	at immunity.Endosome.step(Endosome.java:159)
	... 10 more
FATAL [Thread-7] 2017-11-20 17:04:35,974 repast.simphony.ui.GUIScheduleRunner - RunTimeException when running the schedule
Current tick (1103.0)
java.lang.RuntimeException: java.lang.reflect.InvocationTargetException
	at repast.simphony.engine.schedule.DynamicTargetAction.execute(DynamicTargetAction.java:72)
	at repast.simphony.engine.controller.ScheduledMethodControllerAction$ScheduleMethodAllAction.execute(ScheduledMethodControllerAction.java:333)
	at repast.simphony.engine.schedule.DefaultAction.execute(DefaultAction.java:38)
	at repast.simphony.engine.schedule.ScheduleGroup.executeList(ScheduleGroup.java:205)
	at repast.simphony.engine.schedule.ScheduleGroup.execute(ScheduleGroup.java:231)
	at repast.simphony.engine.schedule.Schedule.execute(Schedule.java:352)
	at repast.simphony.ui.GUIScheduleRunner$ScheduleLoopRunnable.run(GUIScheduleRunner.java:52)
	at java.lang.Thread.run(Unknown Source)
Caused by: java.lang.reflect.InvocationTargetException
	at immunity.Endosome$$FastClassByCGLIB$$3ff3446a.invoke(<generated>)
	at net.sf.cglib.reflect.FastMethod.invoke(FastMethod.java:53)
	at repast.simphony.engine.schedule.DynamicTargetAction.execute(DynamicTargetAction.java:69)
	... 7 more
Caused by: java.lang.NullPointerException
	at java.util.HashMap.putMapEntries(Unknown Source)
	at java.util.HashMap.<init>(Unknown Source)
	at immunity.EndosomeRabConversionStep.timeSeriesLoadintoEndosome(EndosomeRabConversionStep.java:53)
	at immunity.EndosomeRabConversionStep.rabTimeSeriesLoad(EndosomeRabConversionStep.java:29)
	at immunity.Endosome.step(Endosome.java:159)
	... 10 more
FATAL [Thread-7] 2017-11-20 17:20:09,737 repast.simphony.ui.GUIScheduleRunner - RunTimeException when running the schedule
Current tick (335.0)
java.nio.BufferUnderflowException
	at java.nio.DirectFloatBufferU.get(Unknown Source)
	at java.nio.FloatBuffer.get(Unknown Source)
	at saf.v3d.util.Utils3D.createBoundingSphere(Utils3D.java:178)
	at saf.v3d.render.LineShape.<init>(LineShape.java:25)
	at saf.v3d.render.LineListRenderer.createShape(LineListRenderer.java:137)
	at saf.v3d.ShapeFactory2D.createShape(ShapeFactory2D.java:371)
	at saf.v3d.ShapeFactory2D.createShape(ShapeFactory2D.java:356)
	at immunity.EndosomeStyle.getVSpatial(EndosomeStyle.java:76)
	at immunity.EndosomeStyle.getVSpatial(EndosomeStyle.java:1)
	at repast.simphony.visualizationOGL2D.StyledDisplayLayerOGL2D.createSpatial(StyledDisplayLayerOGL2D.java:146)
	at repast.simphony.visualizationOGL2D.StyledDisplayLayerOGL2D.processAdded(StyledDisplayLayerOGL2D.java:228)
	at repast.simphony.visualizationOGL2D.StyledDisplayLayerOGL2D.update(StyledDisplayLayerOGL2D.java:250)
	at repast.simphony.visualizationOGL2D.DisplayOGL2D.update(DisplayOGL2D.java:404)
	at repast.simphony.visualization.engine.DisplayComponentControllerAction$DisplayUpdater.execute(DisplayComponentControllerAction.java:44)
	at repast.simphony.engine.schedule.DefaultAction.execute(DefaultAction.java:38)
	at repast.simphony.engine.schedule.ScheduleGroup.executeList(ScheduleGroup.java:205)
	at repast.simphony.engine.schedule.ScheduleGroup.execute(ScheduleGroup.java:238)
	at repast.simphony.engine.schedule.Schedule.execute(Schedule.java:352)
	at repast.simphony.ui.GUIScheduleRunner$ScheduleLoopRunnable.run(GUIScheduleRunner.java:52)
	at java.lang.Thread.run(Unknown Source)
FATAL [Thread-7] 2017-11-20 17:21:55,896 repast.simphony.ui.GUIScheduleRunner - RunTimeException when running the schedule
Current tick (761.0)
java.nio.BufferUnderflowException
	at java.nio.DirectFloatBufferU.get(Unknown Source)
	at java.nio.FloatBuffer.get(Unknown Source)
	at saf.v3d.util.Utils3D.createBoundingSphere(Utils3D.java:178)
	at saf.v3d.render.LineShape.<init>(LineShape.java:25)
	at saf.v3d.render.LineListRenderer.createShape(LineListRenderer.java:137)
	at saf.v3d.ShapeFactory2D.createShape(ShapeFactory2D.java:371)
	at saf.v3d.ShapeFactory2D.createShape(ShapeFactory2D.java:356)
	at immunity.EndosomeStyle.getVSpatial(EndosomeStyle.java:76)
	at immunity.EndosomeStyle.getVSpatial(EndosomeStyle.java:1)
	at repast.simphony.visualizationOGL2D.StyledDisplayLayerOGL2D.createSpatial(StyledDisplayLayerOGL2D.java:146)
	at repast.simphony.visualizationOGL2D.StyledDisplayLayerOGL2D.processAdded(StyledDisplayLayerOGL2D.java:228)
	at repast.simphony.visualizationOGL2D.StyledDisplayLayerOGL2D.update(StyledDisplayLayerOGL2D.java:250)
	at repast.simphony.visualizationOGL2D.DisplayOGL2D.update(DisplayOGL2D.java:404)
	at repast.simphony.visualization.engine.DisplayComponentControllerAction$DisplayUpdater.execute(DisplayComponentControllerAction.java:44)
	at repast.simphony.engine.schedule.DefaultAction.execute(DefaultAction.java:38)
	at repast.simphony.engine.schedule.ScheduleGroup.executeList(ScheduleGroup.java:205)
	at repast.simphony.engine.schedule.ScheduleGroup.execute(ScheduleGroup.java:238)
	at repast.simphony.engine.schedule.Schedule.execute(Schedule.java:352)
	at repast.simphony.ui.GUIScheduleRunner$ScheduleLoopRunnable.run(GUIScheduleRunner.java:52)
	at java.lang.Thread.run(Unknown Source)
FATAL [Thread-7] 2017-11-20 17:58:03,002 repast.simphony.ui.GUIScheduleRunner - RunTimeException when running the schedule
Current tick (8456.0)
java.nio.BufferUnderflowException
	at java.nio.DirectFloatBufferU.get(Unknown Source)
	at java.nio.FloatBuffer.get(Unknown Source)
	at saf.v3d.util.Utils3D.createBoundingSphere(Utils3D.java:178)
	at saf.v3d.render.LineShape.<init>(LineShape.java:25)
	at saf.v3d.render.LineListRenderer.createShape(LineListRenderer.java:137)
	at saf.v3d.ShapeFactory2D.createShape(ShapeFactory2D.java:371)
	at saf.v3d.ShapeFactory2D.createShape(ShapeFactory2D.java:356)
	at immunity.EndosomeStyle.getVSpatial(EndosomeStyle.java:76)
	at immunity.EndosomeStyle.getVSpatial(EndosomeStyle.java:1)
	at repast.simphony.visualizationOGL2D.StyledDisplayLayerOGL2D.createSpatial(StyledDisplayLayerOGL2D.java:146)
	at repast.simphony.visualizationOGL2D.StyledDisplayLayerOGL2D.processAdded(StyledDisplayLayerOGL2D.java:228)
	at repast.simphony.visualizationOGL2D.StyledDisplayLayerOGL2D.update(StyledDisplayLayerOGL2D.java:250)
	at repast.simphony.visualizationOGL2D.DisplayOGL2D.update(DisplayOGL2D.java:404)
	at repast.simphony.visualization.engine.DisplayComponentControllerAction$DisplayUpdater.execute(DisplayComponentControllerAction.java:44)
	at repast.simphony.engine.schedule.DefaultAction.execute(DefaultAction.java:38)
	at repast.simphony.engine.schedule.ScheduleGroup.executeList(ScheduleGroup.java:205)
	at repast.simphony.engine.schedule.ScheduleGroup.execute(ScheduleGroup.java:238)
	at repast.simphony.engine.schedule.Schedule.execute(Schedule.java:352)
	at repast.simphony.ui.GUIScheduleRunner$ScheduleLoopRunnable.run(GUIScheduleRunner.java:52)
	at java.lang.Thread.run(Unknown Source)
FATAL [Thread-7] 2017-11-20 18:04:00,095 repast.simphony.ui.GUIScheduleRunner - RunTimeException when running the schedule
Current tick (19831.0)
java.nio.BufferUnderflowException
	at java.nio.DirectFloatBufferU.get(Unknown Source)
	at java.nio.FloatBuffer.get(Unknown Source)
	at saf.v3d.util.Utils3D.createBoundingSphere(Utils3D.java:178)
	at saf.v3d.render.LineShape.<init>(LineShape.java:25)
	at saf.v3d.render.LineListRenderer.createShape(LineListRenderer.java:137)
	at saf.v3d.ShapeFactory2D.createShape(ShapeFactory2D.java:371)
	at saf.v3d.ShapeFactory2D.createShape(ShapeFactory2D.java:356)
	at immunity.EndosomeStyle.getVSpatial(EndosomeStyle.java:76)
	at immunity.EndosomeStyle.getVSpatial(EndosomeStyle.java:1)
	at repast.simphony.visualizationOGL2D.StyledDisplayLayerOGL2D.createSpatial(StyledDisplayLayerOGL2D.java:146)
	at repast.simphony.visualizationOGL2D.StyledDisplayLayerOGL2D.processAdded(StyledDisplayLayerOGL2D.java:228)
	at repast.simphony.visualizationOGL2D.StyledDisplayLayerOGL2D.update(StyledDisplayLayerOGL2D.java:250)
	at repast.simphony.visualizationOGL2D.DisplayOGL2D.update(DisplayOGL2D.java:404)
	at repast.simphony.visualization.engine.DisplayComponentControllerAction$DisplayUpdater.execute(DisplayComponentControllerAction.java:44)
	at repast.simphony.engine.schedule.DefaultAction.execute(DefaultAction.java:38)
	at repast.simphony.engine.schedule.ScheduleGroup.executeList(ScheduleGroup.java:205)
	at repast.simphony.engine.schedule.ScheduleGroup.execute(ScheduleGroup.java:238)
	at repast.simphony.engine.schedule.Schedule.execute(Schedule.java:352)
	at repast.simphony.ui.GUIScheduleRunner$ScheduleLoopRunnable.run(GUIScheduleRunner.java:52)
	at java.lang.Thread.run(Unknown Source)
FATAL [Thread-7] 2017-11-20 18:18:16,464 repast.simphony.ui.GUIScheduleRunner - RunTimeException when running the schedule
Current tick (7116.0)
java.nio.BufferUnderflowException
	at java.nio.DirectFloatBufferU.get(Unknown Source)
	at java.nio.FloatBuffer.get(Unknown Source)
	at saf.v3d.util.Utils3D.createBoundingSphere(Utils3D.java:178)
	at saf.v3d.render.LineShape.<init>(LineShape.java:25)
	at saf.v3d.render.LineListRenderer.createShape(LineListRenderer.java:137)
	at saf.v3d.ShapeFactory2D.createShape(ShapeFactory2D.java:371)
	at saf.v3d.ShapeFactory2D.createShape(ShapeFactory2D.java:356)
	at immunity.EndosomeStyle.getVSpatial(EndosomeStyle.java:76)
	at immunity.EndosomeStyle.getVSpatial(EndosomeStyle.java:1)
	at repast.simphony.visualizationOGL2D.StyledDisplayLayerOGL2D.createSpatial(StyledDisplayLayerOGL2D.java:146)
	at repast.simphony.visualizationOGL2D.StyledDisplayLayerOGL2D.processAdded(StyledDisplayLayerOGL2D.java:228)
	at repast.simphony.visualizationOGL2D.StyledDisplayLayerOGL2D.update(StyledDisplayLayerOGL2D.java:250)
	at repast.simphony.visualizationOGL2D.DisplayOGL2D.update(DisplayOGL2D.java:404)
	at repast.simphony.visualization.engine.DisplayComponentControllerAction$DisplayUpdater.execute(DisplayComponentControllerAction.java:44)
	at repast.simphony.engine.schedule.DefaultAction.execute(DefaultAction.java:38)
	at repast.simphony.engine.schedule.ScheduleGroup.executeList(ScheduleGroup.java:205)
	at repast.simphony.engine.schedule.ScheduleGroup.execute(ScheduleGroup.java:238)
	at repast.simphony.engine.schedule.Schedule.execute(Schedule.java:352)
	at repast.simphony.ui.GUIScheduleRunner$ScheduleLoopRunnable.run(GUIScheduleRunner.java:52)
	at java.lang.Thread.run(Unknown Source)
FATAL [Thread-7] 2017-11-20 18:23:10,689 repast.simphony.ui.GUIScheduleRunner - RunTimeException when running the schedule
Current tick (7611.0)
java.nio.BufferUnderflowException
	at java.nio.DirectFloatBufferU.get(Unknown Source)
	at java.nio.FloatBuffer.get(Unknown Source)
	at saf.v3d.util.Utils3D.createBoundingSphere(Utils3D.java:178)
	at saf.v3d.render.LineShape.<init>(LineShape.java:25)
	at saf.v3d.render.LineListRenderer.createShape(LineListRenderer.java:137)
	at saf.v3d.ShapeFactory2D.createShape(ShapeFactory2D.java:371)
	at saf.v3d.ShapeFactory2D.createShape(ShapeFactory2D.java:356)
	at immunity.EndosomeStyle.getVSpatial(EndosomeStyle.java:76)
	at immunity.EndosomeStyle.getVSpatial(EndosomeStyle.java:1)
	at repast.simphony.visualizationOGL2D.StyledDisplayLayerOGL2D.createSpatial(StyledDisplayLayerOGL2D.java:146)
	at repast.simphony.visualizationOGL2D.StyledDisplayLayerOGL2D.processAdded(StyledDisplayLayerOGL2D.java:228)
	at repast.simphony.visualizationOGL2D.StyledDisplayLayerOGL2D.update(StyledDisplayLayerOGL2D.java:250)
	at repast.simphony.visualizationOGL2D.DisplayOGL2D.update(DisplayOGL2D.java:404)
	at repast.simphony.visualization.engine.DisplayComponentControllerAction$DisplayUpdater.execute(DisplayComponentControllerAction.java:44)
	at repast.simphony.engine.schedule.DefaultAction.execute(DefaultAction.java:38)
	at repast.simphony.engine.schedule.ScheduleGroup.executeList(ScheduleGroup.java:205)
	at repast.simphony.engine.schedule.ScheduleGroup.execute(ScheduleGroup.java:238)
	at repast.simphony.engine.schedule.Schedule.execute(Schedule.java:352)
	at repast.simphony.ui.GUIScheduleRunner$ScheduleLoopRunnable.run(GUIScheduleRunner.java:52)
	at java.lang.Thread.run(Unknown Source)
FATAL [Thread-7] 2017-11-20 19:00:05,325 repast.simphony.ui.GUIScheduleRunner - RunTimeException when running the schedule
Current tick (14408.0)
java.lang.IllegalArgumentException: Color parameter outside of expected range: Red Blue
	at java.awt.Color.testColorValueRange(Unknown Source)
	at java.awt.Color.<init>(Unknown Source)
	at java.awt.Color.<init>(Unknown Source)
	at immunity.EndosomeStyle.getBorderColor(EndosomeStyle.java:144)
	at immunity.EndosomeStyle.getBorderColor(EndosomeStyle.java:1)
	at repast.simphony.visualizationOGL2D.StyledDisplayLayerOGL2D.applyStyle(StyledDisplayLayerOGL2D.java:67)
	at repast.simphony.visualizationOGL2D.StyledDisplayLayerOGL2D.updateSpatial(StyledDisplayLayerOGL2D.java:213)
	at repast.simphony.visualizationOGL2D.StyledDisplayLayerOGL2D.updateExistingSpatials(StyledDisplayLayerOGL2D.java:176)
	at repast.simphony.visualizationOGL2D.StyledDisplayLayerOGL2D.update(StyledDisplayLayerOGL2D.java:249)
	at repast.simphony.visualizationOGL2D.DisplayOGL2D.update(DisplayOGL2D.java:404)
	at repast.simphony.visualization.engine.DisplayComponentControllerAction$DisplayUpdater.execute(DisplayComponentControllerAction.java:44)
	at repast.simphony.engine.schedule.DefaultAction.execute(DefaultAction.java:38)
	at repast.simphony.engine.schedule.ScheduleGroup.executeList(ScheduleGroup.java:205)
	at repast.simphony.engine.schedule.ScheduleGroup.execute(ScheduleGroup.java:238)
	at repast.simphony.engine.schedule.Schedule.execute(Schedule.java:352)
	at repast.simphony.ui.GUIScheduleRunner$ScheduleLoopRunnable.run(GUIScheduleRunner.java:52)
	at java.lang.Thread.run(Unknown Source)
FATAL [Thread-7] 2017-11-20 19:04:08,257 repast.simphony.ui.GUIScheduleRunner - RunTimeException when running the schedule
Current tick (2900.0)
java.nio.BufferUnderflowException
	at java.nio.DirectFloatBufferU.get(Unknown Source)
	at java.nio.FloatBuffer.get(Unknown Source)
	at saf.v3d.util.Utils3D.createBoundingSphere(Utils3D.java:178)
	at saf.v3d.render.LineShape.<init>(LineShape.java:25)
	at saf.v3d.render.LineListRenderer.createShape(LineListRenderer.java:137)
	at saf.v3d.ShapeFactory2D.createShape(ShapeFactory2D.java:371)
	at saf.v3d.ShapeFactory2D.createShape(ShapeFactory2D.java:356)
	at immunity.EndosomeStyle.getVSpatial(EndosomeStyle.java:76)
	at immunity.EndosomeStyle.getVSpatial(EndosomeStyle.java:1)
	at repast.simphony.visualizationOGL2D.StyledDisplayLayerOGL2D.createSpatial(StyledDisplayLayerOGL2D.java:146)
	at repast.simphony.visualizationOGL2D.StyledDisplayLayerOGL2D.processAdded(StyledDisplayLayerOGL2D.java:228)
	at repast.simphony.visualizationOGL2D.StyledDisplayLayerOGL2D.update(StyledDisplayLayerOGL2D.java:250)
	at repast.simphony.visualizationOGL2D.DisplayOGL2D.update(DisplayOGL2D.java:404)
	at repast.simphony.visualization.engine.DisplayComponentControllerAction$DisplayUpdater.execute(DisplayComponentControllerAction.java:44)
	at repast.simphony.engine.schedule.DefaultAction.execute(DefaultAction.java:38)
	at repast.simphony.engine.schedule.ScheduleGroup.executeList(ScheduleGroup.java:205)
	at repast.simphony.engine.schedule.ScheduleGroup.execute(ScheduleGroup.java:238)
	at repast.simphony.engine.schedule.Schedule.execute(Schedule.java:352)
	at repast.simphony.ui.GUIScheduleRunner$ScheduleLoopRunnable.run(GUIScheduleRunner.java:52)
	at java.lang.Thread.run(Unknown Source)
FATAL [Thread-7] 2017-11-20 19:18:16,940 repast.simphony.ui.GUIScheduleRunner - RunTimeException when running the schedule
Current tick (29455.0)
java.nio.BufferUnderflowException
	at java.nio.DirectFloatBufferU.get(Unknown Source)
	at java.nio.FloatBuffer.get(Unknown Source)
	at saf.v3d.util.Utils3D.createBoundingSphere(Utils3D.java:178)
	at saf.v3d.render.LineShape.<init>(LineShape.java:25)
	at saf.v3d.render.LineListRenderer.createShape(LineListRenderer.java:137)
	at saf.v3d.ShapeFactory2D.createShape(ShapeFactory2D.java:371)
	at saf.v3d.ShapeFactory2D.createShape(ShapeFactory2D.java:356)
	at immunity.EndosomeStyle.getVSpatial(EndosomeStyle.java:76)
	at immunity.EndosomeStyle.getVSpatial(EndosomeStyle.java:1)
	at repast.simphony.visualizationOGL2D.StyledDisplayLayerOGL2D.createSpatial(StyledDisplayLayerOGL2D.java:146)
	at repast.simphony.visualizationOGL2D.StyledDisplayLayerOGL2D.processAdded(StyledDisplayLayerOGL2D.java:228)
	at repast.simphony.visualizationOGL2D.StyledDisplayLayerOGL2D.update(StyledDisplayLayerOGL2D.java:250)
	at repast.simphony.visualizationOGL2D.DisplayOGL2D.update(DisplayOGL2D.java:404)
	at repast.simphony.visualization.engine.DisplayComponentControllerAction$DisplayUpdater.execute(DisplayComponentControllerAction.java:44)
	at repast.simphony.engine.schedule.DefaultAction.execute(DefaultAction.java:38)
	at repast.simphony.engine.schedule.ScheduleGroup.executeList(ScheduleGroup.java:205)
	at repast.simphony.engine.schedule.ScheduleGroup.execute(ScheduleGroup.java:238)
	at repast.simphony.engine.schedule.Schedule.execute(Schedule.java:352)
	at repast.simphony.ui.GUIScheduleRunner$ScheduleLoopRunnable.run(GUIScheduleRunner.java:52)
	at java.lang.Thread.run(Unknown Source)
FATAL [Thread-7] 2017-11-20 19:54:16,232 repast.simphony.ui.GUIScheduleRunner - RunTimeException when running the schedule
Current tick (18920.0)
java.lang.IllegalArgumentException: Color parameter outside of expected range: Red Blue
	at java.awt.Color.testColorValueRange(Unknown Source)
	at java.awt.Color.<init>(Unknown Source)
	at java.awt.Color.<init>(Unknown Source)
	at immunity.EndosomeStyle.getBorderColor(EndosomeStyle.java:144)
	at immunity.EndosomeStyle.getBorderColor(EndosomeStyle.java:1)
	at repast.simphony.visualizationOGL2D.StyledDisplayLayerOGL2D.applyStyle(StyledDisplayLayerOGL2D.java:67)
	at repast.simphony.visualizationOGL2D.StyledDisplayLayerOGL2D.updateSpatial(StyledDisplayLayerOGL2D.java:213)
	at repast.simphony.visualizationOGL2D.StyledDisplayLayerOGL2D.updateExistingSpatials(StyledDisplayLayerOGL2D.java:176)
	at repast.simphony.visualizationOGL2D.StyledDisplayLayerOGL2D.update(StyledDisplayLayerOGL2D.java:249)
	at repast.simphony.visualizationOGL2D.DisplayOGL2D.update(DisplayOGL2D.java:404)
	at repast.simphony.visualization.engine.DisplayComponentControllerAction$DisplayUpdater.execute(DisplayComponentControllerAction.java:44)
	at repast.simphony.engine.schedule.DefaultAction.execute(DefaultAction.java:38)
	at repast.simphony.engine.schedule.ScheduleGroup.executeList(ScheduleGroup.java:205)
	at repast.simphony.engine.schedule.ScheduleGroup.execute(ScheduleGroup.java:238)
	at repast.simphony.engine.schedule.Schedule.execute(Schedule.java:352)
	at repast.simphony.ui.GUIScheduleRunner$ScheduleLoopRunnable.run(GUIScheduleRunner.java:52)
	at java.lang.Thread.run(Unknown Source)
FATAL [Thread-7] 2017-11-21 10:39:27,701 repast.simphony.ui.GUIScheduleRunner - RunTimeException when running the schedule
Current tick (30383.0)
java.nio.BufferUnderflowException
	at java.nio.DirectFloatBufferU.get(Unknown Source)
	at java.nio.FloatBuffer.get(Unknown Source)
	at saf.v3d.util.Utils3D.createBoundingSphere(Utils3D.java:178)
	at saf.v3d.render.LineShape.<init>(LineShape.java:25)
	at saf.v3d.render.LineListRenderer.createShape(LineListRenderer.java:137)
	at saf.v3d.ShapeFactory2D.createShape(ShapeFactory2D.java:371)
	at saf.v3d.ShapeFactory2D.createShape(ShapeFactory2D.java:356)
	at immunity.EndosomeStyle.getVSpatial(EndosomeStyle.java:76)
	at immunity.EndosomeStyle.getVSpatial(EndosomeStyle.java:1)
	at repast.simphony.visualizationOGL2D.StyledDisplayLayerOGL2D.createSpatial(StyledDisplayLayerOGL2D.java:146)
	at repast.simphony.visualizationOGL2D.StyledDisplayLayerOGL2D.processAdded(StyledDisplayLayerOGL2D.java:228)
	at repast.simphony.visualizationOGL2D.StyledDisplayLayerOGL2D.update(StyledDisplayLayerOGL2D.java:250)
	at repast.simphony.visualizationOGL2D.DisplayOGL2D.update(DisplayOGL2D.java:404)
	at repast.simphony.visualization.engine.DisplayComponentControllerAction$DisplayUpdater.execute(DisplayComponentControllerAction.java:44)
	at repast.simphony.engine.schedule.DefaultAction.execute(DefaultAction.java:38)
	at repast.simphony.engine.schedule.ScheduleGroup.executeList(ScheduleGroup.java:205)
	at repast.simphony.engine.schedule.ScheduleGroup.execute(ScheduleGroup.java:238)
	at repast.simphony.engine.schedule.Schedule.execute(Schedule.java:352)
	at repast.simphony.ui.GUIScheduleRunner$ScheduleLoopRunnable.run(GUIScheduleRunner.java:52)
	at java.lang.Thread.run(Unknown Source)
FATAL [Thread-7] 2017-11-21 10:51:15,902 repast.simphony.ui.GUIScheduleRunner - RunTimeException when running the schedule
Current tick (15598.0)
java.lang.IllegalArgumentException: Color parameter outside of expected range: Red Blue
	at java.awt.Color.testColorValueRange(Unknown Source)
	at java.awt.Color.<init>(Unknown Source)
	at java.awt.Color.<init>(Unknown Source)
	at immunity.EndosomeStyle.getBorderColor(EndosomeStyle.java:144)
	at immunity.EndosomeStyle.getBorderColor(EndosomeStyle.java:1)
	at repast.simphony.visualizationOGL2D.StyledDisplayLayerOGL2D.applyStyle(StyledDisplayLayerOGL2D.java:67)
	at repast.simphony.visualizationOGL2D.StyledDisplayLayerOGL2D.updateSpatial(StyledDisplayLayerOGL2D.java:213)
	at repast.simphony.visualizationOGL2D.StyledDisplayLayerOGL2D.updateExistingSpatials(StyledDisplayLayerOGL2D.java:176)
	at repast.simphony.visualizationOGL2D.StyledDisplayLayerOGL2D.update(StyledDisplayLayerOGL2D.java:249)
	at repast.simphony.visualizationOGL2D.DisplayOGL2D.update(DisplayOGL2D.java:404)
	at repast.simphony.visualization.engine.DisplayComponentControllerAction$DisplayUpdater.execute(DisplayComponentControllerAction.java:44)
	at repast.simphony.engine.schedule.DefaultAction.execute(DefaultAction.java:38)
	at repast.simphony.engine.schedule.ScheduleGroup.executeList(ScheduleGroup.java:205)
	at repast.simphony.engine.schedule.ScheduleGroup.execute(ScheduleGroup.java:238)
	at repast.simphony.engine.schedule.Schedule.execute(Schedule.java:352)
	at repast.simphony.ui.GUIScheduleRunner$ScheduleLoopRunnable.run(GUIScheduleRunner.java:52)
	at java.lang.Thread.run(Unknown Source)
FATAL [Thread-7] 2017-11-21 11:30:12,781 repast.simphony.ui.GUIScheduleRunner - RunTimeException when running the schedule
Current tick (23837.0)
java.nio.BufferUnderflowException
	at java.nio.DirectFloatBufferU.get(Unknown Source)
	at java.nio.FloatBuffer.get(Unknown Source)
	at saf.v3d.util.Utils3D.createBoundingSphere(Utils3D.java:178)
	at saf.v3d.render.LineShape.<init>(LineShape.java:25)
	at saf.v3d.render.LineListRenderer.createShape(LineListRenderer.java:137)
	at saf.v3d.ShapeFactory2D.createShape(ShapeFactory2D.java:371)
	at saf.v3d.ShapeFactory2D.createShape(ShapeFactory2D.java:356)
	at immunity.EndosomeStyle.getVSpatial(EndosomeStyle.java:76)
	at immunity.EndosomeStyle.getVSpatial(EndosomeStyle.java:1)
	at repast.simphony.visualizationOGL2D.StyledDisplayLayerOGL2D.createSpatial(StyledDisplayLayerOGL2D.java:146)
	at repast.simphony.visualizationOGL2D.StyledDisplayLayerOGL2D.processAdded(StyledDisplayLayerOGL2D.java:228)
	at repast.simphony.visualizationOGL2D.StyledDisplayLayerOGL2D.update(StyledDisplayLayerOGL2D.java:250)
	at repast.simphony.visualizationOGL2D.DisplayOGL2D.update(DisplayOGL2D.java:404)
	at repast.simphony.visualization.engine.DisplayComponentControllerAction$DisplayUpdater.execute(DisplayComponentControllerAction.java:44)
	at repast.simphony.engine.schedule.DefaultAction.execute(DefaultAction.java:38)
	at repast.simphony.engine.schedule.ScheduleGroup.executeList(ScheduleGroup.java:205)
	at repast.simphony.engine.schedule.ScheduleGroup.execute(ScheduleGroup.java:238)
	at repast.simphony.engine.schedule.Schedule.execute(Schedule.java:352)
	at repast.simphony.ui.GUIScheduleRunner$ScheduleLoopRunnable.run(GUIScheduleRunner.java:52)
	at java.lang.Thread.run(Unknown Source)
FATAL [Thread-7] 2017-11-21 11:43:57,561 repast.simphony.ui.GUIScheduleRunner - RunTimeException when running the schedule
Current tick (25520.0)
java.nio.BufferUnderflowException
	at java.nio.DirectFloatBufferU.get(Unknown Source)
	at java.nio.FloatBuffer.get(Unknown Source)
	at saf.v3d.util.Utils3D.createBoundingSphere(Utils3D.java:178)
	at saf.v3d.render.LineShape.<init>(LineShape.java:25)
	at saf.v3d.render.LineListRenderer.createShape(LineListRenderer.java:137)
	at saf.v3d.ShapeFactory2D.createShape(ShapeFactory2D.java:371)
	at saf.v3d.ShapeFactory2D.createShape(ShapeFactory2D.java:356)
	at immunity.EndosomeStyle.getVSpatial(EndosomeStyle.java:76)
	at immunity.EndosomeStyle.getVSpatial(EndosomeStyle.java:1)
	at repast.simphony.visualizationOGL2D.StyledDisplayLayerOGL2D.createSpatial(StyledDisplayLayerOGL2D.java:146)
	at repast.simphony.visualizationOGL2D.StyledDisplayLayerOGL2D.processAdded(StyledDisplayLayerOGL2D.java:228)
	at repast.simphony.visualizationOGL2D.StyledDisplayLayerOGL2D.update(StyledDisplayLayerOGL2D.java:250)
	at repast.simphony.visualizationOGL2D.DisplayOGL2D.update(DisplayOGL2D.java:404)
	at repast.simphony.visualization.engine.DisplayComponentControllerAction$DisplayUpdater.execute(DisplayComponentControllerAction.java:44)
	at repast.simphony.engine.schedule.DefaultAction.execute(DefaultAction.java:38)
	at repast.simphony.engine.schedule.ScheduleGroup.executeList(ScheduleGroup.java:205)
	at repast.simphony.engine.schedule.ScheduleGroup.execute(ScheduleGroup.java:238)
	at repast.simphony.engine.schedule.Schedule.execute(Schedule.java:352)
	at repast.simphony.ui.GUIScheduleRunner$ScheduleLoopRunnable.run(GUIScheduleRunner.java:52)
	at java.lang.Thread.run(Unknown Source)
FATAL [Thread-7] 2017-11-21 12:31:53,578 repast.simphony.ui.GUIScheduleRunner - RunTimeException when running the schedule
Current tick (38183.0)
java.lang.IllegalArgumentException: Color parameter outside of expected range: Red Blue
	at java.awt.Color.testColorValueRange(Unknown Source)
	at java.awt.Color.<init>(Unknown Source)
	at java.awt.Color.<init>(Unknown Source)
	at immunity.EndosomeStyle.getBorderColor(EndosomeStyle.java:145)
	at immunity.EndosomeStyle.getBorderColor(EndosomeStyle.java:1)
	at repast.simphony.visualizationOGL2D.StyledDisplayLayerOGL2D.applyStyle(StyledDisplayLayerOGL2D.java:67)
	at repast.simphony.visualizationOGL2D.StyledDisplayLayerOGL2D.updateSpatial(StyledDisplayLayerOGL2D.java:213)
	at repast.simphony.visualizationOGL2D.StyledDisplayLayerOGL2D.updateExistingSpatials(StyledDisplayLayerOGL2D.java:176)
	at repast.simphony.visualizationOGL2D.StyledDisplayLayerOGL2D.update(StyledDisplayLayerOGL2D.java:249)
	at repast.simphony.visualizationOGL2D.DisplayOGL2D.update(DisplayOGL2D.java:404)
	at repast.simphony.visualization.engine.DisplayComponentControllerAction$DisplayUpdater.execute(DisplayComponentControllerAction.java:44)
	at repast.simphony.engine.schedule.DefaultAction.execute(DefaultAction.java:38)
	at repast.simphony.engine.schedule.ScheduleGroup.executeList(ScheduleGroup.java:205)
	at repast.simphony.engine.schedule.ScheduleGroup.execute(ScheduleGroup.java:238)
	at repast.simphony.engine.schedule.Schedule.execute(Schedule.java:352)
	at repast.simphony.ui.GUIScheduleRunner$ScheduleLoopRunnable.run(GUIScheduleRunner.java:52)
	at java.lang.Thread.run(Unknown Source)
FATAL [Thread-7] 2017-11-21 12:49:01,506 repast.simphony.ui.GUIScheduleRunner - RunTimeException when running the schedule
Current tick (12574.0)
java.nio.BufferUnderflowException
	at java.nio.DirectFloatBufferU.get(Unknown Source)
	at java.nio.FloatBuffer.get(Unknown Source)
	at saf.v3d.util.Utils3D.createBoundingSphere(Utils3D.java:178)
	at saf.v3d.render.LineShape.<init>(LineShape.java:25)
	at saf.v3d.render.LineListRenderer.createShape(LineListRenderer.java:137)
	at saf.v3d.ShapeFactory2D.createShape(ShapeFactory2D.java:371)
	at saf.v3d.ShapeFactory2D.createShape(ShapeFactory2D.java:356)
	at immunity.EndosomeStyle.getVSpatial(EndosomeStyle.java:76)
	at immunity.EndosomeStyle.getVSpatial(EndosomeStyle.java:1)
	at repast.simphony.visualizationOGL2D.StyledDisplayLayerOGL2D.createSpatial(StyledDisplayLayerOGL2D.java:146)
	at repast.simphony.visualizationOGL2D.StyledDisplayLayerOGL2D.processAdded(StyledDisplayLayerOGL2D.java:228)
	at repast.simphony.visualizationOGL2D.StyledDisplayLayerOGL2D.update(StyledDisplayLayerOGL2D.java:250)
	at repast.simphony.visualizationOGL2D.DisplayOGL2D.update(DisplayOGL2D.java:404)
	at repast.simphony.visualization.engine.DisplayComponentControllerAction$DisplayUpdater.execute(DisplayComponentControllerAction.java:44)
	at repast.simphony.engine.schedule.DefaultAction.execute(DefaultAction.java:38)
	at repast.simphony.engine.schedule.ScheduleGroup.executeList(ScheduleGroup.java:205)
	at repast.simphony.engine.schedule.ScheduleGroup.execute(ScheduleGroup.java:238)
	at repast.simphony.engine.schedule.Schedule.execute(Schedule.java:352)
	at repast.simphony.ui.GUIScheduleRunner$ScheduleLoopRunnable.run(GUIScheduleRunner.java:52)
	at java.lang.Thread.run(Unknown Source)
FATAL [Thread-7] 2017-11-21 12:57:56,611 repast.simphony.ui.GUIScheduleRunner - RunTimeException when running the schedule
Current tick (21176.0)
java.nio.BufferUnderflowException
	at java.nio.DirectFloatBufferU.get(Unknown Source)
	at java.nio.FloatBuffer.get(Unknown Source)
	at saf.v3d.util.Utils3D.createBoundingSphere(Utils3D.java:178)
	at saf.v3d.render.LineShape.<init>(LineShape.java:25)
	at saf.v3d.render.LineListRenderer.createShape(LineListRenderer.java:137)
	at saf.v3d.ShapeFactory2D.createShape(ShapeFactory2D.java:371)
	at saf.v3d.ShapeFactory2D.createShape(ShapeFactory2D.java:356)
	at immunity.EndosomeStyle.getVSpatial(EndosomeStyle.java:76)
	at immunity.EndosomeStyle.getVSpatial(EndosomeStyle.java:1)
	at repast.simphony.visualizationOGL2D.StyledDisplayLayerOGL2D.createSpatial(StyledDisplayLayerOGL2D.java:146)
	at repast.simphony.visualizationOGL2D.StyledDisplayLayerOGL2D.processAdded(StyledDisplayLayerOGL2D.java:228)
	at repast.simphony.visualizationOGL2D.StyledDisplayLayerOGL2D.update(StyledDisplayLayerOGL2D.java:250)
	at repast.simphony.visualizationOGL2D.DisplayOGL2D.update(DisplayOGL2D.java:404)
	at repast.simphony.visualization.engine.DisplayComponentControllerAction$DisplayUpdater.execute(DisplayComponentControllerAction.java:44)
	at repast.simphony.engine.schedule.DefaultAction.execute(DefaultAction.java:38)
	at repast.simphony.engine.schedule.ScheduleGroup.executeList(ScheduleGroup.java:205)
	at repast.simphony.engine.schedule.ScheduleGroup.execute(ScheduleGroup.java:238)
	at repast.simphony.engine.schedule.Schedule.execute(Schedule.java:352)
	at repast.simphony.ui.GUIScheduleRunner$ScheduleLoopRunnable.run(GUIScheduleRunner.java:52)
	at java.lang.Thread.run(Unknown Source)
FATAL [Thread-7] 2017-11-21 15:30:52,619 repast.simphony.ui.GUIScheduleRunner - RunTimeException when running the schedule
Current tick (15745.0)
java.nio.BufferUnderflowException
	at java.nio.DirectFloatBufferU.get(Unknown Source)
	at java.nio.FloatBuffer.get(Unknown Source)
	at saf.v3d.util.Utils3D.createBoundingSphere(Utils3D.java:178)
	at saf.v3d.render.LineShape.<init>(LineShape.java:25)
	at saf.v3d.render.LineListRenderer.createShape(LineListRenderer.java:137)
	at saf.v3d.ShapeFactory2D.createShape(ShapeFactory2D.java:371)
	at saf.v3d.ShapeFactory2D.createShape(ShapeFactory2D.java:356)
	at immunity.EndosomeStyle.getVSpatial(EndosomeStyle.java:76)
	at immunity.EndosomeStyle.getVSpatial(EndosomeStyle.java:1)
	at repast.simphony.visualizationOGL2D.StyledDisplayLayerOGL2D.createSpatial(StyledDisplayLayerOGL2D.java:146)
	at repast.simphony.visualizationOGL2D.StyledDisplayLayerOGL2D.processAdded(StyledDisplayLayerOGL2D.java:228)
	at repast.simphony.visualizationOGL2D.StyledDisplayLayerOGL2D.update(StyledDisplayLayerOGL2D.java:250)
	at repast.simphony.visualizationOGL2D.DisplayOGL2D.update(DisplayOGL2D.java:404)
	at repast.simphony.visualization.engine.DisplayComponentControllerAction$DisplayUpdater.execute(DisplayComponentControllerAction.java:44)
	at repast.simphony.engine.schedule.DefaultAction.execute(DefaultAction.java:38)
	at repast.simphony.engine.schedule.ScheduleGroup.executeList(ScheduleGroup.java:205)
	at repast.simphony.engine.schedule.ScheduleGroup.execute(ScheduleGroup.java:238)
	at repast.simphony.engine.schedule.Schedule.execute(Schedule.java:352)
	at repast.simphony.ui.GUIScheduleRunner$ScheduleLoopRunnable.run(GUIScheduleRunner.java:52)
	at java.lang.Thread.run(Unknown Source)
FATAL [Thread-7] 2017-11-21 15:44:48,158 repast.simphony.ui.GUIScheduleRunner - RunTimeException when running the schedule
Current tick (38629.0)
java.nio.BufferUnderflowException
	at java.nio.DirectFloatBufferU.get(Unknown Source)
	at java.nio.FloatBuffer.get(Unknown Source)
	at saf.v3d.util.Utils3D.createBoundingSphere(Utils3D.java:178)
	at saf.v3d.render.LineShape.<init>(LineShape.java:25)
	at saf.v3d.render.LineListRenderer.createShape(LineListRenderer.java:137)
	at saf.v3d.ShapeFactory2D.createShape(ShapeFactory2D.java:371)
	at saf.v3d.ShapeFactory2D.createShape(ShapeFactory2D.java:356)
	at immunity.EndosomeStyle.getVSpatial(EndosomeStyle.java:76)
	at immunity.EndosomeStyle.getVSpatial(EndosomeStyle.java:1)
	at repast.simphony.visualizationOGL2D.StyledDisplayLayerOGL2D.createSpatial(StyledDisplayLayerOGL2D.java:146)
	at repast.simphony.visualizationOGL2D.StyledDisplayLayerOGL2D.processAdded(StyledDisplayLayerOGL2D.java:228)
	at repast.simphony.visualizationOGL2D.StyledDisplayLayerOGL2D.update(StyledDisplayLayerOGL2D.java:250)
	at repast.simphony.visualizationOGL2D.DisplayOGL2D.update(DisplayOGL2D.java:404)
	at repast.simphony.visualization.engine.DisplayComponentControllerAction$DisplayUpdater.execute(DisplayComponentControllerAction.java:44)
	at repast.simphony.engine.schedule.DefaultAction.execute(DefaultAction.java:38)
	at repast.simphony.engine.schedule.ScheduleGroup.executeList(ScheduleGroup.java:205)
	at repast.simphony.engine.schedule.ScheduleGroup.execute(ScheduleGroup.java:238)
	at repast.simphony.engine.schedule.Schedule.execute(Schedule.java:352)
	at repast.simphony.ui.GUIScheduleRunner$ScheduleLoopRunnable.run(GUIScheduleRunner.java:52)
	at java.lang.Thread.run(Unknown Source)
FATAL [Thread-7] 2017-11-21 15:55:59,269 repast.simphony.ui.GUIScheduleRunner - RunTimeException when running the schedule
Current tick (31061.0)
java.nio.BufferUnderflowException
	at java.nio.DirectFloatBufferU.get(Unknown Source)
	at java.nio.FloatBuffer.get(Unknown Source)
	at saf.v3d.util.Utils3D.createBoundingSphere(Utils3D.java:178)
	at saf.v3d.render.LineShape.<init>(LineShape.java:25)
	at saf.v3d.render.LineListRenderer.createShape(LineListRenderer.java:137)
	at saf.v3d.ShapeFactory2D.createShape(ShapeFactory2D.java:371)
	at saf.v3d.ShapeFactory2D.createShape(ShapeFactory2D.java:356)
	at immunity.EndosomeStyle.getVSpatial(EndosomeStyle.java:76)
	at immunity.EndosomeStyle.getVSpatial(EndosomeStyle.java:1)
	at repast.simphony.visualizationOGL2D.StyledDisplayLayerOGL2D.createSpatial(StyledDisplayLayerOGL2D.java:146)
	at repast.simphony.visualizationOGL2D.StyledDisplayLayerOGL2D.processAdded(StyledDisplayLayerOGL2D.java:228)
	at repast.simphony.visualizationOGL2D.StyledDisplayLayerOGL2D.update(StyledDisplayLayerOGL2D.java:250)
	at repast.simphony.visualizationOGL2D.DisplayOGL2D.update(DisplayOGL2D.java:404)
	at repast.simphony.visualization.engine.DisplayComponentControllerAction$DisplayUpdater.execute(DisplayComponentControllerAction.java:44)
	at repast.simphony.engine.schedule.DefaultAction.execute(DefaultAction.java:38)
	at repast.simphony.engine.schedule.ScheduleGroup.executeList(ScheduleGroup.java:205)
	at repast.simphony.engine.schedule.ScheduleGroup.execute(ScheduleGroup.java:238)
	at repast.simphony.engine.schedule.Schedule.execute(Schedule.java:352)
	at repast.simphony.ui.GUIScheduleRunner$ScheduleLoopRunnable.run(GUIScheduleRunner.java:52)
	at java.lang.Thread.run(Unknown Source)
FATAL [Thread-7] 2017-11-21 16:02:10,070 repast.simphony.ui.GUIScheduleRunner - RunTimeException when running the schedule
Current tick (7474.0)
java.nio.BufferUnderflowException
	at java.nio.DirectFloatBufferU.get(Unknown Source)
	at java.nio.FloatBuffer.get(Unknown Source)
	at saf.v3d.util.Utils3D.createBoundingSphere(Utils3D.java:178)
	at saf.v3d.render.LineShape.<init>(LineShape.java:25)
	at saf.v3d.render.LineListRenderer.createShape(LineListRenderer.java:137)
	at saf.v3d.ShapeFactory2D.createShape(ShapeFactory2D.java:371)
	at saf.v3d.ShapeFactory2D.createShape(ShapeFactory2D.java:356)
	at immunity.EndosomeStyle.getVSpatial(EndosomeStyle.java:76)
	at immunity.EndosomeStyle.getVSpatial(EndosomeStyle.java:1)
	at repast.simphony.visualizationOGL2D.StyledDisplayLayerOGL2D.createSpatial(StyledDisplayLayerOGL2D.java:146)
	at repast.simphony.visualizationOGL2D.StyledDisplayLayerOGL2D.processAdded(StyledDisplayLayerOGL2D.java:228)
	at repast.simphony.visualizationOGL2D.StyledDisplayLayerOGL2D.update(StyledDisplayLayerOGL2D.java:250)
	at repast.simphony.visualizationOGL2D.DisplayOGL2D.update(DisplayOGL2D.java:404)
	at repast.simphony.visualization.engine.DisplayComponentControllerAction$DisplayUpdater.execute(DisplayComponentControllerAction.java:44)
	at repast.simphony.engine.schedule.DefaultAction.execute(DefaultAction.java:38)
	at repast.simphony.engine.schedule.ScheduleGroup.executeList(ScheduleGroup.java:205)
	at repast.simphony.engine.schedule.ScheduleGroup.execute(ScheduleGroup.java:238)
	at repast.simphony.engine.schedule.Schedule.execute(Schedule.java:352)
	at repast.simphony.ui.GUIScheduleRunner$ScheduleLoopRunnable.run(GUIScheduleRunner.java:52)
	at java.lang.Thread.run(Unknown Source)
FATAL [Thread-7] 2017-11-21 16:11:30,664 repast.simphony.ui.GUIScheduleRunner - RunTimeException when running the schedule
Current tick (22677.0)
java.nio.BufferUnderflowException
	at java.nio.DirectFloatBufferU.get(Unknown Source)
	at java.nio.FloatBuffer.get(Unknown Source)
	at saf.v3d.util.Utils3D.createBoundingSphere(Utils3D.java:178)
	at saf.v3d.render.LineShape.<init>(LineShape.java:25)
	at saf.v3d.render.LineListRenderer.createShape(LineListRenderer.java:137)
	at saf.v3d.ShapeFactory2D.createShape(ShapeFactory2D.java:371)
	at saf.v3d.ShapeFactory2D.createShape(ShapeFactory2D.java:356)
	at immunity.EndosomeStyle.getVSpatial(EndosomeStyle.java:76)
	at immunity.EndosomeStyle.getVSpatial(EndosomeStyle.java:1)
	at repast.simphony.visualizationOGL2D.StyledDisplayLayerOGL2D.createSpatial(StyledDisplayLayerOGL2D.java:146)
	at repast.simphony.visualizationOGL2D.StyledDisplayLayerOGL2D.processAdded(StyledDisplayLayerOGL2D.java:228)
	at repast.simphony.visualizationOGL2D.StyledDisplayLayerOGL2D.update(StyledDisplayLayerOGL2D.java:250)
	at repast.simphony.visualizationOGL2D.DisplayOGL2D.update(DisplayOGL2D.java:404)
	at repast.simphony.visualization.engine.DisplayComponentControllerAction$DisplayUpdater.execute(DisplayComponentControllerAction.java:44)
	at repast.simphony.engine.schedule.DefaultAction.execute(DefaultAction.java:38)
	at repast.simphony.engine.schedule.ScheduleGroup.executeList(ScheduleGroup.java:205)
	at repast.simphony.engine.schedule.ScheduleGroup.execute(ScheduleGroup.java:238)
	at repast.simphony.engine.schedule.Schedule.execute(Schedule.java:352)
	at repast.simphony.ui.GUIScheduleRunner$ScheduleLoopRunnable.run(GUIScheduleRunner.java:52)
	at java.lang.Thread.run(Unknown Source)
FATAL [Thread-7] 2017-11-21 16:28:37,390 repast.simphony.ui.GUIScheduleRunner - RunTimeException when running the schedule
Current tick (8757.0)
java.nio.BufferUnderflowException
	at java.nio.DirectFloatBufferU.get(Unknown Source)
	at java.nio.FloatBuffer.get(Unknown Source)
	at saf.v3d.util.Utils3D.createBoundingSphere(Utils3D.java:178)
	at saf.v3d.render.LineShape.<init>(LineShape.java:25)
	at saf.v3d.render.LineListRenderer.createShape(LineListRenderer.java:137)
	at saf.v3d.ShapeFactory2D.createShape(ShapeFactory2D.java:371)
	at saf.v3d.ShapeFactory2D.createShape(ShapeFactory2D.java:356)
	at immunity.EndosomeStyle.getVSpatial(EndosomeStyle.java:76)
	at immunity.EndosomeStyle.getVSpatial(EndosomeStyle.java:1)
	at repast.simphony.visualizationOGL2D.StyledDisplayLayerOGL2D.createSpatial(StyledDisplayLayerOGL2D.java:146)
	at repast.simphony.visualizationOGL2D.StyledDisplayLayerOGL2D.processAdded(StyledDisplayLayerOGL2D.java:228)
	at repast.simphony.visualizationOGL2D.StyledDisplayLayerOGL2D.update(StyledDisplayLayerOGL2D.java:250)
	at repast.simphony.visualizationOGL2D.DisplayOGL2D.update(DisplayOGL2D.java:404)
	at repast.simphony.visualization.engine.DisplayComponentControllerAction$DisplayUpdater.execute(DisplayComponentControllerAction.java:44)
	at repast.simphony.engine.schedule.DefaultAction.execute(DefaultAction.java:38)
	at repast.simphony.engine.schedule.ScheduleGroup.executeList(ScheduleGroup.java:205)
	at repast.simphony.engine.schedule.ScheduleGroup.execute(ScheduleGroup.java:238)
	at repast.simphony.engine.schedule.Schedule.execute(Schedule.java:352)
	at repast.simphony.ui.GUIScheduleRunner$ScheduleLoopRunnable.run(GUIScheduleRunner.java:52)
	at java.lang.Thread.run(Unknown Source)
FATAL [Thread-7] 2017-11-21 16:46:48,795 repast.simphony.ui.GUIScheduleRunner - RunTimeException when running the schedule
Current tick (24451.0)
java.nio.BufferUnderflowException
	at java.nio.DirectFloatBufferU.get(Unknown Source)
	at java.nio.FloatBuffer.get(Unknown Source)
	at saf.v3d.util.Utils3D.createBoundingSphere(Utils3D.java:178)
	at saf.v3d.render.LineShape.<init>(LineShape.java:25)
	at saf.v3d.render.LineListRenderer.createShape(LineListRenderer.java:137)
	at saf.v3d.ShapeFactory2D.createShape(ShapeFactory2D.java:371)
	at saf.v3d.ShapeFactory2D.createShape(ShapeFactory2D.java:356)
	at immunity.EndosomeStyle.getVSpatial(EndosomeStyle.java:76)
	at immunity.EndosomeStyle.getVSpatial(EndosomeStyle.java:1)
	at repast.simphony.visualizationOGL2D.StyledDisplayLayerOGL2D.createSpatial(StyledDisplayLayerOGL2D.java:146)
	at repast.simphony.visualizationOGL2D.StyledDisplayLayerOGL2D.processAdded(StyledDisplayLayerOGL2D.java:228)
	at repast.simphony.visualizationOGL2D.StyledDisplayLayerOGL2D.update(StyledDisplayLayerOGL2D.java:250)
	at repast.simphony.visualizationOGL2D.DisplayOGL2D.update(DisplayOGL2D.java:404)
	at repast.simphony.visualization.engine.DisplayComponentControllerAction$DisplayUpdater.execute(DisplayComponentControllerAction.java:44)
	at repast.simphony.engine.schedule.DefaultAction.execute(DefaultAction.java:38)
	at repast.simphony.engine.schedule.ScheduleGroup.executeList(ScheduleGroup.java:205)
	at repast.simphony.engine.schedule.ScheduleGroup.execute(ScheduleGroup.java:238)
	at repast.simphony.engine.schedule.Schedule.execute(Schedule.java:352)
	at repast.simphony.ui.GUIScheduleRunner$ScheduleLoopRunnable.run(GUIScheduleRunner.java:52)
	at java.lang.Thread.run(Unknown Source)
FATAL [Thread-7] 2017-11-21 16:55:06,470 repast.simphony.ui.GUIScheduleRunner - RunTimeException when running the schedule
Current tick (2804.0)
java.nio.BufferUnderflowException
	at java.nio.DirectFloatBufferU.get(Unknown Source)
	at java.nio.FloatBuffer.get(Unknown Source)
	at saf.v3d.util.Utils3D.createBoundingSphere(Utils3D.java:178)
	at saf.v3d.render.LineShape.<init>(LineShape.java:25)
	at saf.v3d.render.LineListRenderer.createShape(LineListRenderer.java:137)
	at saf.v3d.ShapeFactory2D.createShape(ShapeFactory2D.java:371)
	at saf.v3d.ShapeFactory2D.createShape(ShapeFactory2D.java:356)
	at immunity.EndosomeStyle.getVSpatial(EndosomeStyle.java:76)
	at immunity.EndosomeStyle.getVSpatial(EndosomeStyle.java:1)
	at repast.simphony.visualizationOGL2D.StyledDisplayLayerOGL2D.createSpatial(StyledDisplayLayerOGL2D.java:146)
	at repast.simphony.visualizationOGL2D.StyledDisplayLayerOGL2D.processAdded(StyledDisplayLayerOGL2D.java:228)
	at repast.simphony.visualizationOGL2D.StyledDisplayLayerOGL2D.update(StyledDisplayLayerOGL2D.java:250)
	at repast.simphony.visualizationOGL2D.DisplayOGL2D.update(DisplayOGL2D.java:404)
	at repast.simphony.visualization.engine.DisplayComponentControllerAction$DisplayUpdater.execute(DisplayComponentControllerAction.java:44)
	at repast.simphony.engine.schedule.DefaultAction.execute(DefaultAction.java:38)
	at repast.simphony.engine.schedule.ScheduleGroup.executeList(ScheduleGroup.java:205)
	at repast.simphony.engine.schedule.ScheduleGroup.execute(ScheduleGroup.java:238)
	at repast.simphony.engine.schedule.Schedule.execute(Schedule.java:352)
	at repast.simphony.ui.GUIScheduleRunner$ScheduleLoopRunnable.run(GUIScheduleRunner.java:52)
	at java.lang.Thread.run(Unknown Source)
