#
# A fatal error has been detected by the Java Runtime Environment:
#
#  EXCEPTION_ACCESS_VIOLATION (0xc0000005) at pc=0x00007ff88dac0700, pid=10456, tid=0x0000000000003a2c
#
# JRE version: Java(TM) SE Runtime Environment (8.0_191-b12) (build 1.8.0_191-b12)
# Java VM: Java HotSpot(TM) 64-Bit Server VM (25.191-b12 mixed mode windows-amd64 compressed oops)
# Problematic frame:
# C  [ig9icd64.dll+0x2a0700]
#
# Failed to write core dump. Minidumps are not enabled by default on client versions of Windows
#
# If you would like to submit a bug report, please visit:
#   http://bugreport.java.com/bugreport/crash.jsp
# The crash happened outside the Java Virtual Machine in native code.
# See problematic frame for where to report the bug.
#

---------------  T H R E A D  ---------------

Current thread (0x0000000019b2f800):  JavaThread "AWT-EventQueue-0" [_thread_in_native, id=14892, stack(0x0000000023180000,0x0000000023b80000)]

siginfo: ExceptionCode=0xc0000005, writing address 0x00000000286d0000

Registers:
RAX=0x00000006784b0000, RBX=0x0000000000000001, RCX=0x00000000286cfb00, RDX=0x0000000000000500
RSP=0x0000000023b7b100, RBP=0x0000000023b7b200, RSI=0x0000000027956aa0, RDI=0x0000000027397970
R8 =0x000000001f215248, R9 =0x0000000000000000, R10=0x000000001f216340, R11=0x000000001f1e0e80
R12=0x0000000000000000, R13=0x0000000000000000, R14=0x000000001f1e0e80, R15=0x000000001f2153a0
RIP=0x00007ff88dac0700, EFLAGS=0x0000000000010206

Top of Stack: (sp=0x0000000023b7b100)
0x0000000023b7b100:   0000000000000380 0000000000000000
0x0000000023b7b110:   0000000000000000 0000000000000000
0x0000000023b7b120:   0000024800000170 0000000027375ff0
0x0000000023b7b130:   0000000000000000 0000000000000000
0x0000000023b7b140:   0000000000000000 0000000000000000
0x0000000023b7b150:   0000000027375ff0 0000000100000001
0x0000000023b7b160:   0000000000000000 0000000001348ab0
0x0000000023b7b170:   0000000027397970 0000000000000000
0x0000000023b7b180:   00000000273982e0 000000002796eb80
0x0000000023b7b190:   0000000000000000 0000000000000000
0x0000000023b7b1a0:   0000000000000000 0000000000000000
0x0000000023b7b1b0:   0000000000000000 0000000000000000
0x0000000023b7b1c0:   0000000027375ff0 0000000078100007
0x0000000023b7b1d0:   0000000000000000 0000000000000000
0x0000000023b7b1e0:   a700040500200800 0000000000220000
0x0000000023b7b1f0:   0000000000000000 0000000000000000 

Instructions: (pc=0x00007ff88dac0700)
0x00007ff88dac06e0:   00 00 74 30 4d 8b 86 e0 43 03 00 49 8b 87 20 06
0x00007ff88dac06f0:   00 00 41 8b 50 10 49 8b 08 48 8b 80 d0 e8 00 00
0x00007ff88dac0700:   48 89 04 0a 41 83 40 10 08 41 81 a7 30 06 00 00
0x00007ff88dac0710:   ff 7f ff ff 41 f6 87 2c 06 00 00 20 74 3c 49 8b 


Register to memory mapping:

RAX=0x00000006784b0000 is an unknown value
RBX=0x0000000000000001 is an unknown value
RCX=0x00000000286cfb00 is an unknown value
RDX=0x0000000000000500 is an unknown value
RSP=0x0000000023b7b100 is pointing into the stack for thread: 0x0000000019b2f800
RBP=0x0000000023b7b200 is pointing into the stack for thread: 0x0000000019b2f800
RSI=0x0000000027956aa0 is an unknown value
RDI=0x0000000027397970 is an unknown value
R8 =0x000000001f215248 is an unknown value
R9 =0x0000000000000000 is an unknown value
R10=0x000000001f216340 is an unknown value
R11=0x000000001f1e0e80 is an unknown value
R12=0x0000000000000000 is an unknown value
R13=0x0000000000000000 is an unknown value
R14=0x000000001f1e0e80 is an unknown value
R15=0x000000001f2153a0 is an unknown value


Stack: [0x0000000023180000,0x0000000023b80000],  sp=0x0000000023b7b100,  free space=10220k
Native frames: (J=compiled Java code, j=interpreted, Vv=VM code, C=native code)
C  [ig9icd64.dll+0x2a0700]
C  [ig9icd64.dll+0x9f8eb]
C  [ig9icd64.dll+0x2d9008]
C  [ig9icd64.dll+0x2d8ead]
C  [ig9icd64.dll+0x2d70a2]
C  [ig9icd64.dll+0x19ff78]
C  [ig9icd64.dll+0x42dc5e]
C  0x00000000043a3e75

Java frames: (J=compiled Java code, j=interpreted, Vv=VM code)
J 3985  jogamp.opengl.gl4.GL4bcImpl.dispatch_glPopMatrix1(J)V (0 bytes) @ 0x00000000043a3dfb [0x00000000043a3dc0+0x3b]
J 3984 C1 jogamp.opengl.gl4.GL4bcImpl.glPopMatrix()V (49 bytes) @ 0x00000000043b249c [0x00000000043b20e0+0x3bc]
J 3977 C1 saf.v3d.scene.VSpatial.draw(Ljavax/media/opengl/GL2;Lsaf/v3d/render/RenderState;)V (132 bytes) @ 0x00000000043a581c [0x00000000043a5660+0x1bc]
J 3986 C1 repast.simphony.visualizationOGL2D.SpatialWrapper.draw(Ljavax/media/opengl/GL2;Lsaf/v3d/render/RenderState;)V (10 bytes) @ 0x00000000043b33c4 [0x00000000043b32e0+0xe4]
J 6312 C1 saf.v3d.scene.VComposite.doDraw(Ljavax/media/opengl/GL2;Lsaf/v3d/render/RenderState;)V (49 bytes) @ 0x0000000004a867cc [0x0000000004a866e0+0xec]
J 3977 C1 saf.v3d.scene.VSpatial.draw(Ljavax/media/opengl/GL2;Lsaf/v3d/render/RenderState;)V (132 bytes) @ 0x00000000043a5804 [0x00000000043a5660+0x1a4]
J 6312 C1 saf.v3d.scene.VComposite.doDraw(Ljavax/media/opengl/GL2;Lsaf/v3d/render/RenderState;)V (49 bytes) @ 0x0000000004a867cc [0x0000000004a866e0+0xec]
J 3977 C1 saf.v3d.scene.VSpatial.draw(Ljavax/media/opengl/GL2;Lsaf/v3d/render/RenderState;)V (132 bytes) @ 0x00000000043a5804 [0x00000000043a5660+0x1a4]
j  saf.v3d.Canvas2D.display(Ljavax/media/opengl/GLAutoDrawable;)V+128
j  jogamp.opengl.GLDrawableHelper.displayImpl(Ljavax/media/opengl/GLAutoDrawable;)V+81
j  jogamp.opengl.GLDrawableHelper.display(Ljavax/media/opengl/GLAutoDrawable;)V+2
j  javax.media.opengl.awt.GLCanvas$10.run()V+118
j  jogamp.opengl.GLDrawableHelper.invokeGLImpl(Ljavax/media/opengl/GLDrawable;Ljavax/media/opengl/GLContext;Ljava/lang/Runnable;Ljava/lang/Runnable;)V+203
j  jogamp.opengl.GLDrawableHelper.invokeGL(Ljavax/media/opengl/GLDrawable;Ljavax/media/opengl/GLContext;Ljava/lang/Runnable;Ljava/lang/Runnable;)V+72
j  javax.media.opengl.awt.GLCanvas$11.run()V+73
j  javax.media.opengl.Threading.invoke(ZLjava/lang/Runnable;Ljava/lang/Object;)V+27
j  javax.media.opengl.awt.GLCanvas.display()V+64
j  saf.v3d.Canvas2D.update()V+4
j  repast.simphony.visualizationOGL2D.DisplayOGL2D$2.componentResized(Ljava/awt/event/ComponentEvent;)V+27
j  java.awt.Component.processComponentEvent(Ljava/awt/event/ComponentEvent;)V+46
j  java.awt.Component.processEvent(Ljava/awt/AWTEvent;)V+139
J 3060 C1 java.awt.Container.processEvent(Ljava/awt/AWTEvent;)V (22 bytes) @ 0x0000000003b5c0cc [0x0000000003b5bda0+0x32c]
J 4043 C1 java.awt.Component.dispatchEventImpl(Ljava/awt/AWTEvent;)V (921 bytes) @ 0x00000000043ea5e4 [0x00000000043e5100+0x54e4]
J 3028 C1 java.awt.Container.dispatchEventImpl(Ljava/awt/AWTEvent;)V (129 bytes) @ 0x0000000003dc9c04 [0x0000000003dc9ac0+0x144]
J 3054 C1 java.awt.EventQueue.dispatchEventImpl(Ljava/awt/AWTEvent;Ljava/lang/Object;)V (149 bytes) @ 0x0000000003bc61fc [0x0000000003bc49c0+0x183c]
J 3052 C1 java.awt.EventQueue$3.run()Ljava/lang/Void; (60 bytes) @ 0x0000000003e530cc [0x0000000003e52ec0+0x20c]
J 3051 C1 java.awt.EventQueue$3.run()Ljava/lang/Object; (5 bytes) @ 0x0000000003e5378c [0x0000000003e53700+0x8c]
v  ~StubRoutines::call_stub
J 1439  java.security.AccessController.doPrivileged(Ljava/security/PrivilegedAction;Ljava/security/AccessControlContext;)Ljava/lang/Object; (0 bytes) @ 0x0000000003eef826 [0x0000000003eef7c0+0x66]
J 4417 C1 java.awt.EventQueue$4.run()Ljava/lang/Object; (5 bytes) @ 0x00000000044bacec [0x00000000044ba8c0+0x42c]
v  ~StubRoutines::call_stub
J 1439  java.security.AccessController.doPrivileged(Ljava/security/PrivilegedAction;Ljava/security/AccessControlContext;)Ljava/lang/Object; (0 bytes) @ 0x0000000003eef826 [0x0000000003eef7c0+0x66]
J 2947 C1 java.awt.EventQueue.dispatchEvent(Ljava/awt/AWTEvent;)V (80 bytes) @ 0x0000000003c2dd3c [0x0000000003c2cec0+0xe7c]
J 2950 C1 java.awt.EventDispatchThread.pumpOneEventForFilters(I)V (190 bytes) @ 0x0000000003b8084c [0x0000000003b7f700+0x114c]
j  java.awt.EventDispatchThread.pumpEventsForFilter(ILjava/awt/Conditional;Ljava/awt/EventFilter;)V+35
j  java.awt.EventDispatchThread.pumpEventsForHierarchy(ILjava/awt/Conditional;Ljava/awt/Component;)V+11
j  java.awt.EventDispatchThread.pumpEvents(ILjava/awt/Conditional;)V+4
j  java.awt.EventDispatchThread.pumpEvents(Ljava/awt/Conditional;)V+3
j  java.awt.EventDispatchThread.run()V+9
v  ~StubRoutines::call_stub

---------------  P R O C E S S  ---------------

Java Threads: ( => current thread )
  0x0000000019d94000 JavaThread "AWT-EventQueue-0-SharedResourceRunner" daemon [_thread_blocked, id=7984, stack(0x0000000027c40000,0x0000000028640000)]
  0x0000000002ede800 JavaThread "DestroyJavaVM" [_thread_blocked, id=13824, stack(0x0000000002ee0000,0x00000000038e0000)]
  0x0000000019d9e000 JavaThread "TimerQueue" daemon [_thread_blocked, id=14564, stack(0x0000000023b80000,0x0000000024580000)]
=>0x0000000019b2f800 JavaThread "AWT-EventQueue-0" [_thread_in_native, id=14892, stack(0x0000000023180000,0x0000000023b80000)]
  0x000000001a8d6000 JavaThread "AWT-Windows" daemon [_thread_in_native, id=14504, stack(0x000000001c3e0000,0x000000001cde0000)]
  0x0000000019d1f000 JavaThread "AWT-Shutdown" [_thread_blocked, id=13232, stack(0x000000001b9e0000,0x000000001c3e0000)]
  0x0000000019d1e800 JavaThread "Java2D Disposer" daemon [_thread_blocked, id=10708, stack(0x000000001afe0000,0x000000001b9e0000)]
  0x00000000183e9000 JavaThread "Service Thread" daemon [_thread_blocked, id=17636, stack(0x00000000189d0000,0x00000000193d0000)]
  0x00000000183dc000 JavaThread "C1 CompilerThread2" daemon [_thread_blocked, id=9484, stack(0x00000000188d0000,0x00000000189d0000)]
  0x00000000148bd800 JavaThread "C2 CompilerThread1" daemon [_thread_blocked, id=232, stack(0x00000000187d0000,0x00000000188d0000)]
  0x0000000014861800 JavaThread "C2 CompilerThread0" daemon [_thread_blocked, id=9468, stack(0x00000000182d0000,0x00000000183d0000)]
  0x000000001485e000 JavaThread "Attach Listener" daemon [_thread_blocked, id=5848, stack(0x00000000178d0000,0x00000000182d0000)]
  0x000000001485c000 JavaThread "Signal Dispatcher" daemon [_thread_blocked, id=11452, stack(0x0000000016ed0000,0x00000000178d0000)]
  0x000000001484a000 JavaThread "Finalizer" daemon [_thread_blocked, id=16724, stack(0x00000000163d0000,0x0000000016dd0000)]
  0x0000000002e22000 JavaThread "Reference Handler" daemon [_thread_blocked, id=1508, stack(0x00000000159d0000,0x00000000163d0000)]

Other Threads:
  0x0000000014827800 VMThread [stack: 0x00000000158d0000,0x00000000159d0000] [id=10360]
  0x00000000183eb000 WatcherThread [stack: 0x00000000193d0000,0x00000000194d0000] [id=2892]

VM state:not at safepoint (normal execution)

VM Mutex/Monitor currently owned by a thread: None

Heap:
 PSYoungGen      total 110080K, used 35501K [0x00000000f7b00000, 0x0000000100000000, 0x0000000100000000)
  eden space 96256K, 22% used [0x00000000f7b00000,0x00000000f903ef40,0x00000000fd900000)
  from space 13824K, 99% used [0x00000000fd900000,0x00000000fe66c690,0x00000000fe680000)
  to   space 20992K, 0% used [0x00000000feb80000,0x00000000feb80000,0x0000000100000000)
 ParOldGen       total 148992K, used 79520K [0x00000000e7000000, 0x00000000f0180000, 0x00000000f7b00000)
  object space 148992K, 53% used [0x00000000e7000000,0x00000000ebda80e0,0x00000000f0180000)
 Metaspace       used 45670K, capacity 46107K, committed 46336K, reserved 1089536K
  class space    used 5698K, capacity 5825K, committed 5888K, reserved 1048576K

Card table byte_map: [0x0000000012ca0000,0x0000000012d70000] byte_map_base: 0x0000000012568000

Marking Bits: (ParMarkBitMap*) 0x0000000073053e30
 Begin Bits: [0x0000000013170000, 0x00000000137b0000)
 End Bits:   [0x00000000137b0000, 0x0000000013df0000)

Polling page: 0x0000000002cf0000

CodeCache: size=245760Kb used=19020Kb max_used=19035Kb free=226739Kb
 bounds [0x00000000038e0000, 0x0000000004be0000, 0x00000000128e0000]
 total_blobs=6772 nmethods=5701 adapters=982
 compilation: enabled

Compilation events (10 events):
Event: 52.965 Thread 0x00000000183dc000 6692       1       com.jogamp.common.os.MachineDescription::intSizeInBytes (5 bytes)
Event: 52.965 Thread 0x00000000183dc000 nmethod 6692 0x0000000003c70750 code [0x0000000003c708a0, 0x0000000003c709b0]
Event: 52.977 Thread 0x00000000148bd800 6693       4       javax.vecmath.Matrix3f::<init> (50 bytes)
Event: 52.977 Thread 0x0000000014861800 6694       4       repast.simphony.visualization.continuous.Continuous2DLayout::getLocation (113 bytes)
Event: 52.977 Thread 0x00000000148bd800 nmethod 6693 0x0000000004b1b8d0 code [0x0000000004b1ba00, 0x0000000004b1ba78]
Event: 52.977 Thread 0x00000000148bd800 6695       4       saf.v3d.scene.VShape::<init> (31 bytes)
Event: 52.980 Thread 0x00000000183dc000 6696       1       saf.v3d.scene.TextureLayerCollection::access$1 (5 bytes)
Event: 52.980 Thread 0x00000000183dc000 nmethod 6696 0x0000000003c70490 code [0x0000000003c705e0, 0x0000000003c706d0]
Event: 53.002 Thread 0x0000000014861800 nmethod 6694 0x000000000450cc90 code [0x000000000450ce80, 0x000000000450dba8]
Event: 53.007 Thread 0x00000000148bd800 nmethod 6695 0x0000000004201b90 code [0x0000000004201dc0, 0x0000000004202a48]

GC Heap History (10 events):
Event: 27.474 GC heap before
{Heap before GC invocations=25 (full 2):
 PSYoungGen      total 123904K, used 123873K [0x00000000f7b00000, 0x0000000100000000, 0x0000000100000000)
  eden space 115712K, 100% used [0x00000000f7b00000,0x00000000fec00000,0x00000000fec00000)
  from space 8192K, 99% used [0x00000000ff800000,0x00000000ffff85e0,0x0000000100000000)
  to   space 10240K, 0% used [0x00000000fec00000,0x00000000fec00000,0x00000000ff600000)
 ParOldGen       total 148992K, used 35058K [0x00000000e7000000, 0x00000000f0180000, 0x00000000f7b00000)
  object space 148992K, 23% used [0x00000000e7000000,0x00000000e923c988,0x00000000f0180000)
 Metaspace       used 42882K, capacity 43331K, committed 43520K, reserved 1087488K
  class space    used 5500K, capacity 5629K, committed 5632K, reserved 1048576K
Event: 27.488 GC heap after
Heap after GC invocations=25 (full 2):
 PSYoungGen      total 125952K, used 5057K [0x00000000f7b00000, 0x0000000100000000, 0x0000000100000000)
  eden space 115712K, 0% used [0x00000000f7b00000,0x00000000f7b00000,0x00000000fec00000)
  from space 10240K, 49% used [0x00000000fec00000,0x00000000ff0f0650,0x00000000ff600000)
  to   space 9728K, 0% used [0x00000000ff680000,0x00000000ff680000,0x0000000100000000)
 ParOldGen       total 148992K, used 37154K [0x00000000e7000000, 0x00000000f0180000, 0x00000000f7b00000)
  object space 148992K, 24% used [0x00000000e7000000,0x00000000e94489b8,0x00000000f0180000)
 Metaspace       used 42882K, capacity 43331K, committed 43520K, reserved 1087488K
  class space    used 5500K, capacity 5629K, committed 5632K, reserved 1048576K
}
Event: 27.676 GC heap before
{Heap before GC invocations=26 (full 2):
 PSYoungGen      total 125952K, used 120769K [0x00000000f7b00000, 0x0000000100000000, 0x0000000100000000)
  eden space 115712K, 100% used [0x00000000f7b00000,0x00000000fec00000,0x00000000fec00000)
  from space 10240K, 49% used [0x00000000fec00000,0x00000000ff0f0650,0x00000000ff600000)
  to   space 9728K, 0% used [0x00000000ff680000,0x00000000ff680000,0x0000000100000000)
 ParOldGen       total 148992K, used 37154K [0x00000000e7000000, 0x00000000f0180000, 0x00000000f7b00000)
  object space 148992K, 24% used [0x00000000e7000000,0x00000000e94489b8,0x00000000f0180000)
 Metaspace       used 42900K, capacity 43331K, committed 43520K, reserved 1087488K
  class space    used 5500K, capacity 5629K, committed 5632K, reserved 1048576K
Event: 27.684 GC heap after
Heap after GC invocations=26 (full 2):
 PSYoungGen      total 124416K, used 4336K [0x00000000f7b00000, 0x00000000ffe80000, 0x0000000100000000)
  eden space 116224K, 0% used [0x00000000f7b00000,0x00000000f7b00000,0x00000000fec80000)
  from space 8192K, 52% used [0x00000000ff680000,0x00000000ffabc010,0x00000000ffe80000)
  to   space 9216K, 0% used [0x00000000fec80000,0x00000000fec80000,0x00000000ff580000)
 ParOldGen       total 148992K, used 41357K [0x00000000e7000000, 0x00000000f0180000, 0x00000000f7b00000)
  object space 148992K, 27% used [0x00000000e7000000,0x00000000e98635f8,0x00000000f0180000)
 Metaspace       used 42900K, capacity 43331K, committed 43520K, reserved 1087488K
  class space    used 5500K, capacity 5629K, committed 5632K, reserved 1048576K
}
Event: 28.447 GC heap before
{Heap before GC invocations=27 (full 2):
 PSYoungGen      total 124416K, used 120560K [0x00000000f7b00000, 0x00000000ffe80000, 0x0000000100000000)
  eden space 116224K, 100% used [0x00000000f7b00000,0x00000000fec80000,0x00000000fec80000)
  from space 8192K, 52% used [0x00000000ff680000,0x00000000ffabc010,0x00000000ffe80000)
  to   space 9216K, 0% used [0x00000000fec80000,0x00000000fec80000,0x00000000ff580000)
 ParOldGen       total 148992K, used 41357K [0x00000000e7000000, 0x00000000f0180000, 0x00000000f7b00000)
  object space 148992K, 27% used [0x00000000e7000000,0x00000000e98635f8,0x00000000f0180000)
 Metaspace       used 44556K, capacity 44975K, committed 45184K, reserved 1089536K
  class space    used 5616K, capacity 5727K, committed 5760K, reserved 1048576K
Event: 28.455 GC heap after
Heap after GC invocations=27 (full 2):
 PSYoungGen      total 125440K, used 3289K [0x00000000f7b00000, 0x0000000100000000, 0x0000000100000000)
  eden space 116224K, 0% used [0x00000000f7b00000,0x00000000f7b00000,0x00000000fec80000)
  from space 9216K, 35% used [0x00000000fec80000,0x00000000fefb6520,0x00000000ff580000)
  to   space 9216K, 0% used [0x00000000ff700000,0x00000000ff700000,0x0000000100000000)
 ParOldGen       total 148992K, used 45653K [0x00000000e7000000, 0x00000000f0180000, 0x00000000f7b00000)
  object space 148992K, 30% used [0x00000000e7000000,0x00000000e9c95608,0x00000000f0180000)
 Metaspace       used 44556K, capacity 44975K, committed 45184K, reserved 1089536K
  class space    used 5616K, capacity 5727K, committed 5760K, reserved 1048576K
}
Event: 35.036 GC heap before
{Heap before GC invocations=28 (full 2):
 PSYoungGen      total 125440K, used 119513K [0x00000000f7b00000, 0x0000000100000000, 0x0000000100000000)
  eden space 116224K, 100% used [0x00000000f7b00000,0x00000000fec80000,0x00000000fec80000)
  from space 9216K, 35% used [0x00000000fec80000,0x00000000fefb6520,0x00000000ff580000)
  to   space 9216K, 0% used [0x00000000ff700000,0x00000000ff700000,0x0000000100000000)
 ParOldGen       total 148992K, used 45653K [0x00000000e7000000, 0x00000000f0180000, 0x00000000f7b00000)
  object space 148992K, 30% used [0x00000000e7000000,0x00000000e9c95608,0x00000000f0180000)
 Metaspace       used 45321K, capacity 45839K, committed 46080K, reserved 1089536K
  class space    used 5688K, capacity 5823K, committed 5888K, reserved 1048576K
Event: 35.096 GC heap after
Heap after GC invocations=28 (full 2):
 PSYoungGen      total 105472K, used 9216K [0x00000000f7b00000, 0x0000000100000000, 0x0000000100000000)
  eden space 96256K, 0% used [0x00000000f7b00000,0x00000000f7b00000,0x00000000fd900000)
  from space 9216K, 100% used [0x00000000ff700000,0x0000000100000000,0x0000000100000000)
  to   space 19968K, 0% used [0x00000000fd900000,0x00000000fd900000,0x00000000fec80000)
 ParOldGen       total 148992K, used 71480K [0x00000000e7000000, 0x00000000f0180000, 0x00000000f7b00000)
  object space 148992K, 47% used [0x00000000e7000000,0x00000000eb5ce0e0,0x00000000f0180000)
 Metaspace       used 45321K, capacity 45839K, committed 46080K, reserved 1089536K
  class space    used 5688K, capacity 5823K, committed 5888K, reserved 1048576K
}
Event: 37.612 GC heap before
{Heap before GC invocations=29 (full 2):
 PSYoungGen      total 105472K, used 105472K [0x00000000f7b00000, 0x0000000100000000, 0x0000000100000000)
  eden space 96256K, 100% used [0x00000000f7b00000,0x00000000fd900000,0x00000000fd900000)
  from space 9216K, 100% used [0x00000000ff700000,0x0000000100000000,0x0000000100000000)
  to   space 19968K, 0% used [0x00000000fd900000,0x00000000fd900000,0x00000000fec80000)
 ParOldGen       total 148992K, used 71480K [0x00000000e7000000, 0x00000000f0180000, 0x00000000f7b00000)
  object space 148992K, 47% used [0x00000000e7000000,0x00000000eb5ce0e0,0x00000000f0180000)
 Metaspace       used 45555K, capacity 46037K, committed 46336K, reserved 1089536K
  class space    used 5689K, capacity 5824K, committed 5888K, reserved 1048576K
Event: 37.734 GC heap after
Heap after GC invocations=29 (full 2):
 PSYoungGen      total 110080K, used 13745K [0x00000000f7b00000, 0x0000000100000000, 0x0000000100000000)
  eden space 96256K, 0% used [0x00000000f7b00000,0x00000000f7b00000,0x00000000fd900000)
  from space 13824K, 99% used [0x00000000fd900000,0x00000000fe66c690,0x00000000fe680000)
  to   space 20992K, 0% used [0x00000000feb80000,0x00000000feb80000,0x0000000100000000)
 ParOldGen       total 148992K, used 79520K [0x00000000e7000000, 0x00000000f0180000, 0x00000000f7b00000)
  object space 148992K, 53% used [0x00000000e7000000,0x00000000ebda80e0,0x00000000f0180000)
 Metaspace       used 45555K, capacity 46037K, committed 46336K, reserved 1089536K
  class space    used 5689K, capacity 5824K, committed 5888K, reserved 1048576K
}

Deoptimization events (10 events):
Event: 37.230 Thread 0x0000000019c8d000 Uncommon trap: reason=unstable_if action=reinterpret pc=0x00000000049686ac method=java.util.HashMap$TreeNode.find(ILjava/lang/Object;Ljava/lang/Class;)Ljava/util/HashMap$TreeNode; @ 39
Event: 37.249 Thread 0x0000000019c8d000 Uncommon trap: reason=unstable_if action=reinterpret pc=0x0000000004a63590 method=java.util.HashMap$TreeNode.find(ILjava/lang/Object;Ljava/lang/Class;)Ljava/util/HashMap$TreeNode; @ 39
Event: 37.249 Thread 0x0000000019c8d000 Uncommon trap: reason=unstable_if action=reinterpret pc=0x0000000004a06394 method=java.util.HashMap$TreeNode.find(ILjava/lang/Object;Ljava/lang/Class;)Ljava/util/HashMap$TreeNode; @ 39
Event: 37.781 Thread 0x0000000019c8d000 Uncommon trap: reason=unloaded action=reinterpret pc=0x0000000004b75180 method=immunity.Endosome$$FastClassByCGLIB$$3ff3446a.invoke(ILjava/lang/Object;[Ljava/lang/Object;)Ljava/lang/Object; @ 585
Event: 37.804 Thread 0x0000000019c8d000 Uncommon trap: reason=class_check action=maybe_recompile pc=0x0000000004268820 method=java.util.regex.Matcher.search(I)Z @ 86
Event: 37.804 Thread 0x0000000019c8d000 Uncommon trap: reason=class_check action=maybe_recompile pc=0x0000000004268820 method=java.util.regex.Matcher.search(I)Z @ 86
Event: 37.806 Thread 0x0000000019c8d000 Uncommon trap: reason=class_check action=maybe_recompile pc=0x0000000004268820 method=java.util.regex.Matcher.search(I)Z @ 86
Event: 37.806 Thread 0x0000000019c8d000 Uncommon trap: reason=class_check action=maybe_recompile pc=0x0000000004268820 method=java.util.regex.Matcher.search(I)Z @ 86
Event: 52.892 Thread 0x0000000019b2f800 Uncommon trap: reason=class_check action=maybe_recompile pc=0x0000000004b36cc8 method=javax.swing.SwingUtilities.layoutCompoundLabelImpl(Ljavax/swing/JComponent;Ljava/awt/FontMetrics;Ljava/lang/String;Ljavax/swing/Icon;IIIILjava/awt/Rectangle;Ljava/awt/Re
Event: 52.892 Thread 0x0000000019b2f800 Uncommon trap: reason=class_check action=maybe_recompile pc=0x0000000004b36cc8 method=javax.swing.SwingUtilities.layoutCompoundLabelImpl(Ljavax/swing/JComponent;Ljava/awt/FontMetrics;Ljava/lang/String;Ljavax/swing/Icon;IIIILjava/awt/Rectangle;Ljava/awt/Re

Classes redefined (0 events):
No events

Internal exceptions (10 events):
Event: 26.250 Thread 0x0000000019c8d000 Exception <a 'java/lang/ClassNotFoundException': immunity/MTBeanInfo> (0x00000000f86d71e8) thrown at [C:\re\workspace\8-2-build-windows-amd64-cygwin\jdk8u191\11896\hotspot\src\share\vm\classfile\systemDictionary.cpp, line 210]
Event: 26.253 Thread 0x0000000019c8d000 Exception <a 'java/lang/ClassNotFoundException': immunity/MTCustomizer> (0x00000000f87c47f8) thrown at [C:\re\workspace\8-2-build-windows-amd64-cygwin\jdk8u191\11896\hotspot\src\share\vm\classfile\systemDictionary.cpp, line 210]
Event: 26.267 Thread 0x0000000019c8d000 Exception <a 'java/lang/ClassNotFoundException': immunity/EndosomeBeanInfo> (0x00000000f88ff558) thrown at [C:\re\workspace\8-2-build-windows-amd64-cygwin\jdk8u191\11896\hotspot\src\share\vm\classfile\systemDictionary.cpp, line 210]
Event: 26.269 Thread 0x0000000019c8d000 Exception <a 'java/lang/ClassNotFoundException': immunity/EndosomeCustomizer> (0x00000000f89f2900) thrown at [C:\re\workspace\8-2-build-windows-amd64-cygwin\jdk8u191\11896\hotspot\src\share\vm\classfile\systemDictionary.cpp, line 210]
Event: 27.747 Thread 0x0000000019c8d000 Implicit null exception at 0x000000000476d724 to 0x000000000476e0d1
Event: 27.754 Thread 0x0000000019c8d000 Implicit null exception at 0x000000000477113f to 0x00000000047719bd
Event: 27.784 Thread 0x0000000019c8d000 Implicit null exception at 0x000000000472c974 to 0x000000000472dd09
Event: 33.961 Thread 0x0000000019b2f800 Implicit null exception at 0x00000000045576f4 to 0x0000000004557769
Event: 37.781 Thread 0x0000000019c8d000 Implicit null exception at 0x0000000004a77cd8 to 0x0000000004a786b0
Event: 37.781 Thread 0x0000000019c8d000 Exception <a 'java/lang/NullPointerException'> (0x00000000f7cf31c0) thrown at [C:\re\workspace\8-2-build-windows-amd64-cygwin\jdk8u191\11896\hotspot\src\share\vm\runtime\sharedRuntime.cpp, line 605]

Events (10 events):
Event: 51.704 Executing VM operation: RevokeBias
Event: 51.704 Executing VM operation: RevokeBias done
Event: 51.704 loading class javax/swing/RepaintManager$DisplayChangedRunnable
Event: 51.704 loading class javax/swing/RepaintManager$DisplayChangedRunnable done
Event: 52.892 Thread 0x0000000019b2f800 Uncommon trap: trap_request=0xffffffde fr.pc=0x0000000004b36cc8
Event: 52.892 Thread 0x0000000019b2f800 DEOPT PACKING pc=0x0000000004b36cc8 sp=0x0000000023b7c1b0
Event: 52.892 Thread 0x0000000019b2f800 DEOPT UNPACKING pc=0x000000000392583b sp=0x0000000023b7c118 mode 2
Event: 52.892 Thread 0x0000000019b2f800 Uncommon trap: trap_request=0xffffffde fr.pc=0x0000000004b36cc8
Event: 52.892 Thread 0x0000000019b2f800 DEOPT PACKING pc=0x0000000004b36cc8 sp=0x0000000023b7c240
Event: 52.892 Thread 0x0000000019b2f800 DEOPT UNPACKING pc=0x000000000392583b sp=0x0000000023b7c1a8 mode 2


Dynamic libraries:
0x00007ff7ce660000 - 0x00007ff7ce697000 	C:\Program Files\Java\jre1.8.0_191\bin\javaw.exe
0x00007ff8d88d0000 - 0x00007ff8d8ab1000 	C:\WINDOWS\SYSTEM32\ntdll.dll
0x00007ff8b9da0000 - 0x00007ff8b9db4000 	C:\Program Files (x86)\AVG\Antivirus\x64\aswhooka.dll
0x00007ff8d65f0000 - 0x00007ff8d66a2000 	C:\WINDOWS\System32\KERNEL32.DLL
0x00007ff8d4ed0000 - 0x00007ff8d5143000 	C:\WINDOWS\System32\KERNELBASE.dll
0x00007ff8d7310000 - 0x00007ff8d73b1000 	C:\WINDOWS\System32\ADVAPI32.dll
0x00007ff8d8800000 - 0x00007ff8d889e000 	C:\WINDOWS\System32\msvcrt.dll
0x00007ff8d70f0000 - 0x00007ff8d714b000 	C:\WINDOWS\System32\sechost.dll
0x00007ff8d71b0000 - 0x00007ff8d72d4000 	C:\WINDOWS\System32\RPCRT4.dll
0x00007ff8d6880000 - 0x00007ff8d6a10000 	C:\WINDOWS\System32\USER32.dll
0x00007ff8d5340000 - 0x00007ff8d5360000 	C:\WINDOWS\System32\win32u.dll
0x00007ff8d6a70000 - 0x00007ff8d6a98000 	C:\WINDOWS\System32\GDI32.dll
0x00007ff8d5150000 - 0x00007ff8d52e2000 	C:\WINDOWS\System32\gdi32full.dll
0x00007ff8d55b0000 - 0x00007ff8d564f000 	C:\WINDOWS\System32\msvcp_win.dll
0x00007ff8d4dd0000 - 0x00007ff8d4eca000 	C:\WINDOWS\System32\ucrtbase.dll
0x00007ff8bae30000 - 0x00007ff8bb099000 	C:\WINDOWS\WinSxS\amd64_microsoft.windows.common-controls_6595b64144ccf1df_6.0.17134.407_none_fb449d63306391e9\COMCTL32.dll
0x00007ff8d5d60000 - 0x00007ff8d6082000 	C:\WINDOWS\System32\combase.dll
0x00007ff8d4ca0000 - 0x00007ff8d4d1a000 	C:\WINDOWS\System32\bcryptPrimitives.dll
0x00007ff8d6d50000 - 0x00007ff8d6d7d000 	C:\WINDOWS\System32\IMM32.DLL
0x0000000072670000 - 0x0000000072742000 	C:\Program Files\Java\jre1.8.0_191\bin\msvcr100.dll
0x0000000072830000 - 0x00000000730d4000 	C:\Program Files\Java\jre1.8.0_191\bin\server\jvm.dll
0x00007ff8d72e0000 - 0x00007ff8d72e8000 	C:\WINDOWS\System32\PSAPI.DLL
0x00007ff8bfe60000 - 0x00007ff8bfe69000 	C:\WINDOWS\SYSTEM32\WSOCK32.dll
0x00007ff8d6ee0000 - 0x00007ff8d6f4c000 	C:\WINDOWS\System32\WS2_32.dll
0x00007ff8ca0e0000 - 0x00007ff8ca103000 	C:\WINDOWS\SYSTEM32\WINMM.dll
0x00007ff8c0590000 - 0x00007ff8c059a000 	C:\WINDOWS\SYSTEM32\VERSION.dll
0x00007ff8ca0b0000 - 0x00007ff8ca0da000 	C:\WINDOWS\SYSTEM32\WINMMBASE.dll
0x00007ff8d52f0000 - 0x00007ff8d5339000 	C:\WINDOWS\System32\cfgmgr32.dll
0x0000000072820000 - 0x000000007282f000 	C:\Program Files\Java\jre1.8.0_191\bin\verify.dll
0x00000000727f0000 - 0x0000000072819000 	C:\Program Files\Java\jre1.8.0_191\bin\java.dll
0x00000000727d0000 - 0x00000000727e6000 	C:\Program Files\Java\jre1.8.0_191\bin\zip.dll
0x00007ff8d73c0000 - 0x00007ff8d87ff000 	C:\WINDOWS\System32\SHELL32.dll
0x00007ff8d60f0000 - 0x00007ff8d6199000 	C:\WINDOWS\System32\shcore.dll
0x00007ff8d5650000 - 0x00007ff8d5d5d000 	C:\WINDOWS\System32\windows.storage.dll
0x00007ff8d7150000 - 0x00007ff8d71a1000 	C:\WINDOWS\System32\shlwapi.dll
0x00007ff8d4c80000 - 0x00007ff8d4c91000 	C:\WINDOWS\System32\kernel.appcore.dll
0x00007ff8d4c40000 - 0x00007ff8d4c5f000 	C:\WINDOWS\System32\profapi.dll
0x00007ff8d4be0000 - 0x00007ff8d4c2c000 	C:\WINDOWS\System32\powrprof.dll
0x00007ff8d4c30000 - 0x00007ff8d4c3a000 	C:\WINDOWS\System32\FLTLIB.DLL
0x00000000724d0000 - 0x0000000072669000 	C:\Program Files\Java\jre1.8.0_191\bin\awt.dll
0x00007ff8d66b0000 - 0x00007ff8d6772000 	C:\WINDOWS\System32\OLEAUT32.dll
0x00007ff8d2040000 - 0x00007ff8d20cb000 	C:\WINDOWS\SYSTEM32\apphelp.dll
0x00007ff8d2c80000 - 0x00007ff8d2d18000 	C:\WINDOWS\system32\uxtheme.dll
0x00007ff8d6bd0000 - 0x00007ff8d6d43000 	C:\WINDOWS\System32\MSCTF.dll
0x00007ff8d2d50000 - 0x00007ff8d2d79000 	C:\WINDOWS\system32\dwmapi.dll
0x00007ff8d6d80000 - 0x00007ff8d6ed1000 	C:\WINDOWS\System32\ole32.dll
0x00007ff8a2870000 - 0x00007ff8a2990000 	C:\WINDOWS\system32\opengl32.dll
0x00007ff8a2800000 - 0x00007ff8a282c000 	C:\WINDOWS\SYSTEM32\GLU32.dll
0x0000000072480000 - 0x00000000724c7000 	C:\Program Files\Java\jre1.8.0_191\bin\fontmanager.dll
0x00000000727b0000 - 0x00000000727ca000 	C:\Program Files\Java\jre1.8.0_191\bin\net.dll
0x00007ff8d4460000 - 0x00007ff8d44c6000 	C:\WINDOWS\system32\mswsock.dll
0x0000000072790000 - 0x00000000727a1000 	C:\Program Files\Java\jre1.8.0_191\bin\nio.dll
0x00007ff8d4610000 - 0x00007ff8d4627000 	C:\WINDOWS\SYSTEM32\CRYPTSP.dll
0x00007ff8d4040000 - 0x00007ff8d4073000 	C:\WINDOWS\system32\rsaenh.dll
0x00007ff8d4740000 - 0x00007ff8d4765000 	C:\WINDOWS\SYSTEM32\bcrypt.dll
0x00007ff8d4b10000 - 0x00007ff8d4b38000 	C:\WINDOWS\SYSTEM32\USERENV.dll
0x00007ff8d4630000 - 0x00007ff8d463b000 	C:\WINDOWS\SYSTEM32\CRYPTBASE.dll
0x00007ff8d41e0000 - 0x00007ff8d4218000 	C:\WINDOWS\SYSTEM32\IPHLPAPI.DLL
0x00007ff8d6780000 - 0x00007ff8d6788000 	C:\WINDOWS\System32\NSI.dll
0x00007ff8cc220000 - 0x00007ff8cc236000 	C:\WINDOWS\SYSTEM32\dhcpcsvc6.DLL
0x00007ff8cc9a0000 - 0x00007ff8cc9ba000 	C:\WINDOWS\SYSTEM32\dhcpcsvc.DLL
0x00007ff8b4fd0000 - 0x00007ff8b5077000 	C:\WINDOWS\WinSxS\amd64_microsoft.windows.common-controls_6595b64144ccf1df_5.82.17134.407_none_f94e16e330999300\comctl32.dll
0x0000000072430000 - 0x0000000072472000 	C:\Program Files\Java\jre1.8.0_191\bin\t2k.dll
0x00007ff8d6b30000 - 0x00007ff8d6bd0000 	C:\WINDOWS\System32\clbcatq.dll
0x00007ff8d28d0000 - 0x00007ff8d2a7e000 	C:\WINDOWS\SYSTEM32\WindowsCodecs.dll
0x00007ff8a1c60000 - 0x00007ff8a1cb8000 	C:\WINDOWS\system32\dataexchange.dll
0x00007ff8d1060000 - 0x00007ff8d136b000 	C:\WINDOWS\system32\d3d11.dll
0x00007ff8d1940000 - 0x00007ff8d1adc000 	C:\WINDOWS\system32\dcomp.dll
0x00007ff8d39a0000 - 0x00007ff8d3a5b000 	C:\WINDOWS\system32\dxgi.dll
0x00007ff8d2ee0000 - 0x00007ff8d3098000 	C:\WINDOWS\system32\twinapi.appcore.dll
0x00007ff8d2d80000 - 0x00007ff8d2da1000 	C:\WINDOWS\system32\RMCLIENT.dll
0x00007ff8c8a50000 - 0x00007ff8c8ae6000 	C:\WINDOWS\System32\TextInputFramework.dll
0x00007ff8c86b0000 - 0x00007ff8c89ce000 	C:\WINDOWS\System32\CoreUIComponents.dll
0x00007ff8d1f60000 - 0x00007ff8d203a000 	C:\WINDOWS\System32\CoreMessaging.dll
0x00007ff8d3cd0000 - 0x00007ff8d3d01000 	C:\WINDOWS\SYSTEM32\ntmarta.dll
0x00007ff8d08b0000 - 0x00007ff8d09fd000 	C:\WINDOWS\SYSTEM32\wintypes.dll
0x00007ff8c8120000 - 0x00007ff8c818b000 	C:\WINDOWS\system32\Oleacc.dll
0x00000000637c0000 - 0x00000000637cd000 	C:\Users\lmayo\AppData\Local\Temp\jogamp_0000\file_cache\jln7225467727668040671\jln4848540557478698486\gluegen-rt.dll
0x0000000072420000 - 0x0000000072427000 	C:\Program Files\Java\jre1.8.0_191\bin\jawt.dll
0x000000006a440000 - 0x000000006a44d000 	C:\Users\lmayo\AppData\Local\Temp\jogamp_0000\file_cache\jln7225467727668040671\jln4848540557478698486\nativewindow_awt.dll
0x000000006c100000 - 0x000000006c10f000 	C:\Users\lmayo\AppData\Local\Temp\jogamp_0000\file_cache\jln7225467727668040671\jln4848540557478698486\nativewindow_win32.dll
0x0000000064500000 - 0x00000000645a2000 	C:\Users\lmayo\AppData\Local\Temp\jogamp_0000\file_cache\jln7225467727668040671\jln4848540557478698486\jogl_desktop.dll
0x00007ff88d820000 - 0x00007ff88e730000 	C:\WINDOWS\System32\DriverStore\FileRepository\ki126450.inf_amd64_23fc063e2d82a1e9\ig9icd64.dll
0x00007ff8d37c0000 - 0x00007ff8d37d3000 	C:\WINDOWS\SYSTEM32\WTSAPI32.dll
0x00007ff8c3190000 - 0x00007ff8c479c000 	C:\WINDOWS\System32\DriverStore\FileRepository\ki126450.inf_amd64_23fc063e2d82a1e9\igc64.dll
0x00007ff86aea0000 - 0x00007ff86e0d0000 	C:\Users\lmayo\workspace\immunity\lib\CopasiJava.dll
0x00007ff8d3e10000 - 0x00007ff8d3e66000 	C:\WINDOWS\SYSTEM32\WINSTA.dll
0x00007ff8d35f0000 - 0x00007ff8d37b9000 	C:\WINDOWS\SYSTEM32\dbghelp.dll

VM Arguments:
jvm_args: -Xss10M -Xmx400M -Djava.library.path=C:\Users\lmayo\workspace\immunity/lib -Dfile.encoding=Cp1252 
java_command: repast.simphony.runtime.RepastMain C:\Users\lmayo\workspace\immunity/immunity.rs
java_class_path (initial): C:\RepastSimphony-2.4\eclipse\plugins\org.codehaus.groovy_2.4.12.xx-201710112217-e46\lib\groovy-all-2.4.12.jar;C:\RepastSimphony-2.4\eclipse\plugins\org.codehaus.groovy_2.4.12.xx-201710112217-e46\lib\bsf-2.4.0.jar;C:\RepastSimphony-2.4\eclipse\plugins\org.codehaus.groovy_2.4.12.xx-201710112217-e46\lib\ivy-2.4.0.jar;C:\RepastSimphony-2.4\eclipse\plugins\org.codehaus.groovy_2.4.12.xx-201710112217-e46\lib\servlet-api-2.4.jar;C:\RepastSimphony-2.4\eclipse\plugins\repast.simphony.runtime_2.4.0\bin;C:\RepastSimphony-2.4\eclipse\plugins\repast.simphony.runtime_2.4.0\lib\saf.core.runtime.jar;C:\RepastSimphony-2.4\eclipse\plugins\repast.simphony.runtime_2.4.0\lib\commons-logging-1.1.2.jar;C:\RepastSimphony-2.4\eclipse\plugins\repast.simphony.runtime_2.4.0\lib\javassist-3.17.1-GA.jar;C:\RepastSimphony-2.4\eclipse\plugins\repast.simphony.runtime_2.4.0\lib\jpf.jar;C:\RepastSimphony-2.4\eclipse\plugins\repast.simphony.runtime_2.4.0\lib\jpf-boot.jar;C:\RepastSimphony-2.4\eclipse\plugins\repast.simphony.runtime_2.4.0\lib\log4j-1.2.16.jar;C:\RepastSimphony-2.4\eclipse\plugins\repast.simphony.runtime_2.4.0\lib\xpp3_min-1.1.4c.jar;C:\RepastSimphony-2.4\eclipse\plugins\repast.simphony.runtime_2.4.0\lib\xstream-1.4.7.jar;C:\RepastSimphony-2.4\eclipse\plugins\repast.simphony.runtime_2.4.0\lib\xmlpull-1.1.3.1.jar;C:\RepastSimphony-2.4\eclipse\plugins\repast.simphony.runtime_2.4.0\lib\commons-cli-1.2.jar
Launcher Type: SUN_STANDARD

Environment Variables:
PATH=C:/Program Files/Java/jre1.8.0_191/bin/server;C:/Program Files/Java/jre1.8.0_191/bin;C:/Program Files/Java/jre1.8.0_191/lib/amd64;C:\Program Files (x86)\Intel\Intel(R) Management Engine Components\iCLS\;C:\Program Files\Intel\Intel(R) Management Engine Components\iCLS\;C:\Program Files (x86)\Common Files\Oracle\Java\javapath;C:\Program Files\copasi.org\COPASI 4.20.158\bin;C:\Program Files\LLNL\VisIt 2.12.3;C:\Program Files\Microsoft HPC Pack 2008 R2\Bin\;C:\ProgramData\Oracle\Java\javapath;C:\WINDOWS\system32;C:\WINDOWS;C:\WINDOWS\System32\Wbem;C:\WINDOWS\System32\WindowsPowerShell\v1.0\;C:\Program Files (x86)\QuickTime\QTSystem\;C:\Program Files\Intel\WiFi\bin\;C:\Program Files\Common Files\Intel\WirelessCommon\;C:\WINDOWS\System32\OpenSSH\;C:\Program Files\Git LFS;C:\Program Files (x86)\Intel\Intel(R) Management Engine Components\DAL;C:\Program Files\Intel\Intel(R) Management Engine Components\DAL;C:\Program Files (x86)\Intel\Intel(R) Management Engine Components\IPT;C:\Program Files\Intel\Intel(R) Management Engine Components\IPT;C:\Users\lmayo\AppData\Local\Microsoft\WindowsApps;;C:\RepastSimphony-2.4\eclipse;
USERNAME=lmayo
OS=Windows_NT
PROCESSOR_IDENTIFIER=Intel64 Family 6 Model 142 Stepping 9, GenuineIntel



---------------  S Y S T E M  ---------------

OS: Windows 10.0 , 64 bit Build 17134 (10.0.17134.1)

CPU:total 4 (initial active 4) (2 cores per cpu, 2 threads per core) family 6 model 142 stepping 9, cmov, cx8, fxsr, mmx, sse, sse2, sse3, ssse3, sse4.1, sse4.2, popcnt, avx, avx2, aes, clmul, erms, 3dnowpref, lzcnt, ht, tsc, tscinvbit, bmi1, bmi2, adx

Memory: 4k page, physical 16652828k(9090196k free), swap 19143196k(5774176k free)

vm_info: Java HotSpot(TM) 64-Bit Server VM (25.191-b12) for windows-amd64 JRE (1.8.0_191-b12), built on Oct  6 2018 09:29:03 by "java_re" with MS VC++ 10.0 (VS2010)

time: Tue Nov 20 15:46:55 2018
elapsed time: 53 seconds (0d 0h 0m 53s)

