2020-01-03 13:00:46,516 - SimpleLog4JLogSystem initialized using logfile 'velocity.log'
2020-01-03 13:00:46,517 - ************************************************************** 
2020-01-03 13:00:46,517 - Starting Jakarta Velocity v1.4
2020-01-03 13:00:46,517 - RuntimeInstance initializing.
2020-01-03 13:00:46,517 - Default Properties File: org\apache\velocity\runtime\defaults\velocity.properties
2020-01-03 13:00:46,517 - Trying to use logger class org.apache.velocity.runtime.log.SimpleLog4JLogSystem
2020-01-03 13:00:46,517 - Using logger class org.apache.velocity.runtime.log.SimpleLog4JLogSystem
2020-01-03 13:00:46,520 - Default ResourceManager initializing. (class org.apache.velocity.runtime.resource.ResourceManagerImpl)
2020-01-03 13:00:46,522 - Resource Loader Instantiated: org.apache.velocity.runtime.resource.loader.ClasspathResourceLoader
2020-01-03 13:00:46,523 - ClasspathResourceLoader : initialization starting.
2020-01-03 13:00:46,523 - ClasspathResourceLoader : initialization complete.
2020-01-03 13:00:46,524 - ResourceCache : initialized. (class org.apache.velocity.runtime.resource.ResourceCacheImpl)
2020-01-03 13:00:46,525 - Default ResourceManager initialization complete.
2020-01-03 13:00:46,525 - Loaded System Directive: org.apache.velocity.runtime.directive.Literal
2020-01-03 13:00:46,527 - Loaded System Directive: org.apache.velocity.runtime.directive.Macro
2020-01-03 13:00:46,529 - Loaded System Directive: org.apache.velocity.runtime.directive.Parse
2020-01-03 13:00:46,530 - Loaded System Directive: org.apache.velocity.runtime.directive.Include
2020-01-03 13:00:46,531 - Loaded System Directive: org.apache.velocity.runtime.directive.Foreach
2020-01-03 13:00:46,554 - Created: 20 parsers.
2020-01-03 13:00:46,559 - Velocimacro : initialization starting.
2020-01-03 13:00:46,559 - Velocimacro : adding VMs from VM library template : VM_global_library.vm
2020-01-03 13:00:46,562 - ResourceManager : unable to find resource 'VM_global_library.vm' in any resource loader.
2020-01-03 13:00:46,562 - Velocimacro : error using  VM library template VM_global_library.vm : org.apache.velocity.exception.ResourceNotFoundException: Unable to find resource 'VM_global_library.vm'
2020-01-03 13:00:46,562 - Velocimacro :  VM library template macro registration complete.
2020-01-03 13:00:46,562 - Velocimacro : allowInline = true : VMs can be defined inline in templates
2020-01-03 13:00:46,562 - Velocimacro : allowInlineToOverride = false : VMs defined inline may NOT replace previous VM definitions
2020-01-03 13:00:46,562 - Velocimacro : allowInlineLocal = false : VMs defined inline will be  global in scope if allowed.
2020-01-03 13:00:46,563 - Velocimacro : messages on  : VM system will output logging messages
2020-01-03 13:00:46,563 - Velocimacro : autoload off  : VM system will not automatically reload global library macros
2020-01-03 13:00:46,563 - Velocimacro : initialization complete.
2020-01-03 13:00:46,563 - Velocity successfully started.
2020-01-03 13:04:38,827 - SimpleLog4JLogSystem initialized using logfile 'velocity.log'
2020-01-03 13:04:38,828 - ************************************************************** 
2020-01-03 13:04:38,828 - Starting Jakarta Velocity v1.4
2020-01-03 13:04:38,828 - RuntimeInstance initializing.
2020-01-03 13:04:38,828 - Default Properties File: org\apache\velocity\runtime\defaults\velocity.properties
2020-01-03 13:04:38,828 - Trying to use logger class org.apache.velocity.runtime.log.SimpleLog4JLogSystem
2020-01-03 13:04:38,828 - Using logger class org.apache.velocity.runtime.log.SimpleLog4JLogSystem
2020-01-03 13:04:38,829 - Default ResourceManager initializing. (class org.apache.velocity.runtime.resource.ResourceManagerImpl)
2020-01-03 13:04:38,832 - Resource Loader Instantiated: org.apache.velocity.runtime.resource.loader.ClasspathResourceLoader
2020-01-03 13:04:38,832 - ClasspathResourceLoader : initialization starting.
2020-01-03 13:04:38,832 - ClasspathResourceLoader : initialization complete.
2020-01-03 13:04:38,834 - ResourceCache : initialized. (class org.apache.velocity.runtime.resource.ResourceCacheImpl)
2020-01-03 13:04:38,834 - Default ResourceManager initialization complete.
2020-01-03 13:04:38,835 - Loaded System Directive: org.apache.velocity.runtime.directive.Literal
2020-01-03 13:04:38,835 - Loaded System Directive: org.apache.velocity.runtime.directive.Macro
2020-01-03 13:04:38,839 - Loaded System Directive: org.apache.velocity.runtime.directive.Parse
2020-01-03 13:04:38,841 - Loaded System Directive: org.apache.velocity.runtime.directive.Include
2020-01-03 13:04:38,842 - Loaded System Directive: org.apache.velocity.runtime.directive.Foreach
2020-01-03 13:04:38,864 - Created: 20 parsers.
2020-01-03 13:04:38,869 - Velocimacro : initialization starting.
2020-01-03 13:04:38,869 - Velocimacro : adding VMs from VM library template : VM_global_library.vm
2020-01-03 13:04:38,869 - ResourceManager : unable to find resource 'VM_global_library.vm' in any resource loader.
2020-01-03 13:04:38,869 - Velocimacro : error using  VM library template VM_global_library.vm : org.apache.velocity.exception.ResourceNotFoundException: Unable to find resource 'VM_global_library.vm'
2020-01-03 13:04:38,869 - Velocimacro :  VM library template macro registration complete.
2020-01-03 13:04:38,869 - Velocimacro : allowInline = true : VMs can be defined inline in templates
2020-01-03 13:04:38,873 - Velocimacro : allowInlineToOverride = false : VMs defined inline may NOT replace previous VM definitions
2020-01-03 13:04:38,873 - Velocimacro : allowInlineLocal = false : VMs defined inline will be  global in scope if allowed.
2020-01-03 13:04:38,873 - Velocimacro : messages on  : VM system will output logging messages
2020-01-03 13:04:38,873 - Velocimacro : autoload off  : VM system will not automatically reload global library macros
2020-01-03 13:04:38,873 - Velocimacro : initialization complete.
2020-01-03 13:04:38,873 - Velocity successfully started.
2020-01-14 11:10:17,512 - SimpleLog4JLogSystem initialized using logfile 'velocity.log'
2020-01-14 11:10:17,512 - ************************************************************** 
2020-01-14 11:10:17,512 - Starting Jakarta Velocity v1.4
2020-01-14 11:10:17,512 - RuntimeInstance initializing.
2020-01-14 11:10:17,512 - Default Properties File: org\apache\velocity\runtime\defaults\velocity.properties
2020-01-14 11:10:17,512 - Trying to use logger class org.apache.velocity.runtime.log.SimpleLog4JLogSystem
2020-01-14 11:10:17,512 - Using logger class org.apache.velocity.runtime.log.SimpleLog4JLogSystem
2020-01-14 11:10:17,515 - Default ResourceManager initializing. (class org.apache.velocity.runtime.resource.ResourceManagerImpl)
2020-01-14 11:10:17,517 - Resource Loader Instantiated: org.apache.velocity.runtime.resource.loader.ClasspathResourceLoader
2020-01-14 11:10:17,517 - ClasspathResourceLoader : initialization starting.
2020-01-14 11:10:17,517 - ClasspathResourceLoader : initialization complete.
2020-01-14 11:10:17,518 - ResourceCache : initialized. (class org.apache.velocity.runtime.resource.ResourceCacheImpl)
2020-01-14 11:10:17,518 - Default ResourceManager initialization complete.
2020-01-14 11:10:17,519 - Loaded System Directive: org.apache.velocity.runtime.directive.Literal
2020-01-14 11:10:17,520 - Loaded System Directive: org.apache.velocity.runtime.directive.Macro
2020-01-14 11:10:17,522 - Loaded System Directive: org.apache.velocity.runtime.directive.Parse
2020-01-14 11:10:17,523 - Loaded System Directive: org.apache.velocity.runtime.directive.Include
2020-01-14 11:10:17,524 - Loaded System Directive: org.apache.velocity.runtime.directive.Foreach
2020-01-14 11:10:17,542 - Created: 20 parsers.
2020-01-14 11:10:17,546 - Velocimacro : initialization starting.
2020-01-14 11:10:17,546 - Velocimacro : adding VMs from VM library template : VM_global_library.vm
2020-01-14 11:10:17,549 - ResourceManager : unable to find resource 'VM_global_library.vm' in any resource loader.
2020-01-14 11:10:17,549 - Velocimacro : error using  VM library template VM_global_library.vm : org.apache.velocity.exception.ResourceNotFoundException: Unable to find resource 'VM_global_library.vm'
2020-01-14 11:10:17,550 - Velocimacro :  VM library template macro registration complete.
2020-01-14 11:10:17,550 - Velocimacro : allowInline = true : VMs can be defined inline in templates
2020-01-14 11:10:17,550 - Velocimacro : allowInlineToOverride = false : VMs defined inline may NOT replace previous VM definitions
2020-01-14 11:10:17,550 - Velocimacro : allowInlineLocal = false : VMs defined inline will be  global in scope if allowed.
2020-01-14 11:10:17,550 - Velocimacro : messages on  : VM system will output logging messages
2020-01-14 11:10:17,550 - Velocimacro : autoload off  : VM system will not automatically reload global library macros
2020-01-14 11:10:17,550 - Velocimacro : initialization complete.
2020-01-14 11:10:17,550 - Velocity successfully started.
2020-01-14 11:13:49,503 - SimpleLog4JLogSystem initialized using logfile 'velocity.log'
2020-01-14 11:13:49,504 - ************************************************************** 
2020-01-14 11:13:49,504 - Starting Jakarta Velocity v1.4
2020-01-14 11:13:49,504 - RuntimeInstance initializing.
2020-01-14 11:13:49,504 - Default Properties File: org\apache\velocity\runtime\defaults\velocity.properties
2020-01-14 11:13:49,504 - Trying to use logger class org.apache.velocity.runtime.log.SimpleLog4JLogSystem
2020-01-14 11:13:49,504 - Using logger class org.apache.velocity.runtime.log.SimpleLog4JLogSystem
2020-01-14 11:13:49,506 - Default ResourceManager initializing. (class org.apache.velocity.runtime.resource.ResourceManagerImpl)
2020-01-14 11:13:49,509 - Resource Loader Instantiated: org.apache.velocity.runtime.resource.loader.ClasspathResourceLoader
2020-01-14 11:13:49,509 - ClasspathResourceLoader : initialization starting.
2020-01-14 11:13:49,509 - ClasspathResourceLoader : initialization complete.
2020-01-14 11:13:49,510 - ResourceCache : initialized. (class org.apache.velocity.runtime.resource.ResourceCacheImpl)
2020-01-14 11:13:49,510 - Default ResourceManager initialization complete.
2020-01-14 11:13:49,512 - Loaded System Directive: org.apache.velocity.runtime.directive.Literal
2020-01-14 11:13:49,514 - Loaded System Directive: org.apache.velocity.runtime.directive.Macro
2020-01-14 11:13:49,516 - Loaded System Directive: org.apache.velocity.runtime.directive.Parse
2020-01-14 11:13:49,518 - Loaded System Directive: org.apache.velocity.runtime.directive.Include
2020-01-14 11:13:49,518 - Loaded System Directive: org.apache.velocity.runtime.directive.Foreach
2020-01-14 11:13:49,545 - Created: 20 parsers.
2020-01-14 11:13:49,552 - Velocimacro : initialization starting.
2020-01-14 11:13:49,552 - Velocimacro : adding VMs from VM library template : VM_global_library.vm
2020-01-14 11:13:49,555 - ResourceManager : unable to find resource 'VM_global_library.vm' in any resource loader.
2020-01-14 11:13:49,555 - Velocimacro : error using  VM library template VM_global_library.vm : org.apache.velocity.exception.ResourceNotFoundException: Unable to find resource 'VM_global_library.vm'
2020-01-14 11:13:49,555 - Velocimacro :  VM library template macro registration complete.
2020-01-14 11:13:49,555 - Velocimacro : allowInline = true : VMs can be defined inline in templates
2020-01-14 11:13:49,555 - Velocimacro : allowInlineToOverride = false : VMs defined inline may NOT replace previous VM definitions
2020-01-14 11:13:49,555 - Velocimacro : allowInlineLocal = false : VMs defined inline will be  global in scope if allowed.
2020-01-14 11:13:49,555 - Velocimacro : messages on  : VM system will output logging messages
2020-01-14 11:13:49,555 - Velocimacro : autoload off  : VM system will not automatically reload global library macros
2020-01-14 11:13:49,555 - Velocimacro : initialization complete.
2020-01-14 11:13:49,555 - Velocity successfully started.
2020-01-14 11:18:11,344 - SimpleLog4JLogSystem initialized using logfile 'velocity.log'
2020-01-14 11:18:11,344 - ************************************************************** 
2020-01-14 11:18:11,344 - Starting Jakarta Velocity v1.4
2020-01-14 11:18:11,344 - RuntimeInstance initializing.
2020-01-14 11:18:11,345 - Default Properties File: org\apache\velocity\runtime\defaults\velocity.properties
2020-01-14 11:18:11,345 - Trying to use logger class org.apache.velocity.runtime.log.SimpleLog4JLogSystem
2020-01-14 11:18:11,345 - Using logger class org.apache.velocity.runtime.log.SimpleLog4JLogSystem
2020-01-14 11:18:11,348 - Default ResourceManager initializing. (class org.apache.velocity.runtime.resource.ResourceManagerImpl)
2020-01-14 11:18:11,351 - Resource Loader Instantiated: org.apache.velocity.runtime.resource.loader.ClasspathResourceLoader
2020-01-14 11:18:11,351 - ClasspathResourceLoader : initialization starting.
2020-01-14 11:18:11,351 - ClasspathResourceLoader : initialization complete.
2020-01-14 11:18:11,353 - ResourceCache : initialized. (class org.apache.velocity.runtime.resource.ResourceCacheImpl)
2020-01-14 11:18:11,353 - Default ResourceManager initialization complete.
2020-01-14 11:18:11,355 - Loaded System Directive: org.apache.velocity.runtime.directive.Literal
2020-01-14 11:18:11,356 - Loaded System Directive: org.apache.velocity.runtime.directive.Macro
2020-01-14 11:18:11,358 - Loaded System Directive: org.apache.velocity.runtime.directive.Parse
2020-01-14 11:18:11,358 - Loaded System Directive: org.apache.velocity.runtime.directive.Include
2020-01-14 11:18:11,358 - Loaded System Directive: org.apache.velocity.runtime.directive.Foreach
2020-01-14 11:18:11,374 - Created: 20 parsers.
2020-01-14 11:18:11,374 - Velocimacro : initialization starting.
2020-01-14 11:18:11,374 - Velocimacro : adding VMs from VM library template : VM_global_library.vm
2020-01-14 11:18:11,390 - ResourceManager : unable to find resource 'VM_global_library.vm' in any resource loader.
2020-01-14 11:18:11,390 - Velocimacro : error using  VM library template VM_global_library.vm : org.apache.velocity.exception.ResourceNotFoundException: Unable to find resource 'VM_global_library.vm'
2020-01-14 11:18:11,390 - Velocimacro :  VM library template macro registration complete.
2020-01-14 11:18:11,390 - Velocimacro : allowInline = true : VMs can be defined inline in templates
2020-01-14 11:18:11,390 - Velocimacro : allowInlineToOverride = false : VMs defined inline may NOT replace previous VM definitions
2020-01-14 11:18:11,390 - Velocimacro : allowInlineLocal = false : VMs defined inline will be  global in scope if allowed.
2020-01-14 11:18:11,390 - Velocimacro : messages on  : VM system will output logging messages
2020-01-14 11:18:11,390 - Velocimacro : autoload off  : VM system will not automatically reload global library macros
2020-01-14 11:18:11,390 - Velocimacro : initialization complete.
2020-01-14 11:18:11,390 - Velocity successfully started.
2020-01-14 11:22:14,199 - SimpleLog4JLogSystem initialized using logfile 'velocity.log'
2020-01-14 11:22:14,200 - ************************************************************** 
2020-01-14 11:22:14,200 - Starting Jakarta Velocity v1.4
2020-01-14 11:22:14,200 - RuntimeInstance initializing.
2020-01-14 11:22:14,200 - Default Properties File: org\apache\velocity\runtime\defaults\velocity.properties
2020-01-14 11:22:14,200 - Trying to use logger class org.apache.velocity.runtime.log.SimpleLog4JLogSystem
2020-01-14 11:22:14,200 - Using logger class org.apache.velocity.runtime.log.SimpleLog4JLogSystem
2020-01-14 11:22:14,204 - Default ResourceManager initializing. (class org.apache.velocity.runtime.resource.ResourceManagerImpl)
2020-01-14 11:22:14,208 - Resource Loader Instantiated: org.apache.velocity.runtime.resource.loader.ClasspathResourceLoader
2020-01-14 11:22:14,208 - ClasspathResourceLoader : initialization starting.
2020-01-14 11:22:14,208 - ClasspathResourceLoader : initialization complete.
2020-01-14 11:22:14,211 - ResourceCache : initialized. (class org.apache.velocity.runtime.resource.ResourceCacheImpl)
2020-01-14 11:22:14,211 - Default ResourceManager initialization complete.
2020-01-14 11:22:14,213 - Loaded System Directive: org.apache.velocity.runtime.directive.Literal
2020-01-14 11:22:14,215 - Loaded System Directive: org.apache.velocity.runtime.directive.Macro
2020-01-14 11:22:14,217 - Loaded System Directive: org.apache.velocity.runtime.directive.Parse
2020-01-14 11:22:14,219 - Loaded System Directive: org.apache.velocity.runtime.directive.Include
2020-01-14 11:22:14,219 - Loaded System Directive: org.apache.velocity.runtime.directive.Foreach
2020-01-14 11:22:14,246 - Created: 20 parsers.
2020-01-14 11:22:14,253 - Velocimacro : initialization starting.
2020-01-14 11:22:14,253 - Velocimacro : adding VMs from VM library template : VM_global_library.vm
2020-01-14 11:22:14,256 - ResourceManager : unable to find resource 'VM_global_library.vm' in any resource loader.
2020-01-14 11:22:14,256 - Velocimacro : error using  VM library template VM_global_library.vm : org.apache.velocity.exception.ResourceNotFoundException: Unable to find resource 'VM_global_library.vm'
2020-01-14 11:22:14,256 - Velocimacro :  VM library template macro registration complete.
2020-01-14 11:22:14,256 - Velocimacro : allowInline = true : VMs can be defined inline in templates
2020-01-14 11:22:14,256 - Velocimacro : allowInlineToOverride = false : VMs defined inline may NOT replace previous VM definitions
2020-01-14 11:22:14,256 - Velocimacro : allowInlineLocal = false : VMs defined inline will be  global in scope if allowed.
2020-01-14 11:22:14,256 - Velocimacro : messages on  : VM system will output logging messages
2020-01-14 11:22:14,256 - Velocimacro : autoload off  : VM system will not automatically reload global library macros
2020-01-14 11:22:14,256 - Velocimacro : initialization complete.
2020-01-14 11:22:14,256 - Velocity successfully started.
2020-01-14 11:34:53,888 - SimpleLog4JLogSystem initialized using logfile 'velocity.log'
2020-01-14 11:34:53,888 - ************************************************************** 
2020-01-14 11:34:53,888 - Starting Jakarta Velocity v1.4
2020-01-14 11:34:53,888 - RuntimeInstance initializing.
2020-01-14 11:34:53,888 - Default Properties File: org\apache\velocity\runtime\defaults\velocity.properties
2020-01-14 11:34:53,888 - Trying to use logger class org.apache.velocity.runtime.log.SimpleLog4JLogSystem
2020-01-14 11:34:53,888 - Using logger class org.apache.velocity.runtime.log.SimpleLog4JLogSystem
2020-01-14 11:34:53,892 - Default ResourceManager initializing. (class org.apache.velocity.runtime.resource.ResourceManagerImpl)
2020-01-14 11:34:53,895 - Resource Loader Instantiated: org.apache.velocity.runtime.resource.loader.ClasspathResourceLoader
2020-01-14 11:34:53,895 - ClasspathResourceLoader : initialization starting.
2020-01-14 11:34:53,895 - ClasspathResourceLoader : initialization complete.
2020-01-14 11:34:53,897 - ResourceCache : initialized. (class org.apache.velocity.runtime.resource.ResourceCacheImpl)
2020-01-14 11:34:53,897 - Default ResourceManager initialization complete.
2020-01-14 11:34:53,899 - Loaded System Directive: org.apache.velocity.runtime.directive.Literal
2020-01-14 11:34:53,900 - Loaded System Directive: org.apache.velocity.runtime.directive.Macro
2020-01-14 11:34:53,902 - Loaded System Directive: org.apache.velocity.runtime.directive.Parse
2020-01-14 11:34:53,904 - Loaded System Directive: org.apache.velocity.runtime.directive.Include
2020-01-14 11:34:53,905 - Loaded System Directive: org.apache.velocity.runtime.directive.Foreach
2020-01-14 11:34:53,918 - Created: 20 parsers.
2020-01-14 11:34:53,918 - Velocimacro : initialization starting.
2020-01-14 11:34:53,918 - Velocimacro : adding VMs from VM library template : VM_global_library.vm
2020-01-14 11:34:53,935 - ResourceManager : unable to find resource 'VM_global_library.vm' in any resource loader.
2020-01-14 11:34:53,935 - Velocimacro : error using  VM library template VM_global_library.vm : org.apache.velocity.exception.ResourceNotFoundException: Unable to find resource 'VM_global_library.vm'
2020-01-14 11:34:53,935 - Velocimacro :  VM library template macro registration complete.
2020-01-14 11:34:53,935 - Velocimacro : allowInline = true : VMs can be defined inline in templates
2020-01-14 11:34:53,935 - Velocimacro : allowInlineToOverride = false : VMs defined inline may NOT replace previous VM definitions
2020-01-14 11:34:53,935 - Velocimacro : allowInlineLocal = false : VMs defined inline will be  global in scope if allowed.
2020-01-14 11:34:53,935 - Velocimacro : messages on  : VM system will output logging messages
2020-01-14 11:34:53,935 - Velocimacro : autoload off  : VM system will not automatically reload global library macros
2020-01-14 11:34:53,935 - Velocimacro : initialization complete.
2020-01-14 11:34:53,935 - Velocity successfully started.
2020-01-14 11:36:07,985 - SimpleLog4JLogSystem initialized using logfile 'velocity.log'
2020-01-14 11:36:07,985 - ************************************************************** 
2020-01-14 11:36:07,985 - Starting Jakarta Velocity v1.4
2020-01-14 11:36:07,986 - RuntimeInstance initializing.
2020-01-14 11:36:07,986 - Default Properties File: org\apache\velocity\runtime\defaults\velocity.properties
2020-01-14 11:36:07,986 - Trying to use logger class org.apache.velocity.runtime.log.SimpleLog4JLogSystem
2020-01-14 11:36:07,986 - Using logger class org.apache.velocity.runtime.log.SimpleLog4JLogSystem
2020-01-14 11:36:07,989 - Default ResourceManager initializing. (class org.apache.velocity.runtime.resource.ResourceManagerImpl)
2020-01-14 11:36:07,992 - Resource Loader Instantiated: org.apache.velocity.runtime.resource.loader.ClasspathResourceLoader
2020-01-14 11:36:07,992 - ClasspathResourceLoader : initialization starting.
2020-01-14 11:36:07,992 - ClasspathResourceLoader : initialization complete.
2020-01-14 11:36:07,994 - ResourceCache : initialized. (class org.apache.velocity.runtime.resource.ResourceCacheImpl)
2020-01-14 11:36:07,994 - Default ResourceManager initialization complete.
2020-01-14 11:36:07,996 - Loaded System Directive: org.apache.velocity.runtime.directive.Literal
2020-01-14 11:36:07,998 - Loaded System Directive: org.apache.velocity.runtime.directive.Macro
2020-01-14 11:36:08,000 - Loaded System Directive: org.apache.velocity.runtime.directive.Parse
2020-01-14 11:36:08,002 - Loaded System Directive: org.apache.velocity.runtime.directive.Include
2020-01-14 11:36:08,003 - Loaded System Directive: org.apache.velocity.runtime.directive.Foreach
2020-01-14 11:36:08,028 - Created: 20 parsers.
2020-01-14 11:36:08,035 - Velocimacro : initialization starting.
2020-01-14 11:36:08,035 - Velocimacro : adding VMs from VM library template : VM_global_library.vm
2020-01-14 11:36:08,039 - ResourceManager : unable to find resource 'VM_global_library.vm' in any resource loader.
2020-01-14 11:36:08,039 - Velocimacro : error using  VM library template VM_global_library.vm : org.apache.velocity.exception.ResourceNotFoundException: Unable to find resource 'VM_global_library.vm'
2020-01-14 11:36:08,039 - Velocimacro :  VM library template macro registration complete.
2020-01-14 11:36:08,039 - Velocimacro : allowInline = true : VMs can be defined inline in templates
2020-01-14 11:36:08,039 - Velocimacro : allowInlineToOverride = false : VMs defined inline may NOT replace previous VM definitions
2020-01-14 11:36:08,039 - Velocimacro : allowInlineLocal = false : VMs defined inline will be  global in scope if allowed.
2020-01-14 11:36:08,039 - Velocimacro : messages on  : VM system will output logging messages
2020-01-14 11:36:08,039 - Velocimacro : autoload off  : VM system will not automatically reload global library macros
2020-01-14 11:36:08,039 - Velocimacro : initialization complete.
2020-01-14 11:36:08,039 - Velocity successfully started.
2020-01-14 11:38:40,292 - SimpleLog4JLogSystem initialized using logfile 'velocity.log'
2020-01-14 11:38:40,292 - ************************************************************** 
2020-01-14 11:38:40,292 - Starting Jakarta Velocity v1.4
2020-01-14 11:38:40,293 - RuntimeInstance initializing.
2020-01-14 11:38:40,293 - Default Properties File: org\apache\velocity\runtime\defaults\velocity.properties
2020-01-14 11:38:40,293 - Trying to use logger class org.apache.velocity.runtime.log.SimpleLog4JLogSystem
2020-01-14 11:38:40,293 - Using logger class org.apache.velocity.runtime.log.SimpleLog4JLogSystem
2020-01-14 11:38:40,295 - Default ResourceManager initializing. (class org.apache.velocity.runtime.resource.ResourceManagerImpl)
2020-01-14 11:38:40,297 - Resource Loader Instantiated: org.apache.velocity.runtime.resource.loader.ClasspathResourceLoader
2020-01-14 11:38:40,297 - ClasspathResourceLoader : initialization starting.
2020-01-14 11:38:40,297 - ClasspathResourceLoader : initialization complete.
2020-01-14 11:38:40,300 - ResourceCache : initialized. (class org.apache.velocity.runtime.resource.ResourceCacheImpl)
2020-01-14 11:38:40,300 - Default ResourceManager initialization complete.
2020-01-14 11:38:40,302 - Loaded System Directive: org.apache.velocity.runtime.directive.Literal
2020-01-14 11:38:40,303 - Loaded System Directive: org.apache.velocity.runtime.directive.Macro
2020-01-14 11:38:40,306 - Loaded System Directive: org.apache.velocity.runtime.directive.Parse
2020-01-14 11:38:40,308 - Loaded System Directive: org.apache.velocity.runtime.directive.Include
2020-01-14 11:38:40,309 - Loaded System Directive: org.apache.velocity.runtime.directive.Foreach
2020-01-14 11:38:40,319 - Created: 20 parsers.
2020-01-14 11:38:40,339 - Velocimacro : initialization starting.
2020-01-14 11:38:40,339 - Velocimacro : adding VMs from VM library template : VM_global_library.vm
2020-01-14 11:38:40,343 - ResourceManager : unable to find resource 'VM_global_library.vm' in any resource loader.
2020-01-14 11:38:40,343 - Velocimacro : error using  VM library template VM_global_library.vm : org.apache.velocity.exception.ResourceNotFoundException: Unable to find resource 'VM_global_library.vm'
2020-01-14 11:38:40,343 - Velocimacro :  VM library template macro registration complete.
2020-01-14 11:38:40,343 - Velocimacro : allowInline = true : VMs can be defined inline in templates
2020-01-14 11:38:40,343 - Velocimacro : allowInlineToOverride = false : VMs defined inline may NOT replace previous VM definitions
2020-01-14 11:38:40,343 - Velocimacro : allowInlineLocal = false : VMs defined inline will be  global in scope if allowed.
2020-01-14 11:38:40,343 - Velocimacro : messages on  : VM system will output logging messages
2020-01-14 11:38:40,343 - Velocimacro : autoload off  : VM system will not automatically reload global library macros
2020-01-14 11:38:40,343 - Velocimacro : initialization complete.
2020-01-14 11:38:40,343 - Velocity successfully started.
2020-01-14 11:44:37,789 - SimpleLog4JLogSystem initialized using logfile 'velocity.log'
2020-01-14 11:44:37,790 - ************************************************************** 
2020-01-14 11:44:37,790 - Starting Jakarta Velocity v1.4
2020-01-14 11:44:37,790 - RuntimeInstance initializing.
2020-01-14 11:44:37,790 - Default Properties File: org\apache\velocity\runtime\defaults\velocity.properties
2020-01-14 11:44:37,790 - Trying to use logger class org.apache.velocity.runtime.log.SimpleLog4JLogSystem
2020-01-14 11:44:37,790 - Using logger class org.apache.velocity.runtime.log.SimpleLog4JLogSystem
2020-01-14 11:44:37,793 - Default ResourceManager initializing. (class org.apache.velocity.runtime.resource.ResourceManagerImpl)
2020-01-14 11:44:37,796 - Resource Loader Instantiated: org.apache.velocity.runtime.resource.loader.ClasspathResourceLoader
2020-01-14 11:44:37,796 - ClasspathResourceLoader : initialization starting.
2020-01-14 11:44:37,796 - ClasspathResourceLoader : initialization complete.
2020-01-14 11:44:37,798 - ResourceCache : initialized. (class org.apache.velocity.runtime.resource.ResourceCacheImpl)
2020-01-14 11:44:37,798 - Default ResourceManager initialization complete.
2020-01-14 11:44:37,800 - Loaded System Directive: org.apache.velocity.runtime.directive.Literal
2020-01-14 11:44:37,801 - Loaded System Directive: org.apache.velocity.runtime.directive.Macro
2020-01-14 11:44:37,804 - Loaded System Directive: org.apache.velocity.runtime.directive.Parse
2020-01-14 11:44:37,806 - Loaded System Directive: org.apache.velocity.runtime.directive.Include
2020-01-14 11:44:37,807 - Loaded System Directive: org.apache.velocity.runtime.directive.Foreach
2020-01-14 11:44:37,821 - Created: 20 parsers.
2020-01-14 11:44:37,837 - Velocimacro : initialization starting.
2020-01-14 11:44:37,837 - Velocimacro : adding VMs from VM library template : VM_global_library.vm
2020-01-14 11:44:37,839 - ResourceManager : unable to find resource 'VM_global_library.vm' in any resource loader.
2020-01-14 11:44:37,839 - Velocimacro : error using  VM library template VM_global_library.vm : org.apache.velocity.exception.ResourceNotFoundException: Unable to find resource 'VM_global_library.vm'
2020-01-14 11:44:37,839 - Velocimacro :  VM library template macro registration complete.
2020-01-14 11:44:37,839 - Velocimacro : allowInline = true : VMs can be defined inline in templates
2020-01-14 11:44:37,839 - Velocimacro : allowInlineToOverride = false : VMs defined inline may NOT replace previous VM definitions
2020-01-14 11:44:37,839 - Velocimacro : allowInlineLocal = false : VMs defined inline will be  global in scope if allowed.
2020-01-14 11:44:37,839 - Velocimacro : messages on  : VM system will output logging messages
2020-01-14 11:44:37,839 - Velocimacro : autoload off  : VM system will not automatically reload global library macros
2020-01-14 11:44:37,839 - Velocimacro : initialization complete.
2020-01-14 11:44:37,839 - Velocity successfully started.
2020-01-14 12:02:47,120 - SimpleLog4JLogSystem initialized using logfile 'velocity.log'
2020-01-14 12:02:47,120 - ************************************************************** 
2020-01-14 12:02:47,120 - Starting Jakarta Velocity v1.4
2020-01-14 12:02:47,120 - RuntimeInstance initializing.
2020-01-14 12:02:47,120 - Default Properties File: org\apache\velocity\runtime\defaults\velocity.properties
2020-01-14 12:02:47,120 - Trying to use logger class org.apache.velocity.runtime.log.SimpleLog4JLogSystem
2020-01-14 12:02:47,120 - Using logger class org.apache.velocity.runtime.log.SimpleLog4JLogSystem
2020-01-14 12:02:47,123 - Default ResourceManager initializing. (class org.apache.velocity.runtime.resource.ResourceManagerImpl)
2020-01-14 12:02:47,124 - Resource Loader Instantiated: org.apache.velocity.runtime.resource.loader.ClasspathResourceLoader
2020-01-14 12:02:47,124 - ClasspathResourceLoader : initialization starting.
2020-01-14 12:02:47,124 - ClasspathResourceLoader : initialization complete.
2020-01-14 12:02:47,125 - ResourceCache : initialized. (class org.apache.velocity.runtime.resource.ResourceCacheImpl)
2020-01-14 12:02:47,126 - Default ResourceManager initialization complete.
2020-01-14 12:02:47,127 - Loaded System Directive: org.apache.velocity.runtime.directive.Literal
2020-01-14 12:02:47,128 - Loaded System Directive: org.apache.velocity.runtime.directive.Macro
2020-01-14 12:02:47,129 - Loaded System Directive: org.apache.velocity.runtime.directive.Parse
2020-01-14 12:02:47,131 - Loaded System Directive: org.apache.velocity.runtime.directive.Include
2020-01-14 12:02:47,131 - Loaded System Directive: org.apache.velocity.runtime.directive.Foreach
2020-01-14 12:02:47,149 - Created: 20 parsers.
2020-01-14 12:02:47,154 - Velocimacro : initialization starting.
2020-01-14 12:02:47,154 - Velocimacro : adding VMs from VM library template : VM_global_library.vm
2020-01-14 12:02:47,156 - ResourceManager : unable to find resource 'VM_global_library.vm' in any resource loader.
2020-01-14 12:02:47,156 - Velocimacro : error using  VM library template VM_global_library.vm : org.apache.velocity.exception.ResourceNotFoundException: Unable to find resource 'VM_global_library.vm'
2020-01-14 12:02:47,156 - Velocimacro :  VM library template macro registration complete.
2020-01-14 12:02:47,156 - Velocimacro : allowInline = true : VMs can be defined inline in templates
2020-01-14 12:02:47,156 - Velocimacro : allowInlineToOverride = false : VMs defined inline may NOT replace previous VM definitions
2020-01-14 12:02:47,156 - Velocimacro : allowInlineLocal = false : VMs defined inline will be  global in scope if allowed.
2020-01-14 12:02:47,156 - Velocimacro : messages on  : VM system will output logging messages
2020-01-14 12:02:47,156 - Velocimacro : autoload off  : VM system will not automatically reload global library macros
2020-01-14 12:02:47,156 - Velocimacro : initialization complete.
2020-01-14 12:02:47,156 - Velocity successfully started.
2020-01-14 12:39:44,137 - SimpleLog4JLogSystem initialized using logfile 'velocity.log'
2020-01-14 12:39:44,137 - ************************************************************** 
2020-01-14 12:39:44,137 - Starting Jakarta Velocity v1.4
2020-01-14 12:39:44,137 - RuntimeInstance initializing.
2020-01-14 12:39:44,137 - Default Properties File: org\apache\velocity\runtime\defaults\velocity.properties
2020-01-14 12:39:44,138 - Trying to use logger class org.apache.velocity.runtime.log.SimpleLog4JLogSystem
2020-01-14 12:39:44,138 - Using logger class org.apache.velocity.runtime.log.SimpleLog4JLogSystem
2020-01-14 12:39:44,140 - Default ResourceManager initializing. (class org.apache.velocity.runtime.resource.ResourceManagerImpl)
2020-01-14 12:39:44,142 - Resource Loader Instantiated: org.apache.velocity.runtime.resource.loader.ClasspathResourceLoader
2020-01-14 12:39:44,142 - ClasspathResourceLoader : initialization starting.
2020-01-14 12:39:44,142 - ClasspathResourceLoader : initialization complete.
2020-01-14 12:39:44,143 - ResourceCache : initialized. (class org.apache.velocity.runtime.resource.ResourceCacheImpl)
2020-01-14 12:39:44,143 - Default ResourceManager initialization complete.
2020-01-14 12:39:44,145 - Loaded System Directive: org.apache.velocity.runtime.directive.Literal
2020-01-14 12:39:44,146 - Loaded System Directive: org.apache.velocity.runtime.directive.Macro
2020-01-14 12:39:44,148 - Loaded System Directive: org.apache.velocity.runtime.directive.Parse
2020-01-14 12:39:44,150 - Loaded System Directive: org.apache.velocity.runtime.directive.Include
2020-01-14 12:39:44,151 - Loaded System Directive: org.apache.velocity.runtime.directive.Foreach
2020-01-14 12:39:44,172 - Created: 20 parsers.
2020-01-14 12:39:44,178 - Velocimacro : initialization starting.
2020-01-14 12:39:44,178 - Velocimacro : adding VMs from VM library template : VM_global_library.vm
2020-01-14 12:39:44,181 - ResourceManager : unable to find resource 'VM_global_library.vm' in any resource loader.
2020-01-14 12:39:44,181 - Velocimacro : error using  VM library template VM_global_library.vm : org.apache.velocity.exception.ResourceNotFoundException: Unable to find resource 'VM_global_library.vm'
2020-01-14 12:39:44,181 - Velocimacro :  VM library template macro registration complete.
2020-01-14 12:39:44,181 - Velocimacro : allowInline = true : VMs can be defined inline in templates
2020-01-14 12:39:44,181 - Velocimacro : allowInlineToOverride = false : VMs defined inline may NOT replace previous VM definitions
2020-01-14 12:39:44,181 - Velocimacro : allowInlineLocal = false : VMs defined inline will be  global in scope if allowed.
2020-01-14 12:39:44,182 - Velocimacro : messages on  : VM system will output logging messages
2020-01-14 12:39:44,182 - Velocimacro : autoload off  : VM system will not automatically reload global library macros
2020-01-14 12:39:44,182 - Velocimacro : initialization complete.
2020-01-14 12:39:44,182 - Velocity successfully started.
2020-01-14 13:08:46,294 - SimpleLog4JLogSystem initialized using logfile 'velocity.log'
2020-01-14 13:08:46,295 - ************************************************************** 
2020-01-14 13:08:46,295 - Starting Jakarta Velocity v1.4
2020-01-14 13:08:46,295 - RuntimeInstance initializing.
2020-01-14 13:08:46,295 - Default Properties File: org\apache\velocity\runtime\defaults\velocity.properties
2020-01-14 13:08:46,295 - Trying to use logger class org.apache.velocity.runtime.log.SimpleLog4JLogSystem
2020-01-14 13:08:46,295 - Using logger class org.apache.velocity.runtime.log.SimpleLog4JLogSystem
2020-01-14 13:08:46,296 - Default ResourceManager initializing. (class org.apache.velocity.runtime.resource.ResourceManagerImpl)
2020-01-14 13:08:46,300 - Resource Loader Instantiated: org.apache.velocity.runtime.resource.loader.ClasspathResourceLoader
2020-01-14 13:08:46,300 - ClasspathResourceLoader : initialization starting.
2020-01-14 13:08:46,300 - ClasspathResourceLoader : initialization complete.
2020-01-14 13:08:46,301 - ResourceCache : initialized. (class org.apache.velocity.runtime.resource.ResourceCacheImpl)
2020-01-14 13:08:46,301 - Default ResourceManager initialization complete.
2020-01-14 13:08:46,302 - Loaded System Directive: org.apache.velocity.runtime.directive.Literal
2020-01-14 13:08:46,303 - Loaded System Directive: org.apache.velocity.runtime.directive.Macro
2020-01-14 13:08:46,303 - Loaded System Directive: org.apache.velocity.runtime.directive.Parse
2020-01-14 13:08:46,307 - Loaded System Directive: org.apache.velocity.runtime.directive.Include
2020-01-14 13:08:46,308 - Loaded System Directive: org.apache.velocity.runtime.directive.Foreach
2020-01-14 13:08:46,333 - Created: 20 parsers.
2020-01-14 13:08:46,337 - Velocimacro : initialization starting.
2020-01-14 13:08:46,337 - Velocimacro : adding VMs from VM library template : VM_global_library.vm
2020-01-14 13:08:46,342 - ResourceManager : unable to find resource 'VM_global_library.vm' in any resource loader.
2020-01-14 13:08:46,342 - Velocimacro : error using  VM library template VM_global_library.vm : org.apache.velocity.exception.ResourceNotFoundException: Unable to find resource 'VM_global_library.vm'
2020-01-14 13:08:46,342 - Velocimacro :  VM library template macro registration complete.
2020-01-14 13:08:46,342 - Velocimacro : allowInline = true : VMs can be defined inline in templates
2020-01-14 13:08:46,342 - Velocimacro : allowInlineToOverride = false : VMs defined inline may NOT replace previous VM definitions
2020-01-14 13:08:46,343 - Velocimacro : allowInlineLocal = false : VMs defined inline will be  global in scope if allowed.
2020-01-14 13:08:46,343 - Velocimacro : messages on  : VM system will output logging messages
2020-01-14 13:08:46,343 - Velocimacro : autoload off  : VM system will not automatically reload global library macros
2020-01-14 13:08:46,343 - Velocimacro : initialization complete.
2020-01-14 13:08:46,343 - Velocity successfully started.
2020-01-14 15:07:20,611 - SimpleLog4JLogSystem initialized using logfile 'velocity.log'
2020-01-14 15:07:20,611 - ************************************************************** 
2020-01-14 15:07:20,611 - Starting Jakarta Velocity v1.4
2020-01-14 15:07:20,611 - RuntimeInstance initializing.
2020-01-14 15:07:20,611 - Default Properties File: org\apache\velocity\runtime\defaults\velocity.properties
2020-01-14 15:07:20,611 - Trying to use logger class org.apache.velocity.runtime.log.SimpleLog4JLogSystem
2020-01-14 15:07:20,611 - Using logger class org.apache.velocity.runtime.log.SimpleLog4JLogSystem
2020-01-14 15:07:20,611 - Default ResourceManager initializing. (class org.apache.velocity.runtime.resource.ResourceManagerImpl)
2020-01-14 15:07:20,611 - Resource Loader Instantiated: org.apache.velocity.runtime.resource.loader.ClasspathResourceLoader
2020-01-14 15:07:20,611 - ClasspathResourceLoader : initialization starting.
2020-01-14 15:07:20,611 - ClasspathResourceLoader : initialization complete.
2020-01-14 15:07:20,611 - ResourceCache : initialized. (class org.apache.velocity.runtime.resource.ResourceCacheImpl)
2020-01-14 15:07:20,611 - Default ResourceManager initialization complete.
2020-01-14 15:07:20,611 - Loaded System Directive: org.apache.velocity.runtime.directive.Literal
2020-01-14 15:07:20,611 - Loaded System Directive: org.apache.velocity.runtime.directive.Macro
2020-01-14 15:07:20,611 - Loaded System Directive: org.apache.velocity.runtime.directive.Parse
2020-01-14 15:07:20,626 - Loaded System Directive: org.apache.velocity.runtime.directive.Include
2020-01-14 15:07:20,626 - Loaded System Directive: org.apache.velocity.runtime.directive.Foreach
2020-01-14 15:07:20,642 - Created: 20 parsers.
2020-01-14 15:07:20,642 - Velocimacro : initialization starting.
2020-01-14 15:07:20,642 - Velocimacro : adding VMs from VM library template : VM_global_library.vm
2020-01-14 15:07:20,642 - ResourceManager : unable to find resource 'VM_global_library.vm' in any resource loader.
2020-01-14 15:07:20,642 - Velocimacro : error using  VM library template VM_global_library.vm : org.apache.velocity.exception.ResourceNotFoundException: Unable to find resource 'VM_global_library.vm'
2020-01-14 15:07:20,642 - Velocimacro :  VM library template macro registration complete.
2020-01-14 15:07:20,642 - Velocimacro : allowInline = true : VMs can be defined inline in templates
2020-01-14 15:07:20,642 - Velocimacro : allowInlineToOverride = false : VMs defined inline may NOT replace previous VM definitions
2020-01-14 15:07:20,642 - Velocimacro : allowInlineLocal = false : VMs defined inline will be  global in scope if allowed.
2020-01-14 15:07:20,642 - Velocimacro : messages on  : VM system will output logging messages
2020-01-14 15:07:20,642 - Velocimacro : autoload off  : VM system will not automatically reload global library macros
2020-01-14 15:07:20,642 - Velocimacro : initialization complete.
2020-01-14 15:07:20,642 - Velocity successfully started.
2020-01-14 15:09:54,001 - SimpleLog4JLogSystem initialized using logfile 'velocity.log'
2020-01-14 15:09:54,001 - ************************************************************** 
2020-01-14 15:09:54,001 - Starting Jakarta Velocity v1.4
2020-01-14 15:09:54,001 - RuntimeInstance initializing.
2020-01-14 15:09:54,001 - Default Properties File: org\apache\velocity\runtime\defaults\velocity.properties
2020-01-14 15:09:54,001 - Trying to use logger class org.apache.velocity.runtime.log.SimpleLog4JLogSystem
2020-01-14 15:09:54,001 - Using logger class org.apache.velocity.runtime.log.SimpleLog4JLogSystem
2020-01-14 15:09:54,017 - Default ResourceManager initializing. (class org.apache.velocity.runtime.resource.ResourceManagerImpl)
2020-01-14 15:09:54,017 - Resource Loader Instantiated: org.apache.velocity.runtime.resource.loader.ClasspathResourceLoader
2020-01-14 15:09:54,017 - ClasspathResourceLoader : initialization starting.
2020-01-14 15:09:54,017 - ClasspathResourceLoader : initialization complete.
2020-01-14 15:09:54,017 - ResourceCache : initialized. (class org.apache.velocity.runtime.resource.ResourceCacheImpl)
2020-01-14 15:09:54,017 - Default ResourceManager initialization complete.
2020-01-14 15:09:54,017 - Loaded System Directive: org.apache.velocity.runtime.directive.Literal
2020-01-14 15:09:54,017 - Loaded System Directive: org.apache.velocity.runtime.directive.Macro
2020-01-14 15:09:54,017 - Loaded System Directive: org.apache.velocity.runtime.directive.Parse
2020-01-14 15:09:54,017 - Loaded System Directive: org.apache.velocity.runtime.directive.Include
2020-01-14 15:09:54,017 - Loaded System Directive: org.apache.velocity.runtime.directive.Foreach
2020-01-14 15:09:54,048 - Created: 20 parsers.
2020-01-14 15:09:54,048 - Velocimacro : initialization starting.
2020-01-14 15:09:54,048 - Velocimacro : adding VMs from VM library template : VM_global_library.vm
2020-01-14 15:09:54,048 - ResourceManager : unable to find resource 'VM_global_library.vm' in any resource loader.
2020-01-14 15:09:54,048 - Velocimacro : error using  VM library template VM_global_library.vm : org.apache.velocity.exception.ResourceNotFoundException: Unable to find resource 'VM_global_library.vm'
2020-01-14 15:09:54,048 - Velocimacro :  VM library template macro registration complete.
2020-01-14 15:09:54,048 - Velocimacro : allowInline = true : VMs can be defined inline in templates
2020-01-14 15:09:54,048 - Velocimacro : allowInlineToOverride = false : VMs defined inline may NOT replace previous VM definitions
2020-01-14 15:09:54,048 - Velocimacro : allowInlineLocal = false : VMs defined inline will be  global in scope if allowed.
2020-01-14 15:09:54,048 - Velocimacro : messages on  : VM system will output logging messages
2020-01-14 15:09:54,048 - Velocimacro : autoload off  : VM system will not automatically reload global library macros
2020-01-14 15:09:54,048 - Velocimacro : initialization complete.
2020-01-14 15:09:54,048 - Velocity successfully started.
2020-01-14 16:50:18,620 - SimpleLog4JLogSystem initialized using logfile 'velocity.log'
2020-01-14 16:50:18,620 - ************************************************************** 
2020-01-14 16:50:18,620 - Starting Jakarta Velocity v1.4
2020-01-14 16:50:18,620 - RuntimeInstance initializing.
2020-01-14 16:50:18,620 - Default Properties File: org\apache\velocity\runtime\defaults\velocity.properties
2020-01-14 16:50:18,620 - Trying to use logger class org.apache.velocity.runtime.log.SimpleLog4JLogSystem
2020-01-14 16:50:18,620 - Using logger class org.apache.velocity.runtime.log.SimpleLog4JLogSystem
2020-01-14 16:50:18,620 - Default ResourceManager initializing. (class org.apache.velocity.runtime.resource.ResourceManagerImpl)
2020-01-14 16:50:18,620 - Resource Loader Instantiated: org.apache.velocity.runtime.resource.loader.ClasspathResourceLoader
2020-01-14 16:50:18,620 - ClasspathResourceLoader : initialization starting.
2020-01-14 16:50:18,620 - ClasspathResourceLoader : initialization complete.
2020-01-14 16:50:18,620 - ResourceCache : initialized. (class org.apache.velocity.runtime.resource.ResourceCacheImpl)
2020-01-14 16:50:18,620 - Default ResourceManager initialization complete.
2020-01-14 16:50:18,620 - Loaded System Directive: org.apache.velocity.runtime.directive.Literal
2020-01-14 16:50:18,620 - Loaded System Directive: org.apache.velocity.runtime.directive.Macro
2020-01-14 16:50:18,620 - Loaded System Directive: org.apache.velocity.runtime.directive.Parse
2020-01-14 16:50:18,638 - Loaded System Directive: org.apache.velocity.runtime.directive.Include
2020-01-14 16:50:18,638 - Loaded System Directive: org.apache.velocity.runtime.directive.Foreach
2020-01-14 16:50:18,657 - Created: 20 parsers.
2020-01-14 16:50:18,657 - Velocimacro : initialization starting.
2020-01-14 16:50:18,657 - Velocimacro : adding VMs from VM library template : VM_global_library.vm
2020-01-14 16:50:18,657 - ResourceManager : unable to find resource 'VM_global_library.vm' in any resource loader.
2020-01-14 16:50:18,657 - Velocimacro : error using  VM library template VM_global_library.vm : org.apache.velocity.exception.ResourceNotFoundException: Unable to find resource 'VM_global_library.vm'
2020-01-14 16:50:18,657 - Velocimacro :  VM library template macro registration complete.
2020-01-14 16:50:18,657 - Velocimacro : allowInline = true : VMs can be defined inline in templates
2020-01-14 16:50:18,657 - Velocimacro : allowInlineToOverride = false : VMs defined inline may NOT replace previous VM definitions
2020-01-14 16:50:18,657 - Velocimacro : allowInlineLocal = false : VMs defined inline will be  global in scope if allowed.
2020-01-14 16:50:18,657 - Velocimacro : messages on  : VM system will output logging messages
2020-01-14 16:50:18,657 - Velocimacro : autoload off  : VM system will not automatically reload global library macros
2020-01-14 16:50:18,657 - Velocimacro : initialization complete.
2020-01-14 16:50:18,657 - Velocity successfully started.
2020-01-14 17:06:09,553 - SimpleLog4JLogSystem initialized using logfile 'velocity.log'
2020-01-14 17:06:09,553 - ************************************************************** 
2020-01-14 17:06:09,553 - Starting Jakarta Velocity v1.4
2020-01-14 17:06:09,553 - RuntimeInstance initializing.
2020-01-14 17:06:09,553 - Default Properties File: org\apache\velocity\runtime\defaults\velocity.properties
2020-01-14 17:06:09,553 - Trying to use logger class org.apache.velocity.runtime.log.SimpleLog4JLogSystem
2020-01-14 17:06:09,553 - Using logger class org.apache.velocity.runtime.log.SimpleLog4JLogSystem
2020-01-14 17:06:09,553 - Default ResourceManager initializing. (class org.apache.velocity.runtime.resource.ResourceManagerImpl)
2020-01-14 17:06:09,553 - Resource Loader Instantiated: org.apache.velocity.runtime.resource.loader.ClasspathResourceLoader
2020-01-14 17:06:09,553 - ClasspathResourceLoader : initialization starting.
2020-01-14 17:06:09,553 - ClasspathResourceLoader : initialization complete.
2020-01-14 17:06:09,553 - ResourceCache : initialized. (class org.apache.velocity.runtime.resource.ResourceCacheImpl)
2020-01-14 17:06:09,553 - Default ResourceManager initialization complete.
2020-01-14 17:06:09,568 - Loaded System Directive: org.apache.velocity.runtime.directive.Literal
2020-01-14 17:06:09,568 - Loaded System Directive: org.apache.velocity.runtime.directive.Macro
2020-01-14 17:06:09,568 - Loaded System Directive: org.apache.velocity.runtime.directive.Parse
2020-01-14 17:06:09,568 - Loaded System Directive: org.apache.velocity.runtime.directive.Include
2020-01-14 17:06:09,568 - Loaded System Directive: org.apache.velocity.runtime.directive.Foreach
2020-01-14 17:06:09,599 - Created: 20 parsers.
2020-01-14 17:06:09,599 - Velocimacro : initialization starting.
2020-01-14 17:06:09,599 - Velocimacro : adding VMs from VM library template : VM_global_library.vm
2020-01-14 17:06:09,599 - ResourceManager : unable to find resource 'VM_global_library.vm' in any resource loader.
2020-01-14 17:06:09,599 - Velocimacro : error using  VM library template VM_global_library.vm : org.apache.velocity.exception.ResourceNotFoundException: Unable to find resource 'VM_global_library.vm'
2020-01-14 17:06:09,599 - Velocimacro :  VM library template macro registration complete.
2020-01-14 17:06:09,599 - Velocimacro : allowInline = true : VMs can be defined inline in templates
2020-01-14 17:06:09,599 - Velocimacro : allowInlineToOverride = false : VMs defined inline may NOT replace previous VM definitions
2020-01-14 17:06:09,599 - Velocimacro : allowInlineLocal = false : VMs defined inline will be  global in scope if allowed.
2020-01-14 17:06:09,599 - Velocimacro : messages on  : VM system will output logging messages
2020-01-14 17:06:09,599 - Velocimacro : autoload off  : VM system will not automatically reload global library macros
2020-01-14 17:06:09,599 - Velocimacro : initialization complete.
2020-01-14 17:06:09,599 - Velocity successfully started.
2020-01-14 17:17:12,720 - SimpleLog4JLogSystem initialized using logfile 'velocity.log'
2020-01-14 17:17:12,720 - ************************************************************** 
2020-01-14 17:17:12,720 - Starting Jakarta Velocity v1.4
2020-01-14 17:17:12,720 - RuntimeInstance initializing.
2020-01-14 17:17:12,720 - Default Properties File: org\apache\velocity\runtime\defaults\velocity.properties
2020-01-14 17:17:12,720 - Trying to use logger class org.apache.velocity.runtime.log.SimpleLog4JLogSystem
2020-01-14 17:17:12,720 - Using logger class org.apache.velocity.runtime.log.SimpleLog4JLogSystem
2020-01-14 17:17:12,736 - Default ResourceManager initializing. (class org.apache.velocity.runtime.resource.ResourceManagerImpl)
2020-01-14 17:17:12,738 - Resource Loader Instantiated: org.apache.velocity.runtime.resource.loader.ClasspathResourceLoader
2020-01-14 17:17:12,738 - ClasspathResourceLoader : initialization starting.
2020-01-14 17:17:12,738 - ClasspathResourceLoader : initialization complete.
2020-01-14 17:17:12,739 - ResourceCache : initialized. (class org.apache.velocity.runtime.resource.ResourceCacheImpl)
2020-01-14 17:17:12,739 - Default ResourceManager initialization complete.
2020-01-14 17:17:12,741 - Loaded System Directive: org.apache.velocity.runtime.directive.Literal
2020-01-14 17:17:12,742 - Loaded System Directive: org.apache.velocity.runtime.directive.Macro
2020-01-14 17:17:12,743 - Loaded System Directive: org.apache.velocity.runtime.directive.Parse
2020-01-14 17:17:12,745 - Loaded System Directive: org.apache.velocity.runtime.directive.Include
2020-01-14 17:17:12,745 - Loaded System Directive: org.apache.velocity.runtime.directive.Foreach
2020-01-14 17:17:12,764 - Created: 20 parsers.
2020-01-14 17:17:12,766 - Velocimacro : initialization starting.
2020-01-14 17:17:12,766 - Velocimacro : adding VMs from VM library template : VM_global_library.vm
2020-01-14 17:17:12,766 - ResourceManager : unable to find resource 'VM_global_library.vm' in any resource loader.
2020-01-14 17:17:12,766 - Velocimacro : error using  VM library template VM_global_library.vm : org.apache.velocity.exception.ResourceNotFoundException: Unable to find resource 'VM_global_library.vm'
2020-01-14 17:17:12,766 - Velocimacro :  VM library template macro registration complete.
2020-01-14 17:17:12,766 - Velocimacro : allowInline = true : VMs can be defined inline in templates
2020-01-14 17:17:12,766 - Velocimacro : allowInlineToOverride = false : VMs defined inline may NOT replace previous VM definitions
2020-01-14 17:17:12,766 - Velocimacro : allowInlineLocal = false : VMs defined inline will be  global in scope if allowed.
2020-01-14 17:17:12,766 - Velocimacro : messages on  : VM system will output logging messages
2020-01-14 17:17:12,766 - Velocimacro : autoload off  : VM system will not automatically reload global library macros
2020-01-14 17:17:12,766 - Velocimacro : initialization complete.
2020-01-14 17:17:12,766 - Velocity successfully started.
2020-01-14 17:33:03,532 - SimpleLog4JLogSystem initialized using logfile 'velocity.log'
2020-01-14 17:33:03,532 - ************************************************************** 
2020-01-14 17:33:03,532 - Starting Jakarta Velocity v1.4
2020-01-14 17:33:03,532 - RuntimeInstance initializing.
2020-01-14 17:33:03,532 - Default Properties File: org\apache\velocity\runtime\defaults\velocity.properties
2020-01-14 17:33:03,532 - Trying to use logger class org.apache.velocity.runtime.log.SimpleLog4JLogSystem
2020-01-14 17:33:03,532 - Using logger class org.apache.velocity.runtime.log.SimpleLog4JLogSystem
2020-01-14 17:33:03,532 - Default ResourceManager initializing. (class org.apache.velocity.runtime.resource.ResourceManagerImpl)
2020-01-14 17:33:03,532 - Resource Loader Instantiated: org.apache.velocity.runtime.resource.loader.ClasspathResourceLoader
2020-01-14 17:33:03,532 - ClasspathResourceLoader : initialization starting.
2020-01-14 17:33:03,532 - ClasspathResourceLoader : initialization complete.
2020-01-14 17:33:03,532 - ResourceCache : initialized. (class org.apache.velocity.runtime.resource.ResourceCacheImpl)
2020-01-14 17:33:03,532 - Default ResourceManager initialization complete.
2020-01-14 17:33:03,548 - Loaded System Directive: org.apache.velocity.runtime.directive.Literal
2020-01-14 17:33:03,548 - Loaded System Directive: org.apache.velocity.runtime.directive.Macro
2020-01-14 17:33:03,548 - Loaded System Directive: org.apache.velocity.runtime.directive.Parse
2020-01-14 17:33:03,548 - Loaded System Directive: org.apache.velocity.runtime.directive.Include
2020-01-14 17:33:03,548 - Loaded System Directive: org.apache.velocity.runtime.directive.Foreach
2020-01-14 17:33:03,579 - Created: 20 parsers.
2020-01-14 17:33:03,595 - Velocimacro : initialization starting.
2020-01-14 17:33:03,595 - Velocimacro : adding VMs from VM library template : VM_global_library.vm
2020-01-14 17:33:03,595 - ResourceManager : unable to find resource 'VM_global_library.vm' in any resource loader.
2020-01-14 17:33:03,595 - Velocimacro : error using  VM library template VM_global_library.vm : org.apache.velocity.exception.ResourceNotFoundException: Unable to find resource 'VM_global_library.vm'
2020-01-14 17:33:03,595 - Velocimacro :  VM library template macro registration complete.
2020-01-14 17:33:03,595 - Velocimacro : allowInline = true : VMs can be defined inline in templates
2020-01-14 17:33:03,595 - Velocimacro : allowInlineToOverride = false : VMs defined inline may NOT replace previous VM definitions
2020-01-14 17:33:03,595 - Velocimacro : allowInlineLocal = false : VMs defined inline will be  global in scope if allowed.
2020-01-14 17:33:03,595 - Velocimacro : messages on  : VM system will output logging messages
2020-01-14 17:33:03,595 - Velocimacro : autoload off  : VM system will not automatically reload global library macros
2020-01-14 17:33:03,595 - Velocimacro : initialization complete.
2020-01-14 17:33:03,595 - Velocity successfully started.
2020-01-14 17:44:42,223 - SimpleLog4JLogSystem initialized using logfile 'velocity.log'
2020-01-14 17:44:42,223 - ************************************************************** 
2020-01-14 17:44:42,223 - Starting Jakarta Velocity v1.4
2020-01-14 17:44:42,223 - RuntimeInstance initializing.
2020-01-14 17:44:42,223 - Default Properties File: org\apache\velocity\runtime\defaults\velocity.properties
2020-01-14 17:44:42,223 - Trying to use logger class org.apache.velocity.runtime.log.SimpleLog4JLogSystem
2020-01-14 17:44:42,223 - Using logger class org.apache.velocity.runtime.log.SimpleLog4JLogSystem
2020-01-14 17:44:42,238 - Default ResourceManager initializing. (class org.apache.velocity.runtime.resource.ResourceManagerImpl)
2020-01-14 17:44:42,238 - Resource Loader Instantiated: org.apache.velocity.runtime.resource.loader.ClasspathResourceLoader
2020-01-14 17:44:42,238 - ClasspathResourceLoader : initialization starting.
2020-01-14 17:44:42,238 - ClasspathResourceLoader : initialization complete.
2020-01-14 17:44:42,238 - ResourceCache : initialized. (class org.apache.velocity.runtime.resource.ResourceCacheImpl)
2020-01-14 17:44:42,238 - Default ResourceManager initialization complete.
2020-01-14 17:44:42,238 - Loaded System Directive: org.apache.velocity.runtime.directive.Literal
2020-01-14 17:44:42,238 - Loaded System Directive: org.apache.velocity.runtime.directive.Macro
2020-01-14 17:44:42,238 - Loaded System Directive: org.apache.velocity.runtime.directive.Parse
2020-01-14 17:44:42,238 - Loaded System Directive: org.apache.velocity.runtime.directive.Include
2020-01-14 17:44:42,238 - Loaded System Directive: org.apache.velocity.runtime.directive.Foreach
2020-01-14 17:44:42,282 - Created: 20 parsers.
2020-01-14 17:44:42,288 - Velocimacro : initialization starting.
2020-01-14 17:44:42,288 - Velocimacro : adding VMs from VM library template : VM_global_library.vm
2020-01-14 17:44:42,291 - ResourceManager : unable to find resource 'VM_global_library.vm' in any resource loader.
2020-01-14 17:44:42,291 - Velocimacro : error using  VM library template VM_global_library.vm : org.apache.velocity.exception.ResourceNotFoundException: Unable to find resource 'VM_global_library.vm'
2020-01-14 17:44:42,291 - Velocimacro :  VM library template macro registration complete.
2020-01-14 17:44:42,291 - Velocimacro : allowInline = true : VMs can be defined inline in templates
2020-01-14 17:44:42,291 - Velocimacro : allowInlineToOverride = false : VMs defined inline may NOT replace previous VM definitions
2020-01-14 17:44:42,292 - Velocimacro : allowInlineLocal = false : VMs defined inline will be  global in scope if allowed.
2020-01-14 17:44:42,292 - Velocimacro : messages on  : VM system will output logging messages
2020-01-14 17:44:42,292 - Velocimacro : autoload off  : VM system will not automatically reload global library macros
2020-01-14 17:44:42,292 - Velocimacro : initialization complete.
2020-01-14 17:44:42,292 - Velocity successfully started.
2020-01-15 09:30:16,441 - SimpleLog4JLogSystem initialized using logfile 'velocity.log'
2020-01-15 09:30:16,441 - ************************************************************** 
2020-01-15 09:30:16,441 - Starting Jakarta Velocity v1.4
2020-01-15 09:30:16,441 - RuntimeInstance initializing.
2020-01-15 09:30:16,441 - Default Properties File: org\apache\velocity\runtime\defaults\velocity.properties
2020-01-15 09:30:16,441 - Trying to use logger class org.apache.velocity.runtime.log.SimpleLog4JLogSystem
2020-01-15 09:30:16,441 - Using logger class org.apache.velocity.runtime.log.SimpleLog4JLogSystem
2020-01-15 09:30:16,441 - Default ResourceManager initializing. (class org.apache.velocity.runtime.resource.ResourceManagerImpl)
2020-01-15 09:30:16,441 - Resource Loader Instantiated: org.apache.velocity.runtime.resource.loader.ClasspathResourceLoader
2020-01-15 09:30:16,441 - ClasspathResourceLoader : initialization starting.
2020-01-15 09:30:16,441 - ClasspathResourceLoader : initialization complete.
2020-01-15 09:30:16,441 - ResourceCache : initialized. (class org.apache.velocity.runtime.resource.ResourceCacheImpl)
2020-01-15 09:30:16,441 - Default ResourceManager initialization complete.
2020-01-15 09:30:16,456 - Loaded System Directive: org.apache.velocity.runtime.directive.Literal
2020-01-15 09:30:16,456 - Loaded System Directive: org.apache.velocity.runtime.directive.Macro
2020-01-15 09:30:16,456 - Loaded System Directive: org.apache.velocity.runtime.directive.Parse
2020-01-15 09:30:16,456 - Loaded System Directive: org.apache.velocity.runtime.directive.Include
2020-01-15 09:30:16,456 - Loaded System Directive: org.apache.velocity.runtime.directive.Foreach
2020-01-15 09:30:16,487 - Created: 20 parsers.
2020-01-15 09:30:16,487 - Velocimacro : initialization starting.
2020-01-15 09:30:16,487 - Velocimacro : adding VMs from VM library template : VM_global_library.vm
2020-01-15 09:30:16,487 - ResourceManager : unable to find resource 'VM_global_library.vm' in any resource loader.
2020-01-15 09:30:16,487 - Velocimacro : error using  VM library template VM_global_library.vm : org.apache.velocity.exception.ResourceNotFoundException: Unable to find resource 'VM_global_library.vm'
2020-01-15 09:30:16,487 - Velocimacro :  VM library template macro registration complete.
2020-01-15 09:30:16,487 - Velocimacro : allowInline = true : VMs can be defined inline in templates
2020-01-15 09:30:16,487 - Velocimacro : allowInlineToOverride = false : VMs defined inline may NOT replace previous VM definitions
2020-01-15 09:30:16,487 - Velocimacro : allowInlineLocal = false : VMs defined inline will be  global in scope if allowed.
2020-01-15 09:30:16,487 - Velocimacro : messages on  : VM system will output logging messages
2020-01-15 09:30:16,487 - Velocimacro : autoload off  : VM system will not automatically reload global library macros
2020-01-15 09:30:16,487 - Velocimacro : initialization complete.
2020-01-15 09:30:16,487 - Velocity successfully started.
2020-01-15 09:39:48,063 - SimpleLog4JLogSystem initialized using logfile 'velocity.log'
2020-01-15 09:39:48,063 - ************************************************************** 
2020-01-15 09:39:48,063 - Starting Jakarta Velocity v1.4
2020-01-15 09:39:48,063 - RuntimeInstance initializing.
2020-01-15 09:39:48,063 - Default Properties File: org\apache\velocity\runtime\defaults\velocity.properties
2020-01-15 09:39:48,063 - Trying to use logger class org.apache.velocity.runtime.log.SimpleLog4JLogSystem
2020-01-15 09:39:48,063 - Using logger class org.apache.velocity.runtime.log.SimpleLog4JLogSystem
2020-01-15 09:39:48,063 - Default ResourceManager initializing. (class org.apache.velocity.runtime.resource.ResourceManagerImpl)
2020-01-15 09:39:48,081 - Resource Loader Instantiated: org.apache.velocity.runtime.resource.loader.ClasspathResourceLoader
2020-01-15 09:39:48,081 - ClasspathResourceLoader : initialization starting.
2020-01-15 09:39:48,081 - ClasspathResourceLoader : initialization complete.
2020-01-15 09:39:48,082 - ResourceCache : initialized. (class org.apache.velocity.runtime.resource.ResourceCacheImpl)
2020-01-15 09:39:48,083 - Default ResourceManager initialization complete.
2020-01-15 09:39:48,084 - Loaded System Directive: org.apache.velocity.runtime.directive.Literal
2020-01-15 09:39:48,085 - Loaded System Directive: org.apache.velocity.runtime.directive.Macro
2020-01-15 09:39:48,085 - Loaded System Directive: org.apache.velocity.runtime.directive.Parse
2020-01-15 09:39:48,085 - Loaded System Directive: org.apache.velocity.runtime.directive.Include
2020-01-15 09:39:48,085 - Loaded System Directive: org.apache.velocity.runtime.directive.Foreach
2020-01-15 09:39:48,100 - Created: 20 parsers.
2020-01-15 09:39:48,116 - Velocimacro : initialization starting.
2020-01-15 09:39:48,116 - Velocimacro : adding VMs from VM library template : VM_global_library.vm
2020-01-15 09:39:48,116 - ResourceManager : unable to find resource 'VM_global_library.vm' in any resource loader.
2020-01-15 09:39:48,116 - Velocimacro : error using  VM library template VM_global_library.vm : org.apache.velocity.exception.ResourceNotFoundException: Unable to find resource 'VM_global_library.vm'
2020-01-15 09:39:48,116 - Velocimacro :  VM library template macro registration complete.
2020-01-15 09:39:48,116 - Velocimacro : allowInline = true : VMs can be defined inline in templates
2020-01-15 09:39:48,116 - Velocimacro : allowInlineToOverride = false : VMs defined inline may NOT replace previous VM definitions
2020-01-15 09:39:48,116 - Velocimacro : allowInlineLocal = false : VMs defined inline will be  global in scope if allowed.
2020-01-15 09:39:48,116 - Velocimacro : messages on  : VM system will output logging messages
2020-01-15 09:39:48,116 - Velocimacro : autoload off  : VM system will not automatically reload global library macros
2020-01-15 09:39:48,116 - Velocimacro : initialization complete.
2020-01-15 09:39:48,116 - Velocity successfully started.
2020-01-15 09:45:49,432 - SimpleLog4JLogSystem initialized using logfile 'velocity.log'
2020-01-15 09:45:49,432 - ************************************************************** 
2020-01-15 09:45:49,432 - Starting Jakarta Velocity v1.4
2020-01-15 09:45:49,432 - RuntimeInstance initializing.
2020-01-15 09:45:49,432 - Default Properties File: org\apache\velocity\runtime\defaults\velocity.properties
2020-01-15 09:45:49,432 - Trying to use logger class org.apache.velocity.runtime.log.SimpleLog4JLogSystem
2020-01-15 09:45:49,432 - Using logger class org.apache.velocity.runtime.log.SimpleLog4JLogSystem
2020-01-15 09:45:49,435 - Default ResourceManager initializing. (class org.apache.velocity.runtime.resource.ResourceManagerImpl)
2020-01-15 09:45:49,437 - Resource Loader Instantiated: org.apache.velocity.runtime.resource.loader.ClasspathResourceLoader
2020-01-15 09:45:49,437 - ClasspathResourceLoader : initialization starting.
2020-01-15 09:45:49,437 - ClasspathResourceLoader : initialization complete.
2020-01-15 09:45:49,438 - ResourceCache : initialized. (class org.apache.velocity.runtime.resource.ResourceCacheImpl)
2020-01-15 09:45:49,439 - Default ResourceManager initialization complete.
2020-01-15 09:45:49,440 - Loaded System Directive: org.apache.velocity.runtime.directive.Literal
2020-01-15 09:45:49,442 - Loaded System Directive: org.apache.velocity.runtime.directive.Macro
2020-01-15 09:45:49,444 - Loaded System Directive: org.apache.velocity.runtime.directive.Parse
2020-01-15 09:45:49,445 - Loaded System Directive: org.apache.velocity.runtime.directive.Include
2020-01-15 09:45:49,447 - Loaded System Directive: org.apache.velocity.runtime.directive.Foreach
2020-01-15 09:45:49,473 - Created: 20 parsers.
2020-01-15 09:45:49,480 - Velocimacro : initialization starting.
2020-01-15 09:45:49,480 - Velocimacro : adding VMs from VM library template : VM_global_library.vm
2020-01-15 09:45:49,483 - ResourceManager : unable to find resource 'VM_global_library.vm' in any resource loader.
2020-01-15 09:45:49,483 - Velocimacro : error using  VM library template VM_global_library.vm : org.apache.velocity.exception.ResourceNotFoundException: Unable to find resource 'VM_global_library.vm'
2020-01-15 09:45:49,483 - Velocimacro :  VM library template macro registration complete.
2020-01-15 09:45:49,483 - Velocimacro : allowInline = true : VMs can be defined inline in templates
2020-01-15 09:45:49,483 - Velocimacro : allowInlineToOverride = false : VMs defined inline may NOT replace previous VM definitions
2020-01-15 09:45:49,484 - Velocimacro : allowInlineLocal = false : VMs defined inline will be  global in scope if allowed.
2020-01-15 09:45:49,484 - Velocimacro : messages on  : VM system will output logging messages
2020-01-15 09:45:49,484 - Velocimacro : autoload off  : VM system will not automatically reload global library macros
2020-01-15 09:45:49,484 - Velocimacro : initialization complete.
2020-01-15 09:45:49,484 - Velocity successfully started.
2020-01-15 10:09:09,146 - SimpleLog4JLogSystem initialized using logfile 'velocity.log'
2020-01-15 10:09:09,146 - ************************************************************** 
2020-01-15 10:09:09,146 - Starting Jakarta Velocity v1.4
2020-01-15 10:09:09,146 - RuntimeInstance initializing.
2020-01-15 10:09:09,146 - Default Properties File: org\apache\velocity\runtime\defaults\velocity.properties
2020-01-15 10:09:09,146 - Trying to use logger class org.apache.velocity.runtime.log.SimpleLog4JLogSystem
2020-01-15 10:09:09,146 - Using logger class org.apache.velocity.runtime.log.SimpleLog4JLogSystem
2020-01-15 10:09:09,148 - Default ResourceManager initializing. (class org.apache.velocity.runtime.resource.ResourceManagerImpl)
2020-01-15 10:09:09,151 - Resource Loader Instantiated: org.apache.velocity.runtime.resource.loader.ClasspathResourceLoader
2020-01-15 10:09:09,151 - ClasspathResourceLoader : initialization starting.
2020-01-15 10:09:09,151 - ClasspathResourceLoader : initialization complete.
2020-01-15 10:09:09,152 - ResourceCache : initialized. (class org.apache.velocity.runtime.resource.ResourceCacheImpl)
2020-01-15 10:09:09,152 - Default ResourceManager initialization complete.
2020-01-15 10:09:09,154 - Loaded System Directive: org.apache.velocity.runtime.directive.Literal
2020-01-15 10:09:09,155 - Loaded System Directive: org.apache.velocity.runtime.directive.Macro
2020-01-15 10:09:09,157 - Loaded System Directive: org.apache.velocity.runtime.directive.Parse
2020-01-15 10:09:09,159 - Loaded System Directive: org.apache.velocity.runtime.directive.Include
2020-01-15 10:09:09,160 - Loaded System Directive: org.apache.velocity.runtime.directive.Foreach
2020-01-15 10:09:09,187 - Created: 20 parsers.
2020-01-15 10:09:09,193 - Velocimacro : initialization starting.
2020-01-15 10:09:09,193 - Velocimacro : adding VMs from VM library template : VM_global_library.vm
2020-01-15 10:09:09,196 - ResourceManager : unable to find resource 'VM_global_library.vm' in any resource loader.
2020-01-15 10:09:09,196 - Velocimacro : error using  VM library template VM_global_library.vm : org.apache.velocity.exception.ResourceNotFoundException: Unable to find resource 'VM_global_library.vm'
2020-01-15 10:09:09,197 - Velocimacro :  VM library template macro registration complete.
2020-01-15 10:09:09,197 - Velocimacro : allowInline = true : VMs can be defined inline in templates
2020-01-15 10:09:09,197 - Velocimacro : allowInlineToOverride = false : VMs defined inline may NOT replace previous VM definitions
2020-01-15 10:09:09,197 - Velocimacro : allowInlineLocal = false : VMs defined inline will be  global in scope if allowed.
2020-01-15 10:09:09,197 - Velocimacro : messages on  : VM system will output logging messages
2020-01-15 10:09:09,197 - Velocimacro : autoload off  : VM system will not automatically reload global library macros
2020-01-15 10:09:09,197 - Velocimacro : initialization complete.
2020-01-15 10:09:09,197 - Velocity successfully started.
2020-01-15 10:16:58,178 - SimpleLog4JLogSystem initialized using logfile 'velocity.log'
2020-01-15 10:16:58,178 - ************************************************************** 
2020-01-15 10:16:58,178 - Starting Jakarta Velocity v1.4
2020-01-15 10:16:58,178 - RuntimeInstance initializing.
2020-01-15 10:16:58,178 - Default Properties File: org\apache\velocity\runtime\defaults\velocity.properties
2020-01-15 10:16:58,178 - Trying to use logger class org.apache.velocity.runtime.log.SimpleLog4JLogSystem
2020-01-15 10:16:58,178 - Using logger class org.apache.velocity.runtime.log.SimpleLog4JLogSystem
2020-01-15 10:16:58,181 - Default ResourceManager initializing. (class org.apache.velocity.runtime.resource.ResourceManagerImpl)
2020-01-15 10:16:58,184 - Resource Loader Instantiated: org.apache.velocity.runtime.resource.loader.ClasspathResourceLoader
2020-01-15 10:16:58,184 - ClasspathResourceLoader : initialization starting.
2020-01-15 10:16:58,184 - ClasspathResourceLoader : initialization complete.
2020-01-15 10:16:58,186 - ResourceCache : initialized. (class org.apache.velocity.runtime.resource.ResourceCacheImpl)
2020-01-15 10:16:58,186 - Default ResourceManager initialization complete.
2020-01-15 10:16:58,187 - Loaded System Directive: org.apache.velocity.runtime.directive.Literal
2020-01-15 10:16:58,189 - Loaded System Directive: org.apache.velocity.runtime.directive.Macro
2020-01-15 10:16:58,191 - Loaded System Directive: org.apache.velocity.runtime.directive.Parse
2020-01-15 10:16:58,193 - Loaded System Directive: org.apache.velocity.runtime.directive.Include
2020-01-15 10:16:58,194 - Loaded System Directive: org.apache.velocity.runtime.directive.Foreach
2020-01-15 10:16:58,217 - Created: 20 parsers.
2020-01-15 10:16:58,223 - Velocimacro : initialization starting.
2020-01-15 10:16:58,223 - Velocimacro : adding VMs from VM library template : VM_global_library.vm
2020-01-15 10:16:58,226 - ResourceManager : unable to find resource 'VM_global_library.vm' in any resource loader.
2020-01-15 10:16:58,226 - Velocimacro : error using  VM library template VM_global_library.vm : org.apache.velocity.exception.ResourceNotFoundException: Unable to find resource 'VM_global_library.vm'
2020-01-15 10:16:58,226 - Velocimacro :  VM library template macro registration complete.
2020-01-15 10:16:58,226 - Velocimacro : allowInline = true : VMs can be defined inline in templates
2020-01-15 10:16:58,226 - Velocimacro : allowInlineToOverride = false : VMs defined inline may NOT replace previous VM definitions
2020-01-15 10:16:58,226 - Velocimacro : allowInlineLocal = false : VMs defined inline will be  global in scope if allowed.
2020-01-15 10:16:58,226 - Velocimacro : messages on  : VM system will output logging messages
2020-01-15 10:16:58,226 - Velocimacro : autoload off  : VM system will not automatically reload global library macros
2020-01-15 10:16:58,226 - Velocimacro : initialization complete.
2020-01-15 10:16:58,227 - Velocity successfully started.
2020-01-15 10:22:22,909 - SimpleLog4JLogSystem initialized using logfile 'velocity.log'
2020-01-15 10:22:22,910 - ************************************************************** 
2020-01-15 10:22:22,910 - Starting Jakarta Velocity v1.4
2020-01-15 10:22:22,910 - RuntimeInstance initializing.
2020-01-15 10:22:22,910 - Default Properties File: org\apache\velocity\runtime\defaults\velocity.properties
2020-01-15 10:22:22,910 - Trying to use logger class org.apache.velocity.runtime.log.SimpleLog4JLogSystem
2020-01-15 10:22:22,910 - Using logger class org.apache.velocity.runtime.log.SimpleLog4JLogSystem
2020-01-15 10:22:22,913 - Default ResourceManager initializing. (class org.apache.velocity.runtime.resource.ResourceManagerImpl)
2020-01-15 10:22:22,914 - Resource Loader Instantiated: org.apache.velocity.runtime.resource.loader.ClasspathResourceLoader
2020-01-15 10:22:22,914 - ClasspathResourceLoader : initialization starting.
2020-01-15 10:22:22,915 - ClasspathResourceLoader : initialization complete.
2020-01-15 10:22:22,916 - ResourceCache : initialized. (class org.apache.velocity.runtime.resource.ResourceCacheImpl)
2020-01-15 10:22:22,916 - Default ResourceManager initialization complete.
2020-01-15 10:22:22,917 - Loaded System Directive: org.apache.velocity.runtime.directive.Literal
2020-01-15 10:22:22,918 - Loaded System Directive: org.apache.velocity.runtime.directive.Macro
2020-01-15 10:22:22,919 - Loaded System Directive: org.apache.velocity.runtime.directive.Parse
2020-01-15 10:22:22,920 - Loaded System Directive: org.apache.velocity.runtime.directive.Include
2020-01-15 10:22:22,921 - Loaded System Directive: org.apache.velocity.runtime.directive.Foreach
2020-01-15 10:22:22,940 - Created: 20 parsers.
2020-01-15 10:22:22,945 - Velocimacro : initialization starting.
2020-01-15 10:22:22,945 - Velocimacro : adding VMs from VM library template : VM_global_library.vm
2020-01-15 10:22:22,948 - ResourceManager : unable to find resource 'VM_global_library.vm' in any resource loader.
2020-01-15 10:22:22,948 - Velocimacro : error using  VM library template VM_global_library.vm : org.apache.velocity.exception.ResourceNotFoundException: Unable to find resource 'VM_global_library.vm'
2020-01-15 10:22:22,948 - Velocimacro :  VM library template macro registration complete.
2020-01-15 10:22:22,948 - Velocimacro : allowInline = true : VMs can be defined inline in templates
2020-01-15 10:22:22,948 - Velocimacro : allowInlineToOverride = false : VMs defined inline may NOT replace previous VM definitions
2020-01-15 10:22:22,948 - Velocimacro : allowInlineLocal = false : VMs defined inline will be  global in scope if allowed.
2020-01-15 10:22:22,948 - Velocimacro : messages on  : VM system will output logging messages
2020-01-15 10:22:22,948 - Velocimacro : autoload off  : VM system will not automatically reload global library macros
2020-01-15 10:22:22,948 - Velocimacro : initialization complete.
2020-01-15 10:22:22,948 - Velocity successfully started.
2020-01-15 10:25:53,116 - SimpleLog4JLogSystem initialized using logfile 'velocity.log'
2020-01-15 10:25:53,116 - ************************************************************** 
2020-01-15 10:25:53,116 - Starting Jakarta Velocity v1.4
2020-01-15 10:25:53,116 - RuntimeInstance initializing.
2020-01-15 10:25:53,116 - Default Properties File: org\apache\velocity\runtime\defaults\velocity.properties
2020-01-15 10:25:53,116 - Trying to use logger class org.apache.velocity.runtime.log.SimpleLog4JLogSystem
2020-01-15 10:25:53,116 - Using logger class org.apache.velocity.runtime.log.SimpleLog4JLogSystem
2020-01-15 10:25:53,116 - Default ResourceManager initializing. (class org.apache.velocity.runtime.resource.ResourceManagerImpl)
2020-01-15 10:25:53,116 - Resource Loader Instantiated: org.apache.velocity.runtime.resource.loader.ClasspathResourceLoader
2020-01-15 10:25:53,116 - ClasspathResourceLoader : initialization starting.
2020-01-15 10:25:53,116 - ClasspathResourceLoader : initialization complete.
2020-01-15 10:25:53,116 - ResourceCache : initialized. (class org.apache.velocity.runtime.resource.ResourceCacheImpl)
2020-01-15 10:25:53,116 - Default ResourceManager initialization complete.
2020-01-15 10:25:53,116 - Loaded System Directive: org.apache.velocity.runtime.directive.Literal
2020-01-15 10:25:53,116 - Loaded System Directive: org.apache.velocity.runtime.directive.Macro
2020-01-15 10:25:53,116 - Loaded System Directive: org.apache.velocity.runtime.directive.Parse
2020-01-15 10:25:53,116 - Loaded System Directive: org.apache.velocity.runtime.directive.Include
2020-01-15 10:25:53,116 - Loaded System Directive: org.apache.velocity.runtime.directive.Foreach
2020-01-15 10:25:53,147 - Created: 20 parsers.
2020-01-15 10:25:53,147 - Velocimacro : initialization starting.
2020-01-15 10:25:53,147 - Velocimacro : adding VMs from VM library template : VM_global_library.vm
2020-01-15 10:25:53,147 - ResourceManager : unable to find resource 'VM_global_library.vm' in any resource loader.
2020-01-15 10:25:53,147 - Velocimacro : error using  VM library template VM_global_library.vm : org.apache.velocity.exception.ResourceNotFoundException: Unable to find resource 'VM_global_library.vm'
2020-01-15 10:25:53,147 - Velocimacro :  VM library template macro registration complete.
2020-01-15 10:25:53,147 - Velocimacro : allowInline = true : VMs can be defined inline in templates
2020-01-15 10:25:53,147 - Velocimacro : allowInlineToOverride = false : VMs defined inline may NOT replace previous VM definitions
2020-01-15 10:25:53,147 - Velocimacro : allowInlineLocal = false : VMs defined inline will be  global in scope if allowed.
2020-01-15 10:25:53,147 - Velocimacro : messages on  : VM system will output logging messages
2020-01-15 10:25:53,147 - Velocimacro : autoload off  : VM system will not automatically reload global library macros
2020-01-15 10:25:53,147 - Velocimacro : initialization complete.
2020-01-15 10:25:53,147 - Velocity successfully started.
2020-01-15 11:17:36,458 - SimpleLog4JLogSystem initialized using logfile 'velocity.log'
2020-01-15 11:17:36,459 - ************************************************************** 
2020-01-15 11:17:36,459 - Starting Jakarta Velocity v1.4
2020-01-15 11:17:36,459 - RuntimeInstance initializing.
2020-01-15 11:17:36,459 - Default Properties File: org\apache\velocity\runtime\defaults\velocity.properties
2020-01-15 11:17:36,459 - Trying to use logger class org.apache.velocity.runtime.log.SimpleLog4JLogSystem
2020-01-15 11:17:36,459 - Using logger class org.apache.velocity.runtime.log.SimpleLog4JLogSystem
2020-01-15 11:17:36,461 - Default ResourceManager initializing. (class org.apache.velocity.runtime.resource.ResourceManagerImpl)
2020-01-15 11:17:36,462 - Resource Loader Instantiated: org.apache.velocity.runtime.resource.loader.ClasspathResourceLoader
2020-01-15 11:17:36,462 - ClasspathResourceLoader : initialization starting.
2020-01-15 11:17:36,462 - ClasspathResourceLoader : initialization complete.
2020-01-15 11:17:36,462 - ResourceCache : initialized. (class org.apache.velocity.runtime.resource.ResourceCacheImpl)
2020-01-15 11:17:36,465 - Default ResourceManager initialization complete.
2020-01-15 11:17:36,466 - Loaded System Directive: org.apache.velocity.runtime.directive.Literal
2020-01-15 11:17:36,466 - Loaded System Directive: org.apache.velocity.runtime.directive.Macro
2020-01-15 11:17:36,470 - Loaded System Directive: org.apache.velocity.runtime.directive.Parse
2020-01-15 11:17:36,471 - Loaded System Directive: org.apache.velocity.runtime.directive.Include
2020-01-15 11:17:36,472 - Loaded System Directive: org.apache.velocity.runtime.directive.Foreach
2020-01-15 11:17:36,496 - Created: 20 parsers.
2020-01-15 11:17:36,502 - Velocimacro : initialization starting.
2020-01-15 11:17:36,502 - Velocimacro : adding VMs from VM library template : VM_global_library.vm
2020-01-15 11:17:36,506 - ResourceManager : unable to find resource 'VM_global_library.vm' in any resource loader.
2020-01-15 11:17:36,506 - Velocimacro : error using  VM library template VM_global_library.vm : org.apache.velocity.exception.ResourceNotFoundException: Unable to find resource 'VM_global_library.vm'
2020-01-15 11:17:36,506 - Velocimacro :  VM library template macro registration complete.
2020-01-15 11:17:36,506 - Velocimacro : allowInline = true : VMs can be defined inline in templates
2020-01-15 11:17:36,506 - Velocimacro : allowInlineToOverride = false : VMs defined inline may NOT replace previous VM definitions
2020-01-15 11:17:36,506 - Velocimacro : allowInlineLocal = false : VMs defined inline will be  global in scope if allowed.
2020-01-15 11:17:36,506 - Velocimacro : messages on  : VM system will output logging messages
2020-01-15 11:17:36,506 - Velocimacro : autoload off  : VM system will not automatically reload global library macros
2020-01-15 11:17:36,506 - Velocimacro : initialization complete.
2020-01-15 11:17:36,506 - Velocity successfully started.
2020-01-15 11:22:27,826 - SimpleLog4JLogSystem initialized using logfile 'velocity.log'
2020-01-15 11:22:27,827 - ************************************************************** 
2020-01-15 11:22:27,827 - Starting Jakarta Velocity v1.4
2020-01-15 11:22:27,827 - RuntimeInstance initializing.
2020-01-15 11:22:27,827 - Default Properties File: org\apache\velocity\runtime\defaults\velocity.properties
2020-01-15 11:22:27,827 - Trying to use logger class org.apache.velocity.runtime.log.SimpleLog4JLogSystem
2020-01-15 11:22:27,827 - Using logger class org.apache.velocity.runtime.log.SimpleLog4JLogSystem
2020-01-15 11:22:27,829 - Default ResourceManager initializing. (class org.apache.velocity.runtime.resource.ResourceManagerImpl)
2020-01-15 11:22:27,829 - Resource Loader Instantiated: org.apache.velocity.runtime.resource.loader.ClasspathResourceLoader
2020-01-15 11:22:27,829 - ClasspathResourceLoader : initialization starting.
2020-01-15 11:22:27,829 - ClasspathResourceLoader : initialization complete.
2020-01-15 11:22:27,834 - ResourceCache : initialized. (class org.apache.velocity.runtime.resource.ResourceCacheImpl)
2020-01-15 11:22:27,834 - Default ResourceManager initialization complete.
2020-01-15 11:22:27,835 - Loaded System Directive: org.apache.velocity.runtime.directive.Literal
2020-01-15 11:22:27,837 - Loaded System Directive: org.apache.velocity.runtime.directive.Macro
2020-01-15 11:22:27,839 - Loaded System Directive: org.apache.velocity.runtime.directive.Parse
2020-01-15 11:22:27,842 - Loaded System Directive: org.apache.velocity.runtime.directive.Include
2020-01-15 11:22:27,843 - Loaded System Directive: org.apache.velocity.runtime.directive.Foreach
2020-01-15 11:22:27,868 - Created: 20 parsers.
2020-01-15 11:22:27,877 - Velocimacro : initialization starting.
2020-01-15 11:22:27,877 - Velocimacro : adding VMs from VM library template : VM_global_library.vm
2020-01-15 11:22:27,881 - ResourceManager : unable to find resource 'VM_global_library.vm' in any resource loader.
2020-01-15 11:22:27,881 - Velocimacro : error using  VM library template VM_global_library.vm : org.apache.velocity.exception.ResourceNotFoundException: Unable to find resource 'VM_global_library.vm'
2020-01-15 11:22:27,881 - Velocimacro :  VM library template macro registration complete.
2020-01-15 11:22:27,881 - Velocimacro : allowInline = true : VMs can be defined inline in templates
2020-01-15 11:22:27,881 - Velocimacro : allowInlineToOverride = false : VMs defined inline may NOT replace previous VM definitions
2020-01-15 11:22:27,881 - Velocimacro : allowInlineLocal = false : VMs defined inline will be  global in scope if allowed.
2020-01-15 11:22:27,881 - Velocimacro : messages on  : VM system will output logging messages
2020-01-15 11:22:27,881 - Velocimacro : autoload off  : VM system will not automatically reload global library macros
2020-01-15 11:22:27,881 - Velocimacro : initialization complete.
2020-01-15 11:22:27,881 - Velocity successfully started.
2020-01-15 11:25:17,069 - SimpleLog4JLogSystem initialized using logfile 'velocity.log'
2020-01-15 11:25:17,069 - ************************************************************** 
2020-01-15 11:25:17,069 - Starting Jakarta Velocity v1.4
2020-01-15 11:25:17,069 - RuntimeInstance initializing.
2020-01-15 11:25:17,069 - Default Properties File: org\apache\velocity\runtime\defaults\velocity.properties
2020-01-15 11:25:17,069 - Trying to use logger class org.apache.velocity.runtime.log.SimpleLog4JLogSystem
2020-01-15 11:25:17,069 - Using logger class org.apache.velocity.runtime.log.SimpleLog4JLogSystem
2020-01-15 11:25:17,070 - Default ResourceManager initializing. (class org.apache.velocity.runtime.resource.ResourceManagerImpl)
2020-01-15 11:25:17,073 - Resource Loader Instantiated: org.apache.velocity.runtime.resource.loader.ClasspathResourceLoader
2020-01-15 11:25:17,073 - ClasspathResourceLoader : initialization starting.
2020-01-15 11:25:17,073 - ClasspathResourceLoader : initialization complete.
2020-01-15 11:25:17,073 - ResourceCache : initialized. (class org.apache.velocity.runtime.resource.ResourceCacheImpl)
2020-01-15 11:25:17,073 - Default ResourceManager initialization complete.
2020-01-15 11:25:17,077 - Loaded System Directive: org.apache.velocity.runtime.directive.Literal
2020-01-15 11:25:17,078 - Loaded System Directive: org.apache.velocity.runtime.directive.Macro
2020-01-15 11:25:17,079 - Loaded System Directive: org.apache.velocity.runtime.directive.Parse
2020-01-15 11:25:17,081 - Loaded System Directive: org.apache.velocity.runtime.directive.Include
2020-01-15 11:25:17,082 - Loaded System Directive: org.apache.velocity.runtime.directive.Foreach
2020-01-15 11:25:17,101 - Created: 20 parsers.
2020-01-15 11:25:17,102 - Velocimacro : initialization starting.
2020-01-15 11:25:17,102 - Velocimacro : adding VMs from VM library template : VM_global_library.vm
2020-01-15 11:25:17,102 - ResourceManager : unable to find resource 'VM_global_library.vm' in any resource loader.
2020-01-15 11:25:17,102 - Velocimacro : error using  VM library template VM_global_library.vm : org.apache.velocity.exception.ResourceNotFoundException: Unable to find resource 'VM_global_library.vm'
2020-01-15 11:25:17,102 - Velocimacro :  VM library template macro registration complete.
2020-01-15 11:25:17,102 - Velocimacro : allowInline = true : VMs can be defined inline in templates
2020-01-15 11:25:17,102 - Velocimacro : allowInlineToOverride = false : VMs defined inline may NOT replace previous VM definitions
2020-01-15 11:25:17,102 - Velocimacro : allowInlineLocal = false : VMs defined inline will be  global in scope if allowed.
2020-01-15 11:25:17,109 - Velocimacro : messages on  : VM system will output logging messages
2020-01-15 11:25:17,109 - Velocimacro : autoload off  : VM system will not automatically reload global library macros
2020-01-15 11:25:17,109 - Velocimacro : initialization complete.
2020-01-15 11:25:17,109 - Velocity successfully started.
2020-01-15 11:27:17,663 - SimpleLog4JLogSystem initialized using logfile 'velocity.log'
2020-01-15 11:27:17,663 - ************************************************************** 
2020-01-15 11:27:17,663 - Starting Jakarta Velocity v1.4
2020-01-15 11:27:17,663 - RuntimeInstance initializing.
2020-01-15 11:27:17,663 - Default Properties File: org\apache\velocity\runtime\defaults\velocity.properties
2020-01-15 11:27:17,663 - Trying to use logger class org.apache.velocity.runtime.log.SimpleLog4JLogSystem
2020-01-15 11:27:17,663 - Using logger class org.apache.velocity.runtime.log.SimpleLog4JLogSystem
2020-01-15 11:27:17,665 - Default ResourceManager initializing. (class org.apache.velocity.runtime.resource.ResourceManagerImpl)
2020-01-15 11:27:17,668 - Resource Loader Instantiated: org.apache.velocity.runtime.resource.loader.ClasspathResourceLoader
2020-01-15 11:27:17,668 - ClasspathResourceLoader : initialization starting.
2020-01-15 11:27:17,668 - ClasspathResourceLoader : initialization complete.
2020-01-15 11:27:17,670 - ResourceCache : initialized. (class org.apache.velocity.runtime.resource.ResourceCacheImpl)
2020-01-15 11:27:17,670 - Default ResourceManager initialization complete.
2020-01-15 11:27:17,672 - Loaded System Directive: org.apache.velocity.runtime.directive.Literal
2020-01-15 11:27:17,672 - Loaded System Directive: org.apache.velocity.runtime.directive.Macro
2020-01-15 11:27:17,676 - Loaded System Directive: org.apache.velocity.runtime.directive.Parse
2020-01-15 11:27:17,676 - Loaded System Directive: org.apache.velocity.runtime.directive.Include
2020-01-15 11:27:17,678 - Loaded System Directive: org.apache.velocity.runtime.directive.Foreach
2020-01-15 11:27:17,704 - Created: 20 parsers.
2020-01-15 11:27:17,709 - Velocimacro : initialization starting.
2020-01-15 11:27:17,709 - Velocimacro : adding VMs from VM library template : VM_global_library.vm
2020-01-15 11:27:17,713 - ResourceManager : unable to find resource 'VM_global_library.vm' in any resource loader.
2020-01-15 11:27:17,713 - Velocimacro : error using  VM library template VM_global_library.vm : org.apache.velocity.exception.ResourceNotFoundException: Unable to find resource 'VM_global_library.vm'
2020-01-15 11:27:17,713 - Velocimacro :  VM library template macro registration complete.
2020-01-15 11:27:17,714 - Velocimacro : allowInline = true : VMs can be defined inline in templates
2020-01-15 11:27:17,714 - Velocimacro : allowInlineToOverride = false : VMs defined inline may NOT replace previous VM definitions
2020-01-15 11:27:17,714 - Velocimacro : allowInlineLocal = false : VMs defined inline will be  global in scope if allowed.
2020-01-15 11:27:17,714 - Velocimacro : messages on  : VM system will output logging messages
2020-01-15 11:27:17,714 - Velocimacro : autoload off  : VM system will not automatically reload global library macros
2020-01-15 11:27:17,714 - Velocimacro : initialization complete.
2020-01-15 11:27:17,714 - Velocity successfully started.
2020-01-15 11:31:10,892 - SimpleLog4JLogSystem initialized using logfile 'velocity.log'
2020-01-15 11:31:10,892 - ************************************************************** 
2020-01-15 11:31:10,892 - Starting Jakarta Velocity v1.4
2020-01-15 11:31:10,892 - RuntimeInstance initializing.
2020-01-15 11:31:10,892 - Default Properties File: org\apache\velocity\runtime\defaults\velocity.properties
2020-01-15 11:31:10,892 - Trying to use logger class org.apache.velocity.runtime.log.SimpleLog4JLogSystem
2020-01-15 11:31:10,892 - Using logger class org.apache.velocity.runtime.log.SimpleLog4JLogSystem
2020-01-15 11:31:10,893 - Default ResourceManager initializing. (class org.apache.velocity.runtime.resource.ResourceManagerImpl)
2020-01-15 11:31:10,893 - Resource Loader Instantiated: org.apache.velocity.runtime.resource.loader.ClasspathResourceLoader
2020-01-15 11:31:10,893 - ClasspathResourceLoader : initialization starting.
2020-01-15 11:31:10,893 - ClasspathResourceLoader : initialization complete.
2020-01-15 11:31:10,898 - ResourceCache : initialized. (class org.apache.velocity.runtime.resource.ResourceCacheImpl)
2020-01-15 11:31:10,898 - Default ResourceManager initialization complete.
2020-01-15 11:31:10,899 - Loaded System Directive: org.apache.velocity.runtime.directive.Literal
2020-01-15 11:31:10,899 - Loaded System Directive: org.apache.velocity.runtime.directive.Macro
2020-01-15 11:31:10,903 - Loaded System Directive: org.apache.velocity.runtime.directive.Parse
2020-01-15 11:31:10,904 - Loaded System Directive: org.apache.velocity.runtime.directive.Include
2020-01-15 11:31:10,905 - Loaded System Directive: org.apache.velocity.runtime.directive.Foreach
2020-01-15 11:31:10,933 - Created: 20 parsers.
2020-01-15 11:31:10,941 - Velocimacro : initialization starting.
2020-01-15 11:31:10,941 - Velocimacro : adding VMs from VM library template : VM_global_library.vm
2020-01-15 11:31:10,942 - ResourceManager : unable to find resource 'VM_global_library.vm' in any resource loader.
2020-01-15 11:31:10,942 - Velocimacro : error using  VM library template VM_global_library.vm : org.apache.velocity.exception.ResourceNotFoundException: Unable to find resource 'VM_global_library.vm'
2020-01-15 11:31:10,942 - Velocimacro :  VM library template macro registration complete.
2020-01-15 11:31:10,942 - Velocimacro : allowInline = true : VMs can be defined inline in templates
2020-01-15 11:31:10,942 - Velocimacro : allowInlineToOverride = false : VMs defined inline may NOT replace previous VM definitions
2020-01-15 11:31:10,942 - Velocimacro : allowInlineLocal = false : VMs defined inline will be  global in scope if allowed.
2020-01-15 11:31:10,942 - Velocimacro : messages on  : VM system will output logging messages
2020-01-15 11:31:10,942 - Velocimacro : autoload off  : VM system will not automatically reload global library macros
2020-01-15 11:31:10,942 - Velocimacro : initialization complete.
2020-01-15 11:31:10,942 - Velocity successfully started.
2020-01-15 11:58:50,714 - SimpleLog4JLogSystem initialized using logfile 'velocity.log'
2020-01-15 11:58:50,715 - ************************************************************** 
2020-01-15 11:58:50,715 - Starting Jakarta Velocity v1.4
2020-01-15 11:58:50,715 - RuntimeInstance initializing.
2020-01-15 11:58:50,716 - Default Properties File: org\apache\velocity\runtime\defaults\velocity.properties
2020-01-15 11:58:50,716 - Trying to use logger class org.apache.velocity.runtime.log.SimpleLog4JLogSystem
2020-01-15 11:58:50,716 - Using logger class org.apache.velocity.runtime.log.SimpleLog4JLogSystem
2020-01-15 11:58:50,718 - Default ResourceManager initializing. (class org.apache.velocity.runtime.resource.ResourceManagerImpl)
2020-01-15 11:58:50,720 - Resource Loader Instantiated: org.apache.velocity.runtime.resource.loader.ClasspathResourceLoader
2020-01-15 11:58:50,721 - ClasspathResourceLoader : initialization starting.
2020-01-15 11:58:50,721 - ClasspathResourceLoader : initialization complete.
2020-01-15 11:58:50,722 - ResourceCache : initialized. (class org.apache.velocity.runtime.resource.ResourceCacheImpl)
2020-01-15 11:58:50,722 - Default ResourceManager initialization complete.
2020-01-15 11:58:50,724 - Loaded System Directive: org.apache.velocity.runtime.directive.Literal
2020-01-15 11:58:50,724 - Loaded System Directive: org.apache.velocity.runtime.directive.Macro
2020-01-15 11:58:50,728 - Loaded System Directive: org.apache.velocity.runtime.directive.Parse
2020-01-15 11:58:50,729 - Loaded System Directive: org.apache.velocity.runtime.directive.Include
2020-01-15 11:58:50,730 - Loaded System Directive: org.apache.velocity.runtime.directive.Foreach
2020-01-15 11:58:50,754 - Created: 20 parsers.
2020-01-15 11:58:50,761 - Velocimacro : initialization starting.
2020-01-15 11:58:50,762 - Velocimacro : adding VMs from VM library template : VM_global_library.vm
2020-01-15 11:58:50,762 - ResourceManager : unable to find resource 'VM_global_library.vm' in any resource loader.
2020-01-15 11:58:50,762 - Velocimacro : error using  VM library template VM_global_library.vm : org.apache.velocity.exception.ResourceNotFoundException: Unable to find resource 'VM_global_library.vm'
2020-01-15 11:58:50,762 - Velocimacro :  VM library template macro registration complete.
2020-01-15 11:58:50,762 - Velocimacro : allowInline = true : VMs can be defined inline in templates
2020-01-15 11:58:50,762 - Velocimacro : allowInlineToOverride = false : VMs defined inline may NOT replace previous VM definitions
2020-01-15 11:58:50,766 - Velocimacro : allowInlineLocal = false : VMs defined inline will be  global in scope if allowed.
2020-01-15 11:58:50,766 - Velocimacro : messages on  : VM system will output logging messages
2020-01-15 11:58:50,766 - Velocimacro : autoload off  : VM system will not automatically reload global library macros
2020-01-15 11:58:50,766 - Velocimacro : initialization complete.
2020-01-15 11:58:50,766 - Velocity successfully started.
